[2025-10-03T12:31:50.553+0000] {processor.py:161} INFO - Started process (PID=2646) to work on /opt/airflow/dags/dag_three.py
[2025-10-03T12:31:50.555+0000] {processor.py:830} INFO - Processing file /opt/airflow/dags/dag_three.py for tasks to queue
[2025-10-03T12:31:50.556+0000] {logging_mixin.py:188} INFO - [2025-10-03T12:31:50.556+0000] {dagbag.py:545} INFO - Filling up the DagBag from /opt/airflow/dags/dag_three.py
[2025-10-03T12:31:50.584+0000] {processor.py:840} INFO - DAG(s) 'dag_three' retrieved from /opt/airflow/dags/dag_three.py
[2025-10-03T12:31:50.694+0000] {logging_mixin.py:188} INFO - [2025-10-03T12:31:50.693+0000] {override.py:1829} INFO - Created Permission View: can read on DAG:dag_three
[2025-10-03T12:31:50.708+0000] {logging_mixin.py:188} INFO - [2025-10-03T12:31:50.707+0000] {override.py:1829} INFO - Created Permission View: can delete on DAG:dag_three
[2025-10-03T12:31:50.720+0000] {logging_mixin.py:188} INFO - [2025-10-03T12:31:50.720+0000] {override.py:1829} INFO - Created Permission View: can edit on DAG:dag_three
[2025-10-03T12:31:50.721+0000] {logging_mixin.py:188} INFO - [2025-10-03T12:31:50.721+0000] {dag.py:3096} INFO - Sync 1 DAGs
[2025-10-03T12:31:50.732+0000] {logging_mixin.py:188} INFO - [2025-10-03T12:31:50.732+0000] {dag.py:3118} INFO - Creating ORM DAG for dag_three
[2025-10-03T12:31:50.747+0000] {logging_mixin.py:188} INFO - [2025-10-03T12:31:50.747+0000] {dag.py:3954} INFO - Setting next_dagrun for dag_three to 2025-10-03 12:30:00+00:00, run_after=2025-10-03 12:31:00+00:00
[2025-10-03T12:31:50.778+0000] {processor.py:183} INFO - Processing /opt/airflow/dags/dag_three.py took 0.231 seconds
[2025-10-03T12:32:21.745+0000] {processor.py:161} INFO - Started process (PID=2706) to work on /opt/airflow/dags/dag_three.py
[2025-10-03T12:32:21.747+0000] {processor.py:830} INFO - Processing file /opt/airflow/dags/dag_three.py for tasks to queue
[2025-10-03T12:32:21.749+0000] {logging_mixin.py:188} INFO - [2025-10-03T12:32:21.748+0000] {dagbag.py:545} INFO - Filling up the DagBag from /opt/airflow/dags/dag_three.py
[2025-10-03T12:32:21.776+0000] {processor.py:840} INFO - DAG(s) 'dag_three' retrieved from /opt/airflow/dags/dag_three.py
[2025-10-03T12:32:21.819+0000] {logging_mixin.py:188} INFO - [2025-10-03T12:32:21.819+0000] {dag.py:3096} INFO - Sync 1 DAGs
[2025-10-03T12:32:21.859+0000] {logging_mixin.py:188} INFO - [2025-10-03T12:32:21.858+0000] {dag.py:3954} INFO - Setting next_dagrun for dag_three to 2025-10-03 12:32:00+00:00, run_after=2025-10-03 12:33:00+00:00
[2025-10-03T12:32:21.902+0000] {processor.py:183} INFO - Processing /opt/airflow/dags/dag_three.py took 0.171 seconds
[2025-10-03T12:32:52.627+0000] {processor.py:161} INFO - Started process (PID=2761) to work on /opt/airflow/dags/dag_three.py
[2025-10-03T12:32:52.628+0000] {processor.py:830} INFO - Processing file /opt/airflow/dags/dag_three.py for tasks to queue
[2025-10-03T12:32:52.629+0000] {logging_mixin.py:188} INFO - [2025-10-03T12:32:52.629+0000] {dagbag.py:545} INFO - Filling up the DagBag from /opt/airflow/dags/dag_three.py
[2025-10-03T12:32:52.641+0000] {processor.py:840} INFO - DAG(s) 'dag_three' retrieved from /opt/airflow/dags/dag_three.py
[2025-10-03T12:32:52.658+0000] {logging_mixin.py:188} INFO - [2025-10-03T12:32:52.658+0000] {dag.py:3096} INFO - Sync 1 DAGs
[2025-10-03T12:32:52.679+0000] {logging_mixin.py:188} INFO - [2025-10-03T12:32:52.679+0000] {dag.py:3954} INFO - Setting next_dagrun for dag_three to 2025-10-03 12:32:00+00:00, run_after=2025-10-03 12:33:00+00:00
[2025-10-03T12:32:52.707+0000] {processor.py:183} INFO - Processing /opt/airflow/dags/dag_three.py took 0.086 seconds
[2025-10-03T12:33:23.145+0000] {processor.py:161} INFO - Started process (PID=2821) to work on /opt/airflow/dags/dag_three.py
[2025-10-03T12:33:23.146+0000] {processor.py:830} INFO - Processing file /opt/airflow/dags/dag_three.py for tasks to queue
[2025-10-03T12:33:23.147+0000] {logging_mixin.py:188} INFO - [2025-10-03T12:33:23.147+0000] {dagbag.py:545} INFO - Filling up the DagBag from /opt/airflow/dags/dag_three.py
[2025-10-03T12:33:23.161+0000] {processor.py:840} INFO - DAG(s) 'dag_three' retrieved from /opt/airflow/dags/dag_three.py
[2025-10-03T12:33:23.181+0000] {logging_mixin.py:188} INFO - [2025-10-03T12:33:23.181+0000] {dag.py:3096} INFO - Sync 1 DAGs
[2025-10-03T12:33:23.204+0000] {logging_mixin.py:188} INFO - [2025-10-03T12:33:23.204+0000] {dag.py:3954} INFO - Setting next_dagrun for dag_three to 2025-10-03 12:33:00+00:00, run_after=2025-10-03 12:34:00+00:00
[2025-10-03T12:33:23.236+0000] {processor.py:183} INFO - Processing /opt/airflow/dags/dag_three.py took 0.098 seconds
[2025-10-03T12:33:53.342+0000] {processor.py:161} INFO - Started process (PID=2876) to work on /opt/airflow/dags/dag_three.py
[2025-10-03T12:33:53.343+0000] {processor.py:830} INFO - Processing file /opt/airflow/dags/dag_three.py for tasks to queue
[2025-10-03T12:33:53.344+0000] {logging_mixin.py:188} INFO - [2025-10-03T12:33:53.344+0000] {dagbag.py:545} INFO - Filling up the DagBag from /opt/airflow/dags/dag_three.py
[2025-10-03T12:33:53.361+0000] {processor.py:840} INFO - DAG(s) 'dag_three' retrieved from /opt/airflow/dags/dag_three.py
[2025-10-03T12:33:53.382+0000] {logging_mixin.py:188} INFO - [2025-10-03T12:33:53.382+0000] {dag.py:3096} INFO - Sync 1 DAGs
[2025-10-03T12:33:53.408+0000] {logging_mixin.py:188} INFO - [2025-10-03T12:33:53.408+0000] {dag.py:3954} INFO - Setting next_dagrun for dag_three to 2025-10-03 12:33:00+00:00, run_after=2025-10-03 12:34:00+00:00
[2025-10-03T12:33:53.438+0000] {processor.py:183} INFO - Processing /opt/airflow/dags/dag_three.py took 0.103 seconds
[2025-10-03T12:34:24.014+0000] {processor.py:161} INFO - Started process (PID=2936) to work on /opt/airflow/dags/dag_three.py
[2025-10-03T12:34:24.015+0000] {processor.py:830} INFO - Processing file /opt/airflow/dags/dag_three.py for tasks to queue
[2025-10-03T12:34:24.016+0000] {logging_mixin.py:188} INFO - [2025-10-03T12:34:24.015+0000] {dagbag.py:545} INFO - Filling up the DagBag from /opt/airflow/dags/dag_three.py
[2025-10-03T12:34:24.032+0000] {processor.py:840} INFO - DAG(s) 'dag_three' retrieved from /opt/airflow/dags/dag_three.py
[2025-10-03T12:34:24.053+0000] {logging_mixin.py:188} INFO - [2025-10-03T12:34:24.053+0000] {dag.py:3096} INFO - Sync 1 DAGs
[2025-10-03T12:34:24.078+0000] {logging_mixin.py:188} INFO - [2025-10-03T12:34:24.077+0000] {dag.py:3954} INFO - Setting next_dagrun for dag_three to 2025-10-03 12:34:00+00:00, run_after=2025-10-03 12:35:00+00:00
[2025-10-03T12:34:24.105+0000] {processor.py:183} INFO - Processing /opt/airflow/dags/dag_three.py took 0.098 seconds
[2025-10-03T12:34:54.266+0000] {processor.py:161} INFO - Started process (PID=2991) to work on /opt/airflow/dags/dag_three.py
[2025-10-03T12:34:54.267+0000] {processor.py:830} INFO - Processing file /opt/airflow/dags/dag_three.py for tasks to queue
[2025-10-03T12:34:54.268+0000] {logging_mixin.py:188} INFO - [2025-10-03T12:34:54.268+0000] {dagbag.py:545} INFO - Filling up the DagBag from /opt/airflow/dags/dag_three.py
[2025-10-03T12:34:54.283+0000] {processor.py:840} INFO - DAG(s) 'dag_three' retrieved from /opt/airflow/dags/dag_three.py
[2025-10-03T12:34:54.301+0000] {logging_mixin.py:188} INFO - [2025-10-03T12:34:54.301+0000] {dag.py:3096} INFO - Sync 1 DAGs
[2025-10-03T12:34:54.322+0000] {logging_mixin.py:188} INFO - [2025-10-03T12:34:54.322+0000] {dag.py:3954} INFO - Setting next_dagrun for dag_three to 2025-10-03 12:34:00+00:00, run_after=2025-10-03 12:35:00+00:00
[2025-10-03T12:34:54.349+0000] {processor.py:183} INFO - Processing /opt/airflow/dags/dag_three.py took 0.089 seconds
[2025-10-03T12:35:24.619+0000] {processor.py:161} INFO - Started process (PID=3051) to work on /opt/airflow/dags/dag_three.py
[2025-10-03T12:35:24.621+0000] {processor.py:830} INFO - Processing file /opt/airflow/dags/dag_three.py for tasks to queue
[2025-10-03T12:35:24.622+0000] {logging_mixin.py:188} INFO - [2025-10-03T12:35:24.621+0000] {dagbag.py:545} INFO - Filling up the DagBag from /opt/airflow/dags/dag_three.py
[2025-10-03T12:35:24.632+0000] {processor.py:840} INFO - DAG(s) 'dag_three' retrieved from /opt/airflow/dags/dag_three.py
[2025-10-03T12:35:24.651+0000] {logging_mixin.py:188} INFO - [2025-10-03T12:35:24.651+0000] {dag.py:3096} INFO - Sync 1 DAGs
[2025-10-03T12:35:24.673+0000] {logging_mixin.py:188} INFO - [2025-10-03T12:35:24.673+0000] {dag.py:3954} INFO - Setting next_dagrun for dag_three to 2025-10-03 12:35:00+00:00, run_after=2025-10-03 12:36:00+00:00
[2025-10-03T12:35:24.702+0000] {processor.py:183} INFO - Processing /opt/airflow/dags/dag_three.py took 0.089 seconds
[2025-10-03T12:35:54.862+0000] {processor.py:161} INFO - Started process (PID=3106) to work on /opt/airflow/dags/dag_three.py
[2025-10-03T12:35:54.863+0000] {processor.py:830} INFO - Processing file /opt/airflow/dags/dag_three.py for tasks to queue
[2025-10-03T12:35:54.864+0000] {logging_mixin.py:188} INFO - [2025-10-03T12:35:54.863+0000] {dagbag.py:545} INFO - Filling up the DagBag from /opt/airflow/dags/dag_three.py
[2025-10-03T12:35:54.877+0000] {processor.py:840} INFO - DAG(s) 'dag_three' retrieved from /opt/airflow/dags/dag_three.py
[2025-10-03T12:35:54.898+0000] {logging_mixin.py:188} INFO - [2025-10-03T12:35:54.897+0000] {dag.py:3096} INFO - Sync 1 DAGs
[2025-10-03T12:35:54.921+0000] {logging_mixin.py:188} INFO - [2025-10-03T12:35:54.921+0000] {dag.py:3954} INFO - Setting next_dagrun for dag_three to 2025-10-03 12:35:00+00:00, run_after=2025-10-03 12:36:00+00:00
[2025-10-03T12:35:54.948+0000] {processor.py:183} INFO - Processing /opt/airflow/dags/dag_three.py took 0.093 seconds
[2025-10-03T12:36:25.232+0000] {processor.py:161} INFO - Started process (PID=3166) to work on /opt/airflow/dags/dag_three.py
[2025-10-03T12:36:25.233+0000] {processor.py:830} INFO - Processing file /opt/airflow/dags/dag_three.py for tasks to queue
[2025-10-03T12:36:25.235+0000] {logging_mixin.py:188} INFO - [2025-10-03T12:36:25.234+0000] {dagbag.py:545} INFO - Filling up the DagBag from /opt/airflow/dags/dag_three.py
[2025-10-03T12:36:25.257+0000] {processor.py:840} INFO - DAG(s) 'dag_three' retrieved from /opt/airflow/dags/dag_three.py
[2025-10-03T12:36:25.276+0000] {logging_mixin.py:188} INFO - [2025-10-03T12:36:25.275+0000] {dag.py:3096} INFO - Sync 1 DAGs
[2025-10-03T12:36:25.294+0000] {logging_mixin.py:188} INFO - [2025-10-03T12:36:25.294+0000] {dag.py:3954} INFO - Setting next_dagrun for dag_three to 2025-10-03 12:36:00+00:00, run_after=2025-10-03 12:37:00+00:00
[2025-10-03T12:36:25.320+0000] {processor.py:183} INFO - Processing /opt/airflow/dags/dag_three.py took 0.093 seconds
[2025-10-03T12:36:55.893+0000] {processor.py:161} INFO - Started process (PID=3221) to work on /opt/airflow/dags/dag_three.py
[2025-10-03T12:36:55.894+0000] {processor.py:830} INFO - Processing file /opt/airflow/dags/dag_three.py for tasks to queue
[2025-10-03T12:36:55.895+0000] {logging_mixin.py:188} INFO - [2025-10-03T12:36:55.895+0000] {dagbag.py:545} INFO - Filling up the DagBag from /opt/airflow/dags/dag_three.py
[2025-10-03T12:36:55.906+0000] {processor.py:840} INFO - DAG(s) 'dag_three' retrieved from /opt/airflow/dags/dag_three.py
[2025-10-03T12:36:55.923+0000] {logging_mixin.py:188} INFO - [2025-10-03T12:36:55.923+0000] {dag.py:3096} INFO - Sync 1 DAGs
[2025-10-03T12:36:55.943+0000] {logging_mixin.py:188} INFO - [2025-10-03T12:36:55.943+0000] {dag.py:3954} INFO - Setting next_dagrun for dag_three to 2025-10-03 12:36:00+00:00, run_after=2025-10-03 12:37:00+00:00
[2025-10-03T12:36:55.971+0000] {processor.py:183} INFO - Processing /opt/airflow/dags/dag_three.py took 0.083 seconds
[2025-10-03T12:37:26.272+0000] {processor.py:161} INFO - Started process (PID=3281) to work on /opt/airflow/dags/dag_three.py
[2025-10-03T12:37:26.273+0000] {processor.py:830} INFO - Processing file /opt/airflow/dags/dag_three.py for tasks to queue
[2025-10-03T12:37:26.274+0000] {logging_mixin.py:188} INFO - [2025-10-03T12:37:26.273+0000] {dagbag.py:545} INFO - Filling up the DagBag from /opt/airflow/dags/dag_three.py
[2025-10-03T12:37:26.286+0000] {processor.py:840} INFO - DAG(s) 'dag_three' retrieved from /opt/airflow/dags/dag_three.py
[2025-10-03T12:37:26.304+0000] {logging_mixin.py:188} INFO - [2025-10-03T12:37:26.304+0000] {dag.py:3096} INFO - Sync 1 DAGs
[2025-10-03T12:37:26.324+0000] {logging_mixin.py:188} INFO - [2025-10-03T12:37:26.323+0000] {dag.py:3954} INFO - Setting next_dagrun for dag_three to 2025-10-03 12:37:00+00:00, run_after=2025-10-03 12:38:00+00:00
[2025-10-03T12:37:26.350+0000] {processor.py:183} INFO - Processing /opt/airflow/dags/dag_three.py took 0.086 seconds
[2025-10-03T12:37:57.031+0000] {processor.py:161} INFO - Started process (PID=3336) to work on /opt/airflow/dags/dag_three.py
[2025-10-03T12:37:57.033+0000] {processor.py:830} INFO - Processing file /opt/airflow/dags/dag_three.py for tasks to queue
[2025-10-03T12:37:57.034+0000] {logging_mixin.py:188} INFO - [2025-10-03T12:37:57.033+0000] {dagbag.py:545} INFO - Filling up the DagBag from /opt/airflow/dags/dag_three.py
[2025-10-03T12:37:57.046+0000] {processor.py:840} INFO - DAG(s) 'dag_three' retrieved from /opt/airflow/dags/dag_three.py
[2025-10-03T12:37:57.067+0000] {logging_mixin.py:188} INFO - [2025-10-03T12:37:57.067+0000] {dag.py:3096} INFO - Sync 1 DAGs
[2025-10-03T12:37:57.088+0000] {logging_mixin.py:188} INFO - [2025-10-03T12:37:57.088+0000] {dag.py:3954} INFO - Setting next_dagrun for dag_three to 2025-10-03 12:37:00+00:00, run_after=2025-10-03 12:38:00+00:00
[2025-10-03T12:37:57.117+0000] {processor.py:183} INFO - Processing /opt/airflow/dags/dag_three.py took 0.092 seconds
[2025-10-03T12:38:27.250+0000] {processor.py:161} INFO - Started process (PID=3396) to work on /opt/airflow/dags/dag_three.py
[2025-10-03T12:38:27.251+0000] {processor.py:830} INFO - Processing file /opt/airflow/dags/dag_three.py for tasks to queue
[2025-10-03T12:38:27.252+0000] {logging_mixin.py:188} INFO - [2025-10-03T12:38:27.252+0000] {dagbag.py:545} INFO - Filling up the DagBag from /opt/airflow/dags/dag_three.py
[2025-10-03T12:38:27.264+0000] {processor.py:840} INFO - DAG(s) 'dag_three' retrieved from /opt/airflow/dags/dag_three.py
[2025-10-03T12:38:27.282+0000] {logging_mixin.py:188} INFO - [2025-10-03T12:38:27.281+0000] {dag.py:3096} INFO - Sync 1 DAGs
[2025-10-03T12:38:27.306+0000] {logging_mixin.py:188} INFO - [2025-10-03T12:38:27.306+0000] {dag.py:3954} INFO - Setting next_dagrun for dag_three to 2025-10-03 12:38:00+00:00, run_after=2025-10-03 12:39:00+00:00
[2025-10-03T12:38:27.333+0000] {processor.py:183} INFO - Processing /opt/airflow/dags/dag_three.py took 0.090 seconds
[2025-10-03T12:38:57.797+0000] {processor.py:161} INFO - Started process (PID=3451) to work on /opt/airflow/dags/dag_three.py
[2025-10-03T12:38:57.798+0000] {processor.py:830} INFO - Processing file /opt/airflow/dags/dag_three.py for tasks to queue
[2025-10-03T12:38:57.799+0000] {logging_mixin.py:188} INFO - [2025-10-03T12:38:57.799+0000] {dagbag.py:545} INFO - Filling up the DagBag from /opt/airflow/dags/dag_three.py
[2025-10-03T12:38:57.814+0000] {processor.py:840} INFO - DAG(s) 'dag_three' retrieved from /opt/airflow/dags/dag_three.py
[2025-10-03T12:38:57.836+0000] {logging_mixin.py:188} INFO - [2025-10-03T12:38:57.836+0000] {dag.py:3096} INFO - Sync 1 DAGs
[2025-10-03T12:38:57.863+0000] {logging_mixin.py:188} INFO - [2025-10-03T12:38:57.862+0000] {dag.py:3954} INFO - Setting next_dagrun for dag_three to 2025-10-03 12:38:00+00:00, run_after=2025-10-03 12:39:00+00:00
[2025-10-03T12:38:57.892+0000] {processor.py:183} INFO - Processing /opt/airflow/dags/dag_three.py took 0.103 seconds
[2025-10-03T12:39:28.093+0000] {processor.py:161} INFO - Started process (PID=3511) to work on /opt/airflow/dags/dag_three.py
[2025-10-03T12:39:28.094+0000] {processor.py:830} INFO - Processing file /opt/airflow/dags/dag_three.py for tasks to queue
[2025-10-03T12:39:28.095+0000] {logging_mixin.py:188} INFO - [2025-10-03T12:39:28.094+0000] {dagbag.py:545} INFO - Filling up the DagBag from /opt/airflow/dags/dag_three.py
[2025-10-03T12:39:28.106+0000] {processor.py:840} INFO - DAG(s) 'dag_three' retrieved from /opt/airflow/dags/dag_three.py
[2025-10-03T12:39:28.126+0000] {logging_mixin.py:188} INFO - [2025-10-03T12:39:28.126+0000] {dag.py:3096} INFO - Sync 1 DAGs
[2025-10-03T12:39:28.151+0000] {logging_mixin.py:188} INFO - [2025-10-03T12:39:28.151+0000] {dag.py:3954} INFO - Setting next_dagrun for dag_three to 2025-10-03 12:39:00+00:00, run_after=2025-10-03 12:40:00+00:00
[2025-10-03T12:39:28.176+0000] {processor.py:183} INFO - Processing /opt/airflow/dags/dag_three.py took 0.089 seconds
[2025-10-03T12:39:59.079+0000] {processor.py:161} INFO - Started process (PID=3566) to work on /opt/airflow/dags/dag_three.py
[2025-10-03T12:39:59.080+0000] {processor.py:830} INFO - Processing file /opt/airflow/dags/dag_three.py for tasks to queue
[2025-10-03T12:39:59.081+0000] {logging_mixin.py:188} INFO - [2025-10-03T12:39:59.081+0000] {dagbag.py:545} INFO - Filling up the DagBag from /opt/airflow/dags/dag_three.py
[2025-10-03T12:39:59.098+0000] {processor.py:840} INFO - DAG(s) 'dag_three' retrieved from /opt/airflow/dags/dag_three.py
[2025-10-03T12:39:59.119+0000] {logging_mixin.py:188} INFO - [2025-10-03T12:39:59.118+0000] {dag.py:3096} INFO - Sync 1 DAGs
[2025-10-03T12:39:59.144+0000] {logging_mixin.py:188} INFO - [2025-10-03T12:39:59.144+0000] {dag.py:3954} INFO - Setting next_dagrun for dag_three to 2025-10-03 12:39:00+00:00, run_after=2025-10-03 12:40:00+00:00
[2025-10-03T12:39:59.170+0000] {processor.py:183} INFO - Processing /opt/airflow/dags/dag_three.py took 0.097 seconds
[2025-10-03T12:40:29.234+0000] {processor.py:161} INFO - Started process (PID=3626) to work on /opt/airflow/dags/dag_three.py
[2025-10-03T12:40:29.235+0000] {processor.py:830} INFO - Processing file /opt/airflow/dags/dag_three.py for tasks to queue
[2025-10-03T12:40:29.236+0000] {logging_mixin.py:188} INFO - [2025-10-03T12:40:29.236+0000] {dagbag.py:545} INFO - Filling up the DagBag from /opt/airflow/dags/dag_three.py
[2025-10-03T12:40:29.252+0000] {processor.py:840} INFO - DAG(s) 'dag_three' retrieved from /opt/airflow/dags/dag_three.py
[2025-10-03T12:40:29.273+0000] {logging_mixin.py:188} INFO - [2025-10-03T12:40:29.273+0000] {dag.py:3096} INFO - Sync 1 DAGs
[2025-10-03T12:40:29.297+0000] {logging_mixin.py:188} INFO - [2025-10-03T12:40:29.297+0000] {dag.py:3954} INFO - Setting next_dagrun for dag_three to 2025-10-03 12:40:00+00:00, run_after=2025-10-03 12:41:00+00:00
[2025-10-03T12:40:29.324+0000] {processor.py:183} INFO - Processing /opt/airflow/dags/dag_three.py took 0.098 seconds
[2025-10-03T12:40:59.746+0000] {processor.py:161} INFO - Started process (PID=3681) to work on /opt/airflow/dags/dag_three.py
[2025-10-03T12:40:59.747+0000] {processor.py:830} INFO - Processing file /opt/airflow/dags/dag_three.py for tasks to queue
[2025-10-03T12:40:59.748+0000] {logging_mixin.py:188} INFO - [2025-10-03T12:40:59.747+0000] {dagbag.py:545} INFO - Filling up the DagBag from /opt/airflow/dags/dag_three.py
[2025-10-03T12:40:59.761+0000] {processor.py:840} INFO - DAG(s) 'dag_three' retrieved from /opt/airflow/dags/dag_three.py
[2025-10-03T12:40:59.782+0000] {logging_mixin.py:188} INFO - [2025-10-03T12:40:59.782+0000] {dag.py:3096} INFO - Sync 1 DAGs
[2025-10-03T12:40:59.808+0000] {logging_mixin.py:188} INFO - [2025-10-03T12:40:59.808+0000] {dag.py:3954} INFO - Setting next_dagrun for dag_three to 2025-10-03 12:40:00+00:00, run_after=2025-10-03 12:41:00+00:00
[2025-10-03T12:40:59.838+0000] {processor.py:183} INFO - Processing /opt/airflow/dags/dag_three.py took 0.097 seconds
[2025-10-03T12:41:30.435+0000] {processor.py:161} INFO - Started process (PID=3741) to work on /opt/airflow/dags/dag_three.py
[2025-10-03T12:41:30.436+0000] {processor.py:830} INFO - Processing file /opt/airflow/dags/dag_three.py for tasks to queue
[2025-10-03T12:41:30.437+0000] {logging_mixin.py:188} INFO - [2025-10-03T12:41:30.437+0000] {dagbag.py:545} INFO - Filling up the DagBag from /opt/airflow/dags/dag_three.py
[2025-10-03T12:41:30.454+0000] {processor.py:840} INFO - DAG(s) 'dag_three' retrieved from /opt/airflow/dags/dag_three.py
[2025-10-03T12:41:30.474+0000] {logging_mixin.py:188} INFO - [2025-10-03T12:41:30.473+0000] {dag.py:3096} INFO - Sync 1 DAGs
[2025-10-03T12:41:30.496+0000] {logging_mixin.py:188} INFO - [2025-10-03T12:41:30.496+0000] {dag.py:3954} INFO - Setting next_dagrun for dag_three to 2025-10-03 12:41:00+00:00, run_after=2025-10-03 12:42:00+00:00
[2025-10-03T12:41:30.526+0000] {processor.py:183} INFO - Processing /opt/airflow/dags/dag_three.py took 0.097 seconds
[2025-10-03T12:42:01.103+0000] {processor.py:161} INFO - Started process (PID=3796) to work on /opt/airflow/dags/dag_three.py
[2025-10-03T12:42:01.105+0000] {processor.py:830} INFO - Processing file /opt/airflow/dags/dag_three.py for tasks to queue
[2025-10-03T12:42:01.106+0000] {logging_mixin.py:188} INFO - [2025-10-03T12:42:01.106+0000] {dagbag.py:545} INFO - Filling up the DagBag from /opt/airflow/dags/dag_three.py
[2025-10-03T12:42:01.128+0000] {processor.py:840} INFO - DAG(s) 'dag_three' retrieved from /opt/airflow/dags/dag_three.py
[2025-10-03T12:42:01.163+0000] {logging_mixin.py:188} INFO - [2025-10-03T12:42:01.162+0000] {dag.py:3096} INFO - Sync 1 DAGs
[2025-10-03T12:42:01.218+0000] {logging_mixin.py:188} INFO - [2025-10-03T12:42:01.218+0000] {dag.py:3954} INFO - Setting next_dagrun for dag_three to 2025-10-03 12:42:00+00:00, run_after=2025-10-03 12:43:00+00:00
[2025-10-03T12:42:01.274+0000] {processor.py:183} INFO - Processing /opt/airflow/dags/dag_three.py took 0.176 seconds
[2025-10-03T12:42:32.328+0000] {processor.py:161} INFO - Started process (PID=3856) to work on /opt/airflow/dags/dag_three.py
[2025-10-03T12:42:32.330+0000] {processor.py:830} INFO - Processing file /opt/airflow/dags/dag_three.py for tasks to queue
[2025-10-03T12:42:32.332+0000] {logging_mixin.py:188} INFO - [2025-10-03T12:42:32.331+0000] {dagbag.py:545} INFO - Filling up the DagBag from /opt/airflow/dags/dag_three.py
[2025-10-03T12:42:32.355+0000] {processor.py:840} INFO - DAG(s) 'dag_three' retrieved from /opt/airflow/dags/dag_three.py
[2025-10-03T12:42:32.385+0000] {logging_mixin.py:188} INFO - [2025-10-03T12:42:32.385+0000] {dag.py:3096} INFO - Sync 1 DAGs
[2025-10-03T12:42:32.420+0000] {logging_mixin.py:188} INFO - [2025-10-03T12:42:32.420+0000] {dag.py:3954} INFO - Setting next_dagrun for dag_three to 2025-10-03 12:42:00+00:00, run_after=2025-10-03 12:43:00+00:00
[2025-10-03T12:42:32.463+0000] {processor.py:183} INFO - Processing /opt/airflow/dags/dag_three.py took 0.143 seconds
[2025-10-03T12:43:02.763+0000] {processor.py:161} INFO - Started process (PID=3916) to work on /opt/airflow/dags/dag_three.py
[2025-10-03T12:43:02.767+0000] {processor.py:830} INFO - Processing file /opt/airflow/dags/dag_three.py for tasks to queue
[2025-10-03T12:43:02.769+0000] {logging_mixin.py:188} INFO - [2025-10-03T12:43:02.768+0000] {dagbag.py:545} INFO - Filling up the DagBag from /opt/airflow/dags/dag_three.py
[2025-10-03T12:43:02.857+0000] {processor.py:840} INFO - DAG(s) 'dag_three' retrieved from /opt/airflow/dags/dag_three.py
[2025-10-03T12:43:02.957+0000] {logging_mixin.py:188} INFO - [2025-10-03T12:43:02.956+0000] {dag.py:3096} INFO - Sync 1 DAGs
[2025-10-03T12:43:03.025+0000] {logging_mixin.py:188} INFO - [2025-10-03T12:43:03.025+0000] {dag.py:3954} INFO - Setting next_dagrun for dag_three to 2025-10-03 12:43:00+00:00, run_after=2025-10-03 12:44:00+00:00
[2025-10-03T12:43:03.062+0000] {processor.py:183} INFO - Processing /opt/airflow/dags/dag_three.py took 0.322 seconds
[2025-10-03T12:43:33.816+0000] {processor.py:161} INFO - Started process (PID=3971) to work on /opt/airflow/dags/dag_three.py
[2025-10-03T12:43:33.817+0000] {processor.py:830} INFO - Processing file /opt/airflow/dags/dag_three.py for tasks to queue
[2025-10-03T12:43:33.818+0000] {logging_mixin.py:188} INFO - [2025-10-03T12:43:33.818+0000] {dagbag.py:545} INFO - Filling up the DagBag from /opt/airflow/dags/dag_three.py
[2025-10-03T12:43:33.835+0000] {processor.py:840} INFO - DAG(s) 'dag_three' retrieved from /opt/airflow/dags/dag_three.py
[2025-10-03T12:43:33.942+0000] {logging_mixin.py:188} INFO - [2025-10-03T12:43:33.941+0000] {dag.py:3096} INFO - Sync 1 DAGs
[2025-10-03T12:43:33.962+0000] {logging_mixin.py:188} INFO - [2025-10-03T12:43:33.962+0000] {dag.py:3954} INFO - Setting next_dagrun for dag_three to 2025-10-03 12:43:00+00:00, run_after=2025-10-03 12:44:00+00:00
[2025-10-03T12:43:33.993+0000] {processor.py:183} INFO - Processing /opt/airflow/dags/dag_three.py took 0.183 seconds
[2025-10-03T12:44:04.592+0000] {processor.py:161} INFO - Started process (PID=4031) to work on /opt/airflow/dags/dag_three.py
[2025-10-03T12:44:04.594+0000] {processor.py:830} INFO - Processing file /opt/airflow/dags/dag_three.py for tasks to queue
[2025-10-03T12:44:04.595+0000] {logging_mixin.py:188} INFO - [2025-10-03T12:44:04.595+0000] {dagbag.py:545} INFO - Filling up the DagBag from /opt/airflow/dags/dag_three.py
[2025-10-03T12:44:04.620+0000] {processor.py:840} INFO - DAG(s) 'dag_three' retrieved from /opt/airflow/dags/dag_three.py
[2025-10-03T12:44:04.649+0000] {logging_mixin.py:188} INFO - [2025-10-03T12:44:04.648+0000] {dag.py:3096} INFO - Sync 1 DAGs
[2025-10-03T12:44:04.680+0000] {logging_mixin.py:188} INFO - [2025-10-03T12:44:04.679+0000] {dag.py:3954} INFO - Setting next_dagrun for dag_three to 2025-10-03 12:44:00+00:00, run_after=2025-10-03 12:45:00+00:00
[2025-10-03T12:44:04.716+0000] {processor.py:183} INFO - Processing /opt/airflow/dags/dag_three.py took 0.132 seconds
[2025-10-03T12:44:35.101+0000] {processor.py:161} INFO - Started process (PID=4086) to work on /opt/airflow/dags/dag_three.py
[2025-10-03T12:44:35.102+0000] {processor.py:830} INFO - Processing file /opt/airflow/dags/dag_three.py for tasks to queue
[2025-10-03T12:44:35.103+0000] {logging_mixin.py:188} INFO - [2025-10-03T12:44:35.103+0000] {dagbag.py:545} INFO - Filling up the DagBag from /opt/airflow/dags/dag_three.py
[2025-10-03T12:44:35.120+0000] {processor.py:840} INFO - DAG(s) 'dag_three' retrieved from /opt/airflow/dags/dag_three.py
[2025-10-03T12:44:35.142+0000] {logging_mixin.py:188} INFO - [2025-10-03T12:44:35.142+0000] {dag.py:3096} INFO - Sync 1 DAGs
[2025-10-03T12:44:35.167+0000] {logging_mixin.py:188} INFO - [2025-10-03T12:44:35.167+0000] {dag.py:3954} INFO - Setting next_dagrun for dag_three to 2025-10-03 12:44:00+00:00, run_after=2025-10-03 12:45:00+00:00
[2025-10-03T12:44:35.203+0000] {processor.py:183} INFO - Processing /opt/airflow/dags/dag_three.py took 0.110 seconds
[2025-10-03T12:45:05.857+0000] {processor.py:161} INFO - Started process (PID=4146) to work on /opt/airflow/dags/dag_three.py
[2025-10-03T12:45:05.858+0000] {processor.py:830} INFO - Processing file /opt/airflow/dags/dag_three.py for tasks to queue
[2025-10-03T12:45:05.859+0000] {logging_mixin.py:188} INFO - [2025-10-03T12:45:05.859+0000] {dagbag.py:545} INFO - Filling up the DagBag from /opt/airflow/dags/dag_three.py
[2025-10-03T12:45:05.876+0000] {processor.py:840} INFO - DAG(s) 'dag_three' retrieved from /opt/airflow/dags/dag_three.py
[2025-10-03T12:45:05.896+0000] {logging_mixin.py:188} INFO - [2025-10-03T12:45:05.895+0000] {dag.py:3096} INFO - Sync 1 DAGs
[2025-10-03T12:45:05.917+0000] {logging_mixin.py:188} INFO - [2025-10-03T12:45:05.917+0000] {dag.py:3954} INFO - Setting next_dagrun for dag_three to 2025-10-03 12:45:00+00:00, run_after=2025-10-03 12:46:00+00:00
[2025-10-03T12:45:05.943+0000] {processor.py:183} INFO - Processing /opt/airflow/dags/dag_three.py took 0.091 seconds
[2025-10-03T12:45:36.176+0000] {processor.py:161} INFO - Started process (PID=4201) to work on /opt/airflow/dags/dag_three.py
[2025-10-03T12:45:36.177+0000] {processor.py:830} INFO - Processing file /opt/airflow/dags/dag_three.py for tasks to queue
[2025-10-03T12:45:36.178+0000] {logging_mixin.py:188} INFO - [2025-10-03T12:45:36.178+0000] {dagbag.py:545} INFO - Filling up the DagBag from /opt/airflow/dags/dag_three.py
[2025-10-03T12:45:36.195+0000] {processor.py:840} INFO - DAG(s) 'dag_three' retrieved from /opt/airflow/dags/dag_three.py
[2025-10-03T12:45:36.217+0000] {logging_mixin.py:188} INFO - [2025-10-03T12:45:36.217+0000] {dag.py:3096} INFO - Sync 1 DAGs
[2025-10-03T12:45:36.244+0000] {logging_mixin.py:188} INFO - [2025-10-03T12:45:36.244+0000] {dag.py:3954} INFO - Setting next_dagrun for dag_three to 2025-10-03 12:45:00+00:00, run_after=2025-10-03 12:46:00+00:00
[2025-10-03T12:45:36.273+0000] {processor.py:183} INFO - Processing /opt/airflow/dags/dag_three.py took 0.105 seconds
[2025-10-03T12:46:06.942+0000] {processor.py:161} INFO - Started process (PID=4261) to work on /opt/airflow/dags/dag_three.py
[2025-10-03T12:46:06.944+0000] {processor.py:830} INFO - Processing file /opt/airflow/dags/dag_three.py for tasks to queue
[2025-10-03T12:46:06.945+0000] {logging_mixin.py:188} INFO - [2025-10-03T12:46:06.945+0000] {dagbag.py:545} INFO - Filling up the DagBag from /opt/airflow/dags/dag_three.py
[2025-10-03T12:46:06.974+0000] {processor.py:840} INFO - DAG(s) 'dag_three' retrieved from /opt/airflow/dags/dag_three.py
[2025-10-03T12:46:07.004+0000] {logging_mixin.py:188} INFO - [2025-10-03T12:46:07.004+0000] {dag.py:3096} INFO - Sync 1 DAGs
[2025-10-03T12:46:07.042+0000] {logging_mixin.py:188} INFO - [2025-10-03T12:46:07.042+0000] {dag.py:3954} INFO - Setting next_dagrun for dag_three to 2025-10-03 12:46:00+00:00, run_after=2025-10-03 12:47:00+00:00
[2025-10-03T12:46:07.076+0000] {processor.py:183} INFO - Processing /opt/airflow/dags/dag_three.py took 0.142 seconds
[2025-10-03T12:46:37.199+0000] {processor.py:161} INFO - Started process (PID=4316) to work on /opt/airflow/dags/dag_three.py
[2025-10-03T12:46:37.200+0000] {processor.py:830} INFO - Processing file /opt/airflow/dags/dag_three.py for tasks to queue
[2025-10-03T12:46:37.201+0000] {logging_mixin.py:188} INFO - [2025-10-03T12:46:37.201+0000] {dagbag.py:545} INFO - Filling up the DagBag from /opt/airflow/dags/dag_three.py
[2025-10-03T12:46:37.219+0000] {processor.py:840} INFO - DAG(s) 'dag_three' retrieved from /opt/airflow/dags/dag_three.py
[2025-10-03T12:46:37.241+0000] {logging_mixin.py:188} INFO - [2025-10-03T12:46:37.241+0000] {dag.py:3096} INFO - Sync 1 DAGs
[2025-10-03T12:46:37.265+0000] {logging_mixin.py:188} INFO - [2025-10-03T12:46:37.265+0000] {dag.py:3954} INFO - Setting next_dagrun for dag_three to 2025-10-03 12:46:00+00:00, run_after=2025-10-03 12:47:00+00:00
[2025-10-03T12:46:37.295+0000] {processor.py:183} INFO - Processing /opt/airflow/dags/dag_three.py took 0.104 seconds
[2025-10-03T12:47:07.553+0000] {processor.py:161} INFO - Started process (PID=4376) to work on /opt/airflow/dags/dag_three.py
[2025-10-03T12:47:07.554+0000] {processor.py:830} INFO - Processing file /opt/airflow/dags/dag_three.py for tasks to queue
[2025-10-03T12:47:07.556+0000] {logging_mixin.py:188} INFO - [2025-10-03T12:47:07.555+0000] {dagbag.py:545} INFO - Filling up the DagBag from /opt/airflow/dags/dag_three.py
[2025-10-03T12:47:07.574+0000] {processor.py:840} INFO - DAG(s) 'dag_three' retrieved from /opt/airflow/dags/dag_three.py
[2025-10-03T12:47:07.593+0000] {logging_mixin.py:188} INFO - [2025-10-03T12:47:07.593+0000] {dag.py:3096} INFO - Sync 1 DAGs
[2025-10-03T12:47:07.615+0000] {logging_mixin.py:188} INFO - [2025-10-03T12:47:07.615+0000] {dag.py:3954} INFO - Setting next_dagrun for dag_three to 2025-10-03 12:47:00+00:00, run_after=2025-10-03 12:48:00+00:00
[2025-10-03T12:47:07.644+0000] {processor.py:183} INFO - Processing /opt/airflow/dags/dag_three.py took 0.097 seconds
[2025-10-03T12:47:38.214+0000] {processor.py:161} INFO - Started process (PID=4431) to work on /opt/airflow/dags/dag_three.py
[2025-10-03T12:47:38.215+0000] {processor.py:830} INFO - Processing file /opt/airflow/dags/dag_three.py for tasks to queue
[2025-10-03T12:47:38.217+0000] {logging_mixin.py:188} INFO - [2025-10-03T12:47:38.216+0000] {dagbag.py:545} INFO - Filling up the DagBag from /opt/airflow/dags/dag_three.py
[2025-10-03T12:47:38.233+0000] {processor.py:840} INFO - DAG(s) 'dag_three' retrieved from /opt/airflow/dags/dag_three.py
[2025-10-03T12:47:38.251+0000] {logging_mixin.py:188} INFO - [2025-10-03T12:47:38.251+0000] {dag.py:3096} INFO - Sync 1 DAGs
[2025-10-03T12:47:38.272+0000] {logging_mixin.py:188} INFO - [2025-10-03T12:47:38.272+0000] {dag.py:3954} INFO - Setting next_dagrun for dag_three to 2025-10-03 12:47:00+00:00, run_after=2025-10-03 12:48:00+00:00
[2025-10-03T12:47:38.297+0000] {processor.py:183} INFO - Processing /opt/airflow/dags/dag_three.py took 0.088 seconds
[2025-10-03T12:48:08.448+0000] {processor.py:161} INFO - Started process (PID=4491) to work on /opt/airflow/dags/dag_three.py
[2025-10-03T12:48:08.449+0000] {processor.py:830} INFO - Processing file /opt/airflow/dags/dag_three.py for tasks to queue
[2025-10-03T12:48:08.450+0000] {logging_mixin.py:188} INFO - [2025-10-03T12:48:08.450+0000] {dagbag.py:545} INFO - Filling up the DagBag from /opt/airflow/dags/dag_three.py
[2025-10-03T12:48:08.464+0000] {processor.py:840} INFO - DAG(s) 'dag_three' retrieved from /opt/airflow/dags/dag_three.py
[2025-10-03T12:48:08.482+0000] {logging_mixin.py:188} INFO - [2025-10-03T12:48:08.482+0000] {dag.py:3096} INFO - Sync 1 DAGs
[2025-10-03T12:48:08.502+0000] {logging_mixin.py:188} INFO - [2025-10-03T12:48:08.502+0000] {dag.py:3954} INFO - Setting next_dagrun for dag_three to 2025-10-03 12:48:00+00:00, run_after=2025-10-03 12:49:00+00:00
[2025-10-03T12:48:08.530+0000] {processor.py:183} INFO - Processing /opt/airflow/dags/dag_three.py took 0.087 seconds
[2025-10-03T12:48:38.954+0000] {processor.py:161} INFO - Started process (PID=4546) to work on /opt/airflow/dags/dag_three.py
[2025-10-03T12:48:38.956+0000] {processor.py:830} INFO - Processing file /opt/airflow/dags/dag_three.py for tasks to queue
[2025-10-03T12:48:38.959+0000] {logging_mixin.py:188} INFO - [2025-10-03T12:48:38.958+0000] {dagbag.py:545} INFO - Filling up the DagBag from /opt/airflow/dags/dag_three.py
[2025-10-03T12:48:38.989+0000] {processor.py:840} INFO - DAG(s) 'dag_three' retrieved from /opt/airflow/dags/dag_three.py
[2025-10-03T12:48:39.025+0000] {logging_mixin.py:188} INFO - [2025-10-03T12:48:39.024+0000] {dag.py:3096} INFO - Sync 1 DAGs
[2025-10-03T12:48:39.066+0000] {logging_mixin.py:188} INFO - [2025-10-03T12:48:39.066+0000] {dag.py:3954} INFO - Setting next_dagrun for dag_three to 2025-10-03 12:48:00+00:00, run_after=2025-10-03 12:49:00+00:00
[2025-10-03T12:48:39.098+0000] {processor.py:183} INFO - Processing /opt/airflow/dags/dag_three.py took 0.154 seconds
[2025-10-03T12:49:09.156+0000] {processor.py:161} INFO - Started process (PID=4606) to work on /opt/airflow/dags/dag_three.py
[2025-10-03T12:49:09.158+0000] {processor.py:830} INFO - Processing file /opt/airflow/dags/dag_three.py for tasks to queue
[2025-10-03T12:49:09.159+0000] {logging_mixin.py:188} INFO - [2025-10-03T12:49:09.159+0000] {dagbag.py:545} INFO - Filling up the DagBag from /opt/airflow/dags/dag_three.py
[2025-10-03T12:49:09.177+0000] {processor.py:840} INFO - DAG(s) 'dag_three' retrieved from /opt/airflow/dags/dag_three.py
[2025-10-03T12:49:09.197+0000] {logging_mixin.py:188} INFO - [2025-10-03T12:49:09.197+0000] {dag.py:3096} INFO - Sync 1 DAGs
[2025-10-03T12:49:09.229+0000] {logging_mixin.py:188} INFO - [2025-10-03T12:49:09.228+0000] {dag.py:3954} INFO - Setting next_dagrun for dag_three to 2025-10-03 12:49:00+00:00, run_after=2025-10-03 12:50:00+00:00
[2025-10-03T12:49:09.256+0000] {processor.py:183} INFO - Processing /opt/airflow/dags/dag_three.py took 0.105 seconds
[2025-10-03T12:49:39.874+0000] {processor.py:161} INFO - Started process (PID=4661) to work on /opt/airflow/dags/dag_three.py
[2025-10-03T12:49:39.875+0000] {processor.py:830} INFO - Processing file /opt/airflow/dags/dag_three.py for tasks to queue
[2025-10-03T12:49:39.876+0000] {logging_mixin.py:188} INFO - [2025-10-03T12:49:39.876+0000] {dagbag.py:545} INFO - Filling up the DagBag from /opt/airflow/dags/dag_three.py
[2025-10-03T12:49:39.890+0000] {processor.py:840} INFO - DAG(s) 'dag_three' retrieved from /opt/airflow/dags/dag_three.py
[2025-10-03T12:49:39.907+0000] {logging_mixin.py:188} INFO - [2025-10-03T12:49:39.907+0000] {dag.py:3096} INFO - Sync 1 DAGs
[2025-10-03T12:49:39.931+0000] {logging_mixin.py:188} INFO - [2025-10-03T12:49:39.931+0000] {dag.py:3954} INFO - Setting next_dagrun for dag_three to 2025-10-03 12:49:00+00:00, run_after=2025-10-03 12:50:00+00:00
[2025-10-03T12:49:39.956+0000] {processor.py:183} INFO - Processing /opt/airflow/dags/dag_three.py took 0.088 seconds
[2025-10-03T12:50:10.057+0000] {processor.py:161} INFO - Started process (PID=4721) to work on /opt/airflow/dags/dag_three.py
[2025-10-03T12:50:10.058+0000] {processor.py:830} INFO - Processing file /opt/airflow/dags/dag_three.py for tasks to queue
[2025-10-03T12:50:10.059+0000] {logging_mixin.py:188} INFO - [2025-10-03T12:50:10.059+0000] {dagbag.py:545} INFO - Filling up the DagBag from /opt/airflow/dags/dag_three.py
[2025-10-03T12:50:10.081+0000] {processor.py:840} INFO - DAG(s) 'dag_three' retrieved from /opt/airflow/dags/dag_three.py
[2025-10-03T12:50:10.102+0000] {logging_mixin.py:188} INFO - [2025-10-03T12:50:10.102+0000] {dag.py:3096} INFO - Sync 1 DAGs
[2025-10-03T12:50:10.123+0000] {logging_mixin.py:188} INFO - [2025-10-03T12:50:10.123+0000] {dag.py:3954} INFO - Setting next_dagrun for dag_three to 2025-10-03 12:50:00+00:00, run_after=2025-10-03 12:51:00+00:00
[2025-10-03T12:50:10.147+0000] {processor.py:183} INFO - Processing /opt/airflow/dags/dag_three.py took 0.097 seconds
[2025-10-03T12:50:40.463+0000] {processor.py:161} INFO - Started process (PID=4776) to work on /opt/airflow/dags/dag_three.py
[2025-10-03T12:50:40.465+0000] {processor.py:830} INFO - Processing file /opt/airflow/dags/dag_three.py for tasks to queue
[2025-10-03T12:50:40.467+0000] {logging_mixin.py:188} INFO - [2025-10-03T12:50:40.466+0000] {dagbag.py:545} INFO - Filling up the DagBag from /opt/airflow/dags/dag_three.py
[2025-10-03T12:50:40.488+0000] {processor.py:840} INFO - DAG(s) 'dag_three' retrieved from /opt/airflow/dags/dag_three.py
[2025-10-03T12:50:40.510+0000] {logging_mixin.py:188} INFO - [2025-10-03T12:50:40.510+0000] {dag.py:3096} INFO - Sync 1 DAGs
[2025-10-03T12:50:40.530+0000] {logging_mixin.py:188} INFO - [2025-10-03T12:50:40.530+0000] {dag.py:3954} INFO - Setting next_dagrun for dag_three to 2025-10-03 12:50:00+00:00, run_after=2025-10-03 12:51:00+00:00
[2025-10-03T12:50:40.558+0000] {processor.py:183} INFO - Processing /opt/airflow/dags/dag_three.py took 0.104 seconds
[2025-10-03T12:51:10.699+0000] {processor.py:161} INFO - Started process (PID=4836) to work on /opt/airflow/dags/dag_three.py
[2025-10-03T12:51:10.701+0000] {processor.py:830} INFO - Processing file /opt/airflow/dags/dag_three.py for tasks to queue
[2025-10-03T12:51:10.702+0000] {logging_mixin.py:188} INFO - [2025-10-03T12:51:10.701+0000] {dagbag.py:545} INFO - Filling up the DagBag from /opt/airflow/dags/dag_three.py
[2025-10-03T12:51:10.714+0000] {processor.py:840} INFO - DAG(s) 'dag_three' retrieved from /opt/airflow/dags/dag_three.py
[2025-10-03T12:51:10.736+0000] {logging_mixin.py:188} INFO - [2025-10-03T12:51:10.735+0000] {dag.py:3096} INFO - Sync 1 DAGs
[2025-10-03T12:51:10.755+0000] {logging_mixin.py:188} INFO - [2025-10-03T12:51:10.755+0000] {dag.py:3954} INFO - Setting next_dagrun for dag_three to 2025-10-03 12:51:00+00:00, run_after=2025-10-03 12:52:00+00:00
[2025-10-03T12:51:10.780+0000] {processor.py:183} INFO - Processing /opt/airflow/dags/dag_three.py took 0.086 seconds
[2025-10-03T12:51:40.844+0000] {processor.py:161} INFO - Started process (PID=4891) to work on /opt/airflow/dags/dag_three.py
[2025-10-03T12:51:40.846+0000] {processor.py:830} INFO - Processing file /opt/airflow/dags/dag_three.py for tasks to queue
[2025-10-03T12:51:40.847+0000] {logging_mixin.py:188} INFO - [2025-10-03T12:51:40.846+0000] {dagbag.py:545} INFO - Filling up the DagBag from /opt/airflow/dags/dag_three.py
[2025-10-03T12:51:40.861+0000] {processor.py:840} INFO - DAG(s) 'dag_three' retrieved from /opt/airflow/dags/dag_three.py
[2025-10-03T12:51:40.882+0000] {logging_mixin.py:188} INFO - [2025-10-03T12:51:40.882+0000] {dag.py:3096} INFO - Sync 1 DAGs
[2025-10-03T12:51:40.905+0000] {logging_mixin.py:188} INFO - [2025-10-03T12:51:40.905+0000] {dag.py:3954} INFO - Setting next_dagrun for dag_three to 2025-10-03 12:51:00+00:00, run_after=2025-10-03 12:52:00+00:00
[2025-10-03T12:51:40.931+0000] {processor.py:183} INFO - Processing /opt/airflow/dags/dag_three.py took 0.093 seconds
[2025-10-03T12:52:10.984+0000] {processor.py:161} INFO - Started process (PID=4950) to work on /opt/airflow/dags/dag_three.py
[2025-10-03T12:52:10.986+0000] {processor.py:830} INFO - Processing file /opt/airflow/dags/dag_three.py for tasks to queue
[2025-10-03T12:52:10.987+0000] {logging_mixin.py:188} INFO - [2025-10-03T12:52:10.987+0000] {dagbag.py:545} INFO - Filling up the DagBag from /opt/airflow/dags/dag_three.py
[2025-10-03T12:52:11.004+0000] {processor.py:840} INFO - DAG(s) 'dag_three' retrieved from /opt/airflow/dags/dag_three.py
[2025-10-03T12:52:11.026+0000] {logging_mixin.py:188} INFO - [2025-10-03T12:52:11.025+0000] {dag.py:3096} INFO - Sync 1 DAGs
[2025-10-03T12:52:11.057+0000] {logging_mixin.py:188} INFO - [2025-10-03T12:52:11.056+0000] {dag.py:3954} INFO - Setting next_dagrun for dag_three to 2025-10-03 12:52:00+00:00, run_after=2025-10-03 12:53:00+00:00
[2025-10-03T12:52:11.091+0000] {processor.py:183} INFO - Processing /opt/airflow/dags/dag_three.py took 0.115 seconds
[2025-10-03T12:52:41.661+0000] {processor.py:161} INFO - Started process (PID=5004) to work on /opt/airflow/dags/dag_three.py
[2025-10-03T12:52:41.662+0000] {processor.py:830} INFO - Processing file /opt/airflow/dags/dag_three.py for tasks to queue
[2025-10-03T12:52:41.663+0000] {logging_mixin.py:188} INFO - [2025-10-03T12:52:41.662+0000] {dagbag.py:545} INFO - Filling up the DagBag from /opt/airflow/dags/dag_three.py
[2025-10-03T12:52:41.684+0000] {processor.py:840} INFO - DAG(s) 'dag_three' retrieved from /opt/airflow/dags/dag_three.py
[2025-10-03T12:52:41.708+0000] {logging_mixin.py:188} INFO - [2025-10-03T12:52:41.708+0000] {dag.py:3096} INFO - Sync 1 DAGs
[2025-10-03T12:52:41.732+0000] {logging_mixin.py:188} INFO - [2025-10-03T12:52:41.731+0000] {dag.py:3954} INFO - Setting next_dagrun for dag_three to 2025-10-03 12:52:00+00:00, run_after=2025-10-03 12:53:00+00:00
[2025-10-03T12:52:41.762+0000] {processor.py:183} INFO - Processing /opt/airflow/dags/dag_three.py took 0.108 seconds
[2025-10-03T12:53:12.343+0000] {processor.py:161} INFO - Started process (PID=5064) to work on /opt/airflow/dags/dag_three.py
[2025-10-03T12:53:12.345+0000] {processor.py:830} INFO - Processing file /opt/airflow/dags/dag_three.py for tasks to queue
[2025-10-03T12:53:12.349+0000] {logging_mixin.py:188} INFO - [2025-10-03T12:53:12.348+0000] {dagbag.py:545} INFO - Filling up the DagBag from /opt/airflow/dags/dag_three.py
[2025-10-03T12:53:12.377+0000] {processor.py:840} INFO - DAG(s) 'dag_three' retrieved from /opt/airflow/dags/dag_three.py
[2025-10-03T12:53:12.397+0000] {logging_mixin.py:188} INFO - [2025-10-03T12:53:12.397+0000] {dag.py:3096} INFO - Sync 1 DAGs
[2025-10-03T12:53:12.417+0000] {logging_mixin.py:188} INFO - [2025-10-03T12:53:12.417+0000] {dag.py:3954} INFO - Setting next_dagrun for dag_three to 2025-10-03 12:53:00+00:00, run_after=2025-10-03 12:54:00+00:00
[2025-10-03T12:53:12.448+0000] {processor.py:183} INFO - Processing /opt/airflow/dags/dag_three.py took 0.112 seconds
[2025-10-03T12:53:42.752+0000] {processor.py:161} INFO - Started process (PID=5119) to work on /opt/airflow/dags/dag_three.py
[2025-10-03T12:53:42.753+0000] {processor.py:830} INFO - Processing file /opt/airflow/dags/dag_three.py for tasks to queue
[2025-10-03T12:53:42.754+0000] {logging_mixin.py:188} INFO - [2025-10-03T12:53:42.754+0000] {dagbag.py:545} INFO - Filling up the DagBag from /opt/airflow/dags/dag_three.py
[2025-10-03T12:53:42.776+0000] {processor.py:840} INFO - DAG(s) 'dag_three' retrieved from /opt/airflow/dags/dag_three.py
[2025-10-03T12:53:42.796+0000] {logging_mixin.py:188} INFO - [2025-10-03T12:53:42.795+0000] {dag.py:3096} INFO - Sync 1 DAGs
[2025-10-03T12:53:42.817+0000] {logging_mixin.py:188} INFO - [2025-10-03T12:53:42.817+0000] {dag.py:3954} INFO - Setting next_dagrun for dag_three to 2025-10-03 12:53:00+00:00, run_after=2025-10-03 12:54:00+00:00
[2025-10-03T12:53:42.845+0000] {processor.py:183} INFO - Processing /opt/airflow/dags/dag_three.py took 0.100 seconds
[2025-10-03T12:54:13.582+0000] {processor.py:161} INFO - Started process (PID=5179) to work on /opt/airflow/dags/dag_three.py
[2025-10-03T12:54:13.583+0000] {processor.py:830} INFO - Processing file /opt/airflow/dags/dag_three.py for tasks to queue
[2025-10-03T12:54:13.584+0000] {logging_mixin.py:188} INFO - [2025-10-03T12:54:13.583+0000] {dagbag.py:545} INFO - Filling up the DagBag from /opt/airflow/dags/dag_three.py
[2025-10-03T12:54:13.595+0000] {processor.py:840} INFO - DAG(s) 'dag_three' retrieved from /opt/airflow/dags/dag_three.py
[2025-10-03T12:54:13.615+0000] {logging_mixin.py:188} INFO - [2025-10-03T12:54:13.615+0000] {dag.py:3096} INFO - Sync 1 DAGs
[2025-10-03T12:54:13.637+0000] {logging_mixin.py:188} INFO - [2025-10-03T12:54:13.637+0000] {dag.py:3954} INFO - Setting next_dagrun for dag_three to 2025-10-03 12:54:00+00:00, run_after=2025-10-03 12:55:00+00:00
[2025-10-03T12:54:13.666+0000] {processor.py:183} INFO - Processing /opt/airflow/dags/dag_three.py took 0.090 seconds
[2025-10-03T12:54:44.331+0000] {processor.py:161} INFO - Started process (PID=5234) to work on /opt/airflow/dags/dag_three.py
[2025-10-03T12:54:44.332+0000] {processor.py:830} INFO - Processing file /opt/airflow/dags/dag_three.py for tasks to queue
[2025-10-03T12:54:44.333+0000] {logging_mixin.py:188} INFO - [2025-10-03T12:54:44.333+0000] {dagbag.py:545} INFO - Filling up the DagBag from /opt/airflow/dags/dag_three.py
[2025-10-03T12:54:44.348+0000] {processor.py:840} INFO - DAG(s) 'dag_three' retrieved from /opt/airflow/dags/dag_three.py
[2025-10-03T12:54:44.371+0000] {logging_mixin.py:188} INFO - [2025-10-03T12:54:44.371+0000] {dag.py:3096} INFO - Sync 1 DAGs
[2025-10-03T12:54:44.395+0000] {logging_mixin.py:188} INFO - [2025-10-03T12:54:44.394+0000] {dag.py:3954} INFO - Setting next_dagrun for dag_three to 2025-10-03 12:54:00+00:00, run_after=2025-10-03 12:55:00+00:00
[2025-10-03T12:54:44.427+0000] {processor.py:183} INFO - Processing /opt/airflow/dags/dag_three.py took 0.104 seconds
[2025-10-03T12:55:14.523+0000] {processor.py:161} INFO - Started process (PID=5294) to work on /opt/airflow/dags/dag_three.py
[2025-10-03T12:55:14.525+0000] {processor.py:830} INFO - Processing file /opt/airflow/dags/dag_three.py for tasks to queue
[2025-10-03T12:55:14.526+0000] {logging_mixin.py:188} INFO - [2025-10-03T12:55:14.526+0000] {dagbag.py:545} INFO - Filling up the DagBag from /opt/airflow/dags/dag_three.py
[2025-10-03T12:55:14.543+0000] {processor.py:840} INFO - DAG(s) 'dag_three' retrieved from /opt/airflow/dags/dag_three.py
[2025-10-03T12:55:14.562+0000] {logging_mixin.py:188} INFO - [2025-10-03T12:55:14.562+0000] {dag.py:3096} INFO - Sync 1 DAGs
[2025-10-03T12:55:14.582+0000] {logging_mixin.py:188} INFO - [2025-10-03T12:55:14.582+0000] {dag.py:3954} INFO - Setting next_dagrun for dag_three to 2025-10-03 12:55:00+00:00, run_after=2025-10-03 12:56:00+00:00
[2025-10-03T12:55:14.610+0000] {processor.py:183} INFO - Processing /opt/airflow/dags/dag_three.py took 0.096 seconds
[2025-10-03T12:55:45.473+0000] {processor.py:161} INFO - Started process (PID=5349) to work on /opt/airflow/dags/dag_three.py
[2025-10-03T12:55:45.475+0000] {processor.py:830} INFO - Processing file /opt/airflow/dags/dag_three.py for tasks to queue
[2025-10-03T12:55:45.476+0000] {logging_mixin.py:188} INFO - [2025-10-03T12:55:45.476+0000] {dagbag.py:545} INFO - Filling up the DagBag from /opt/airflow/dags/dag_three.py
[2025-10-03T12:55:45.493+0000] {processor.py:840} INFO - DAG(s) 'dag_three' retrieved from /opt/airflow/dags/dag_three.py
[2025-10-03T12:55:45.512+0000] {logging_mixin.py:188} INFO - [2025-10-03T12:55:45.512+0000] {dag.py:3096} INFO - Sync 1 DAGs
[2025-10-03T12:55:45.534+0000] {logging_mixin.py:188} INFO - [2025-10-03T12:55:45.534+0000] {dag.py:3954} INFO - Setting next_dagrun for dag_three to 2025-10-03 12:55:00+00:00, run_after=2025-10-03 12:56:00+00:00
[2025-10-03T12:55:45.567+0000] {processor.py:183} INFO - Processing /opt/airflow/dags/dag_three.py took 0.101 seconds
[2025-10-03T12:56:15.991+0000] {processor.py:161} INFO - Started process (PID=5409) to work on /opt/airflow/dags/dag_three.py
[2025-10-03T12:56:15.992+0000] {processor.py:830} INFO - Processing file /opt/airflow/dags/dag_three.py for tasks to queue
[2025-10-03T12:56:15.993+0000] {logging_mixin.py:188} INFO - [2025-10-03T12:56:15.993+0000] {dagbag.py:545} INFO - Filling up the DagBag from /opt/airflow/dags/dag_three.py
[2025-10-03T12:56:16.006+0000] {processor.py:840} INFO - DAG(s) 'dag_three' retrieved from /opt/airflow/dags/dag_three.py
[2025-10-03T12:56:16.024+0000] {logging_mixin.py:188} INFO - [2025-10-03T12:56:16.024+0000] {dag.py:3096} INFO - Sync 1 DAGs
[2025-10-03T12:56:16.045+0000] {logging_mixin.py:188} INFO - [2025-10-03T12:56:16.044+0000] {dag.py:3954} INFO - Setting next_dagrun for dag_three to 2025-10-03 12:56:00+00:00, run_after=2025-10-03 12:57:00+00:00
[2025-10-03T12:56:16.071+0000] {processor.py:183} INFO - Processing /opt/airflow/dags/dag_three.py took 0.086 seconds
[2025-10-03T12:56:46.552+0000] {processor.py:161} INFO - Started process (PID=5464) to work on /opt/airflow/dags/dag_three.py
[2025-10-03T12:56:46.553+0000] {processor.py:830} INFO - Processing file /opt/airflow/dags/dag_three.py for tasks to queue
[2025-10-03T12:56:46.554+0000] {logging_mixin.py:188} INFO - [2025-10-03T12:56:46.553+0000] {dagbag.py:545} INFO - Filling up the DagBag from /opt/airflow/dags/dag_three.py
[2025-10-03T12:56:46.566+0000] {processor.py:840} INFO - DAG(s) 'dag_three' retrieved from /opt/airflow/dags/dag_three.py
[2025-10-03T12:56:46.584+0000] {logging_mixin.py:188} INFO - [2025-10-03T12:56:46.584+0000] {dag.py:3096} INFO - Sync 1 DAGs
[2025-10-03T12:56:46.605+0000] {logging_mixin.py:188} INFO - [2025-10-03T12:56:46.605+0000] {dag.py:3954} INFO - Setting next_dagrun for dag_three to 2025-10-03 12:56:00+00:00, run_after=2025-10-03 12:57:00+00:00
[2025-10-03T12:56:46.630+0000] {processor.py:183} INFO - Processing /opt/airflow/dags/dag_three.py took 0.085 seconds
[2025-10-03T12:57:17.248+0000] {processor.py:161} INFO - Started process (PID=5525) to work on /opt/airflow/dags/dag_three.py
[2025-10-03T12:57:17.251+0000] {processor.py:830} INFO - Processing file /opt/airflow/dags/dag_three.py for tasks to queue
[2025-10-03T12:57:17.253+0000] {logging_mixin.py:188} INFO - [2025-10-03T12:57:17.252+0000] {dagbag.py:545} INFO - Filling up the DagBag from /opt/airflow/dags/dag_three.py
[2025-10-03T12:57:17.283+0000] {processor.py:840} INFO - DAG(s) 'dag_three' retrieved from /opt/airflow/dags/dag_three.py
[2025-10-03T12:57:17.321+0000] {logging_mixin.py:188} INFO - [2025-10-03T12:57:17.320+0000] {dag.py:3096} INFO - Sync 1 DAGs
[2025-10-03T12:57:17.362+0000] {logging_mixin.py:188} INFO - [2025-10-03T12:57:17.362+0000] {dag.py:3954} INFO - Setting next_dagrun for dag_three to 2025-10-03 12:57:00+00:00, run_after=2025-10-03 12:58:00+00:00
[2025-10-03T12:57:17.418+0000] {processor.py:183} INFO - Processing /opt/airflow/dags/dag_three.py took 0.185 seconds
[2025-10-03T12:57:47.741+0000] {processor.py:161} INFO - Started process (PID=5581) to work on /opt/airflow/dags/dag_three.py
[2025-10-03T12:57:47.742+0000] {processor.py:830} INFO - Processing file /opt/airflow/dags/dag_three.py for tasks to queue
[2025-10-03T12:57:47.743+0000] {logging_mixin.py:188} INFO - [2025-10-03T12:57:47.743+0000] {dagbag.py:545} INFO - Filling up the DagBag from /opt/airflow/dags/dag_three.py
[2025-10-03T12:57:47.756+0000] {processor.py:840} INFO - DAG(s) 'dag_three' retrieved from /opt/airflow/dags/dag_three.py
[2025-10-03T12:57:47.778+0000] {logging_mixin.py:188} INFO - [2025-10-03T12:57:47.777+0000] {dag.py:3096} INFO - Sync 1 DAGs
[2025-10-03T12:57:47.807+0000] {logging_mixin.py:188} INFO - [2025-10-03T12:57:47.807+0000] {dag.py:3954} INFO - Setting next_dagrun for dag_three to 2025-10-03 12:57:00+00:00, run_after=2025-10-03 12:58:00+00:00
[2025-10-03T12:57:47.832+0000] {processor.py:183} INFO - Processing /opt/airflow/dags/dag_three.py took 0.098 seconds
[2025-10-03T12:58:18.160+0000] {processor.py:161} INFO - Started process (PID=5647) to work on /opt/airflow/dags/dag_three.py
[2025-10-03T12:58:18.161+0000] {processor.py:830} INFO - Processing file /opt/airflow/dags/dag_three.py for tasks to queue
[2025-10-03T12:58:18.163+0000] {logging_mixin.py:188} INFO - [2025-10-03T12:58:18.162+0000] {dagbag.py:545} INFO - Filling up the DagBag from /opt/airflow/dags/dag_three.py
[2025-10-03T12:58:18.194+0000] {processor.py:840} INFO - DAG(s) 'dag_three' retrieved from /opt/airflow/dags/dag_three.py
[2025-10-03T12:58:18.231+0000] {logging_mixin.py:188} INFO - [2025-10-03T12:58:18.230+0000] {dag.py:3096} INFO - Sync 1 DAGs
[2025-10-03T12:58:18.270+0000] {logging_mixin.py:188} INFO - [2025-10-03T12:58:18.270+0000] {dag.py:3954} INFO - Setting next_dagrun for dag_three to 2025-10-03 12:58:00+00:00, run_after=2025-10-03 12:59:00+00:00
[2025-10-03T12:58:18.302+0000] {processor.py:183} INFO - Processing /opt/airflow/dags/dag_three.py took 0.153 seconds
[2025-10-03T12:58:48.361+0000] {processor.py:161} INFO - Started process (PID=5703) to work on /opt/airflow/dags/dag_three.py
[2025-10-03T12:58:48.362+0000] {processor.py:830} INFO - Processing file /opt/airflow/dags/dag_three.py for tasks to queue
[2025-10-03T12:58:48.363+0000] {logging_mixin.py:188} INFO - [2025-10-03T12:58:48.363+0000] {dagbag.py:545} INFO - Filling up the DagBag from /opt/airflow/dags/dag_three.py
[2025-10-03T12:58:48.379+0000] {processor.py:840} INFO - DAG(s) 'dag_three' retrieved from /opt/airflow/dags/dag_three.py
[2025-10-03T12:58:48.397+0000] {logging_mixin.py:188} INFO - [2025-10-03T12:58:48.397+0000] {dag.py:3096} INFO - Sync 1 DAGs
[2025-10-03T12:58:48.416+0000] {logging_mixin.py:188} INFO - [2025-10-03T12:58:48.416+0000] {dag.py:3954} INFO - Setting next_dagrun for dag_three to 2025-10-03 12:58:00+00:00, run_after=2025-10-03 12:59:00+00:00
[2025-10-03T12:58:48.445+0000] {processor.py:183} INFO - Processing /opt/airflow/dags/dag_three.py took 0.091 seconds
[2025-10-03T12:59:18.726+0000] {processor.py:161} INFO - Started process (PID=5764) to work on /opt/airflow/dags/dag_three.py
[2025-10-03T12:59:18.727+0000] {processor.py:830} INFO - Processing file /opt/airflow/dags/dag_three.py for tasks to queue
[2025-10-03T12:59:18.728+0000] {logging_mixin.py:188} INFO - [2025-10-03T12:59:18.728+0000] {dagbag.py:545} INFO - Filling up the DagBag from /opt/airflow/dags/dag_three.py
[2025-10-03T12:59:18.744+0000] {processor.py:840} INFO - DAG(s) 'dag_three' retrieved from /opt/airflow/dags/dag_three.py
[2025-10-03T12:59:18.765+0000] {logging_mixin.py:188} INFO - [2025-10-03T12:59:18.764+0000] {dag.py:3096} INFO - Sync 1 DAGs
[2025-10-03T12:59:18.786+0000] {logging_mixin.py:188} INFO - [2025-10-03T12:59:18.786+0000] {dag.py:3954} INFO - Setting next_dagrun for dag_three to 2025-10-03 12:59:00+00:00, run_after=2025-10-03 13:00:00+00:00
[2025-10-03T12:59:18.813+0000] {processor.py:183} INFO - Processing /opt/airflow/dags/dag_three.py took 0.093 seconds
[2025-10-03T12:59:49.228+0000] {processor.py:161} INFO - Started process (PID=5820) to work on /opt/airflow/dags/dag_three.py
[2025-10-03T12:59:49.229+0000] {processor.py:830} INFO - Processing file /opt/airflow/dags/dag_three.py for tasks to queue
[2025-10-03T12:59:49.230+0000] {logging_mixin.py:188} INFO - [2025-10-03T12:59:49.230+0000] {dagbag.py:545} INFO - Filling up the DagBag from /opt/airflow/dags/dag_three.py
[2025-10-03T12:59:49.245+0000] {processor.py:840} INFO - DAG(s) 'dag_three' retrieved from /opt/airflow/dags/dag_three.py
[2025-10-03T12:59:49.266+0000] {logging_mixin.py:188} INFO - [2025-10-03T12:59:49.266+0000] {dag.py:3096} INFO - Sync 1 DAGs
[2025-10-03T12:59:49.292+0000] {logging_mixin.py:188} INFO - [2025-10-03T12:59:49.291+0000] {dag.py:3954} INFO - Setting next_dagrun for dag_three to 2025-10-03 12:59:00+00:00, run_after=2025-10-03 13:00:00+00:00
[2025-10-03T12:59:49.322+0000] {processor.py:183} INFO - Processing /opt/airflow/dags/dag_three.py took 0.100 seconds
[2025-10-03T13:00:19.927+0000] {processor.py:161} INFO - Started process (PID=5886) to work on /opt/airflow/dags/dag_three.py
[2025-10-03T13:00:19.928+0000] {processor.py:830} INFO - Processing file /opt/airflow/dags/dag_three.py for tasks to queue
[2025-10-03T13:00:19.929+0000] {logging_mixin.py:188} INFO - [2025-10-03T13:00:19.929+0000] {dagbag.py:545} INFO - Filling up the DagBag from /opt/airflow/dags/dag_three.py
[2025-10-03T13:00:19.945+0000] {processor.py:840} INFO - DAG(s) 'dag_three' retrieved from /opt/airflow/dags/dag_three.py
[2025-10-03T13:00:19.969+0000] {logging_mixin.py:188} INFO - [2025-10-03T13:00:19.969+0000] {dag.py:3096} INFO - Sync 1 DAGs
[2025-10-03T13:00:20.003+0000] {logging_mixin.py:188} INFO - [2025-10-03T13:00:20.003+0000] {dag.py:3954} INFO - Setting next_dagrun for dag_three to 2025-10-03 13:00:00+00:00, run_after=2025-10-03 13:01:00+00:00
[2025-10-03T13:00:20.047+0000] {processor.py:183} INFO - Processing /opt/airflow/dags/dag_three.py took 0.128 seconds
[2025-10-03T13:00:50.558+0000] {processor.py:161} INFO - Started process (PID=5942) to work on /opt/airflow/dags/dag_three.py
[2025-10-03T13:00:50.559+0000] {processor.py:830} INFO - Processing file /opt/airflow/dags/dag_three.py for tasks to queue
[2025-10-03T13:00:50.560+0000] {logging_mixin.py:188} INFO - [2025-10-03T13:00:50.560+0000] {dagbag.py:545} INFO - Filling up the DagBag from /opt/airflow/dags/dag_three.py
[2025-10-03T13:00:50.571+0000] {processor.py:840} INFO - DAG(s) 'dag_three' retrieved from /opt/airflow/dags/dag_three.py
[2025-10-03T13:00:50.589+0000] {logging_mixin.py:188} INFO - [2025-10-03T13:00:50.589+0000] {dag.py:3096} INFO - Sync 1 DAGs
[2025-10-03T13:00:50.609+0000] {logging_mixin.py:188} INFO - [2025-10-03T13:00:50.609+0000] {dag.py:3954} INFO - Setting next_dagrun for dag_three to 2025-10-03 13:00:00+00:00, run_after=2025-10-03 13:01:00+00:00
[2025-10-03T13:00:50.635+0000] {processor.py:183} INFO - Processing /opt/airflow/dags/dag_three.py took 0.083 seconds
[2025-10-03T13:01:20.695+0000] {processor.py:161} INFO - Started process (PID=6003) to work on /opt/airflow/dags/dag_three.py
[2025-10-03T13:01:20.696+0000] {processor.py:830} INFO - Processing file /opt/airflow/dags/dag_three.py for tasks to queue
[2025-10-03T13:01:20.697+0000] {logging_mixin.py:188} INFO - [2025-10-03T13:01:20.697+0000] {dagbag.py:545} INFO - Filling up the DagBag from /opt/airflow/dags/dag_three.py
[2025-10-03T13:01:20.712+0000] {processor.py:840} INFO - DAG(s) 'dag_three' retrieved from /opt/airflow/dags/dag_three.py
[2025-10-03T13:01:20.732+0000] {logging_mixin.py:188} INFO - [2025-10-03T13:01:20.731+0000] {dag.py:3096} INFO - Sync 1 DAGs
[2025-10-03T13:01:20.756+0000] {logging_mixin.py:188} INFO - [2025-10-03T13:01:20.756+0000] {dag.py:3954} INFO - Setting next_dagrun for dag_three to 2025-10-03 13:01:00+00:00, run_after=2025-10-03 13:02:00+00:00
[2025-10-03T13:01:20.782+0000] {processor.py:183} INFO - Processing /opt/airflow/dags/dag_three.py took 0.094 seconds
[2025-10-03T13:01:51.221+0000] {processor.py:161} INFO - Started process (PID=6059) to work on /opt/airflow/dags/dag_three.py
[2025-10-03T13:01:51.223+0000] {processor.py:830} INFO - Processing file /opt/airflow/dags/dag_three.py for tasks to queue
[2025-10-03T13:01:51.224+0000] {logging_mixin.py:188} INFO - [2025-10-03T13:01:51.223+0000] {dagbag.py:545} INFO - Filling up the DagBag from /opt/airflow/dags/dag_three.py
[2025-10-03T13:01:51.236+0000] {processor.py:840} INFO - DAG(s) 'dag_three' retrieved from /opt/airflow/dags/dag_three.py
[2025-10-03T13:01:51.256+0000] {logging_mixin.py:188} INFO - [2025-10-03T13:01:51.256+0000] {dag.py:3096} INFO - Sync 1 DAGs
[2025-10-03T13:01:51.280+0000] {logging_mixin.py:188} INFO - [2025-10-03T13:01:51.280+0000] {dag.py:3954} INFO - Setting next_dagrun for dag_three to 2025-10-03 13:01:00+00:00, run_after=2025-10-03 13:02:00+00:00
[2025-10-03T13:01:51.312+0000] {processor.py:183} INFO - Processing /opt/airflow/dags/dag_three.py took 0.097 seconds
[2025-10-03T13:02:21.937+0000] {processor.py:161} INFO - Started process (PID=6125) to work on /opt/airflow/dags/dag_three.py
[2025-10-03T13:02:21.939+0000] {processor.py:830} INFO - Processing file /opt/airflow/dags/dag_three.py for tasks to queue
[2025-10-03T13:02:21.940+0000] {logging_mixin.py:188} INFO - [2025-10-03T13:02:21.940+0000] {dagbag.py:545} INFO - Filling up the DagBag from /opt/airflow/dags/dag_three.py
[2025-10-03T13:02:21.955+0000] {processor.py:840} INFO - DAG(s) 'dag_three' retrieved from /opt/airflow/dags/dag_three.py
[2025-10-03T13:02:21.975+0000] {logging_mixin.py:188} INFO - [2025-10-03T13:02:21.975+0000] {dag.py:3096} INFO - Sync 1 DAGs
[2025-10-03T13:02:21.998+0000] {logging_mixin.py:188} INFO - [2025-10-03T13:02:21.997+0000] {dag.py:3954} INFO - Setting next_dagrun for dag_three to 2025-10-03 13:02:00+00:00, run_after=2025-10-03 13:03:00+00:00
[2025-10-03T13:02:22.023+0000] {processor.py:183} INFO - Processing /opt/airflow/dags/dag_three.py took 0.096 seconds
[2025-10-03T13:02:52.200+0000] {processor.py:161} INFO - Started process (PID=6181) to work on /opt/airflow/dags/dag_three.py
[2025-10-03T13:02:52.203+0000] {processor.py:830} INFO - Processing file /opt/airflow/dags/dag_three.py for tasks to queue
[2025-10-03T13:02:52.204+0000] {logging_mixin.py:188} INFO - [2025-10-03T13:02:52.204+0000] {dagbag.py:545} INFO - Filling up the DagBag from /opt/airflow/dags/dag_three.py
[2025-10-03T13:02:52.226+0000] {processor.py:840} INFO - DAG(s) 'dag_three' retrieved from /opt/airflow/dags/dag_three.py
[2025-10-03T13:02:52.246+0000] {logging_mixin.py:188} INFO - [2025-10-03T13:02:52.246+0000] {dag.py:3096} INFO - Sync 1 DAGs
[2025-10-03T13:02:52.267+0000] {logging_mixin.py:188} INFO - [2025-10-03T13:02:52.267+0000] {dag.py:3954} INFO - Setting next_dagrun for dag_three to 2025-10-03 13:02:00+00:00, run_after=2025-10-03 13:03:00+00:00
[2025-10-03T13:02:52.294+0000] {processor.py:183} INFO - Processing /opt/airflow/dags/dag_three.py took 0.100 seconds
[2025-10-03T13:03:22.667+0000] {processor.py:161} INFO - Started process (PID=6242) to work on /opt/airflow/dags/dag_three.py
[2025-10-03T13:03:22.668+0000] {processor.py:830} INFO - Processing file /opt/airflow/dags/dag_three.py for tasks to queue
[2025-10-03T13:03:22.670+0000] {logging_mixin.py:188} INFO - [2025-10-03T13:03:22.669+0000] {dagbag.py:545} INFO - Filling up the DagBag from /opt/airflow/dags/dag_three.py
[2025-10-03T13:03:22.693+0000] {processor.py:840} INFO - DAG(s) 'dag_three' retrieved from /opt/airflow/dags/dag_three.py
[2025-10-03T13:03:22.867+0000] {logging_mixin.py:188} INFO - [2025-10-03T13:03:22.866+0000] {dag.py:3096} INFO - Sync 1 DAGs
[2025-10-03T13:03:22.886+0000] {logging_mixin.py:188} INFO - [2025-10-03T13:03:22.886+0000] {dag.py:3954} INFO - Setting next_dagrun for dag_three to 2025-10-03 13:03:00+00:00, run_after=2025-10-03 13:04:00+00:00
[2025-10-03T13:03:22.915+0000] {processor.py:183} INFO - Processing /opt/airflow/dags/dag_three.py took 0.254 seconds
[2025-10-03T13:03:53.016+0000] {processor.py:161} INFO - Started process (PID=6298) to work on /opt/airflow/dags/dag_three.py
[2025-10-03T13:03:53.018+0000] {processor.py:830} INFO - Processing file /opt/airflow/dags/dag_three.py for tasks to queue
[2025-10-03T13:03:53.020+0000] {logging_mixin.py:188} INFO - [2025-10-03T13:03:53.019+0000] {dagbag.py:545} INFO - Filling up the DagBag from /opt/airflow/dags/dag_three.py
[2025-10-03T13:03:53.053+0000] {processor.py:840} INFO - DAG(s) 'dag_three' retrieved from /opt/airflow/dags/dag_three.py
[2025-10-03T13:03:53.089+0000] {logging_mixin.py:188} INFO - [2025-10-03T13:03:53.088+0000] {dag.py:3096} INFO - Sync 1 DAGs
[2025-10-03T13:03:53.299+0000] {logging_mixin.py:188} INFO - [2025-10-03T13:03:53.298+0000] {dag.py:3954} INFO - Setting next_dagrun for dag_three to 2025-10-03 13:03:00+00:00, run_after=2025-10-03 13:04:00+00:00
[2025-10-03T13:03:53.330+0000] {processor.py:183} INFO - Processing /opt/airflow/dags/dag_three.py took 0.324 seconds
[2025-10-03T13:04:23.976+0000] {processor.py:161} INFO - Started process (PID=6364) to work on /opt/airflow/dags/dag_three.py
[2025-10-03T13:04:23.978+0000] {processor.py:830} INFO - Processing file /opt/airflow/dags/dag_three.py for tasks to queue
[2025-10-03T13:04:23.979+0000] {logging_mixin.py:188} INFO - [2025-10-03T13:04:23.979+0000] {dagbag.py:545} INFO - Filling up the DagBag from /opt/airflow/dags/dag_three.py
[2025-10-03T13:04:24.002+0000] {processor.py:840} INFO - DAG(s) 'dag_three' retrieved from /opt/airflow/dags/dag_three.py
[2025-10-03T13:04:24.024+0000] {logging_mixin.py:188} INFO - [2025-10-03T13:04:24.023+0000] {dag.py:3096} INFO - Sync 1 DAGs
[2025-10-03T13:04:24.047+0000] {logging_mixin.py:188} INFO - [2025-10-03T13:04:24.047+0000] {dag.py:3954} INFO - Setting next_dagrun for dag_three to 2025-10-03 13:04:00+00:00, run_after=2025-10-03 13:05:00+00:00
[2025-10-03T13:04:24.077+0000] {processor.py:183} INFO - Processing /opt/airflow/dags/dag_three.py took 0.107 seconds
[2025-10-03T13:04:54.417+0000] {processor.py:161} INFO - Started process (PID=6420) to work on /opt/airflow/dags/dag_three.py
[2025-10-03T13:04:54.418+0000] {processor.py:830} INFO - Processing file /opt/airflow/dags/dag_three.py for tasks to queue
[2025-10-03T13:04:54.419+0000] {logging_mixin.py:188} INFO - [2025-10-03T13:04:54.418+0000] {dagbag.py:545} INFO - Filling up the DagBag from /opt/airflow/dags/dag_three.py
[2025-10-03T13:04:54.431+0000] {processor.py:840} INFO - DAG(s) 'dag_three' retrieved from /opt/airflow/dags/dag_three.py
[2025-10-03T13:04:54.449+0000] {logging_mixin.py:188} INFO - [2025-10-03T13:04:54.449+0000] {dag.py:3096} INFO - Sync 1 DAGs
[2025-10-03T13:04:54.469+0000] {logging_mixin.py:188} INFO - [2025-10-03T13:04:54.469+0000] {dag.py:3954} INFO - Setting next_dagrun for dag_three to 2025-10-03 13:04:00+00:00, run_after=2025-10-03 13:05:00+00:00
[2025-10-03T13:04:54.499+0000] {processor.py:183} INFO - Processing /opt/airflow/dags/dag_three.py took 0.089 seconds
[2025-10-03T13:05:25.139+0000] {processor.py:161} INFO - Started process (PID=6481) to work on /opt/airflow/dags/dag_three.py
[2025-10-03T13:05:25.140+0000] {processor.py:830} INFO - Processing file /opt/airflow/dags/dag_three.py for tasks to queue
[2025-10-03T13:05:25.141+0000] {logging_mixin.py:188} INFO - [2025-10-03T13:05:25.141+0000] {dagbag.py:545} INFO - Filling up the DagBag from /opt/airflow/dags/dag_three.py
[2025-10-03T13:05:25.153+0000] {processor.py:840} INFO - DAG(s) 'dag_three' retrieved from /opt/airflow/dags/dag_three.py
[2025-10-03T13:05:25.172+0000] {logging_mixin.py:188} INFO - [2025-10-03T13:05:25.172+0000] {dag.py:3096} INFO - Sync 1 DAGs
[2025-10-03T13:05:25.196+0000] {logging_mixin.py:188} INFO - [2025-10-03T13:05:25.196+0000] {dag.py:3954} INFO - Setting next_dagrun for dag_three to 2025-10-03 13:05:00+00:00, run_after=2025-10-03 13:06:00+00:00
[2025-10-03T13:05:25.219+0000] {processor.py:183} INFO - Processing /opt/airflow/dags/dag_three.py took 0.086 seconds
[2025-10-03T13:05:55.840+0000] {processor.py:161} INFO - Started process (PID=6537) to work on /opt/airflow/dags/dag_three.py
[2025-10-03T13:05:55.841+0000] {processor.py:830} INFO - Processing file /opt/airflow/dags/dag_three.py for tasks to queue
[2025-10-03T13:05:55.841+0000] {logging_mixin.py:188} INFO - [2025-10-03T13:05:55.841+0000] {dagbag.py:545} INFO - Filling up the DagBag from /opt/airflow/dags/dag_three.py
[2025-10-03T13:05:55.853+0000] {processor.py:840} INFO - DAG(s) 'dag_three' retrieved from /opt/airflow/dags/dag_three.py
[2025-10-03T13:05:55.870+0000] {logging_mixin.py:188} INFO - [2025-10-03T13:05:55.870+0000] {dag.py:3096} INFO - Sync 1 DAGs
[2025-10-03T13:05:55.890+0000] {logging_mixin.py:188} INFO - [2025-10-03T13:05:55.890+0000] {dag.py:3954} INFO - Setting next_dagrun for dag_three to 2025-10-03 13:05:00+00:00, run_after=2025-10-03 13:06:00+00:00
[2025-10-03T13:05:55.918+0000] {processor.py:183} INFO - Processing /opt/airflow/dags/dag_three.py took 0.085 seconds
[2025-10-03T13:06:26.417+0000] {processor.py:161} INFO - Started process (PID=6599) to work on /opt/airflow/dags/dag_three.py
[2025-10-03T13:06:26.418+0000] {processor.py:830} INFO - Processing file /opt/airflow/dags/dag_three.py for tasks to queue
[2025-10-03T13:06:26.419+0000] {logging_mixin.py:188} INFO - [2025-10-03T13:06:26.419+0000] {dagbag.py:545} INFO - Filling up the DagBag from /opt/airflow/dags/dag_three.py
[2025-10-03T13:06:26.436+0000] {processor.py:840} INFO - DAG(s) 'dag_three' retrieved from /opt/airflow/dags/dag_three.py
[2025-10-03T13:06:26.455+0000] {logging_mixin.py:188} INFO - [2025-10-03T13:06:26.454+0000] {dag.py:3096} INFO - Sync 1 DAGs
[2025-10-03T13:06:26.475+0000] {logging_mixin.py:188} INFO - [2025-10-03T13:06:26.475+0000] {dag.py:3954} INFO - Setting next_dagrun for dag_three to 2025-10-03 13:06:00+00:00, run_after=2025-10-03 13:07:00+00:00
[2025-10-03T13:06:26.506+0000] {processor.py:183} INFO - Processing /opt/airflow/dags/dag_three.py took 0.095 seconds
[2025-10-03T13:06:57.234+0000] {processor.py:161} INFO - Started process (PID=6655) to work on /opt/airflow/dags/dag_three.py
[2025-10-03T13:06:57.235+0000] {processor.py:830} INFO - Processing file /opt/airflow/dags/dag_three.py for tasks to queue
[2025-10-03T13:06:57.236+0000] {logging_mixin.py:188} INFO - [2025-10-03T13:06:57.236+0000] {dagbag.py:545} INFO - Filling up the DagBag from /opt/airflow/dags/dag_three.py
[2025-10-03T13:06:57.249+0000] {processor.py:840} INFO - DAG(s) 'dag_three' retrieved from /opt/airflow/dags/dag_three.py
[2025-10-03T13:06:57.268+0000] {logging_mixin.py:188} INFO - [2025-10-03T13:06:57.268+0000] {dag.py:3096} INFO - Sync 1 DAGs
[2025-10-03T13:06:57.289+0000] {logging_mixin.py:188} INFO - [2025-10-03T13:06:57.288+0000] {dag.py:3954} INFO - Setting next_dagrun for dag_three to 2025-10-03 13:06:00+00:00, run_after=2025-10-03 13:07:00+00:00
[2025-10-03T13:06:57.315+0000] {processor.py:183} INFO - Processing /opt/airflow/dags/dag_three.py took 0.087 seconds
[2025-10-03T13:07:27.415+0000] {processor.py:161} INFO - Started process (PID=6715) to work on /opt/airflow/dags/dag_three.py
[2025-10-03T13:07:27.416+0000] {processor.py:830} INFO - Processing file /opt/airflow/dags/dag_three.py for tasks to queue
[2025-10-03T13:07:27.418+0000] {logging_mixin.py:188} INFO - [2025-10-03T13:07:27.417+0000] {dagbag.py:545} INFO - Filling up the DagBag from /opt/airflow/dags/dag_three.py
[2025-10-03T13:07:27.436+0000] {processor.py:840} INFO - DAG(s) 'dag_three' retrieved from /opt/airflow/dags/dag_three.py
[2025-10-03T13:07:27.457+0000] {logging_mixin.py:188} INFO - [2025-10-03T13:07:27.456+0000] {dag.py:3096} INFO - Sync 1 DAGs
[2025-10-03T13:07:27.479+0000] {logging_mixin.py:188} INFO - [2025-10-03T13:07:27.479+0000] {dag.py:3954} INFO - Setting next_dagrun for dag_three to 2025-10-03 13:07:00+00:00, run_after=2025-10-03 13:08:00+00:00
[2025-10-03T13:07:27.507+0000] {processor.py:183} INFO - Processing /opt/airflow/dags/dag_three.py took 0.099 seconds
[2025-10-03T13:07:58.186+0000] {processor.py:161} INFO - Started process (PID=6771) to work on /opt/airflow/dags/dag_three.py
[2025-10-03T13:07:58.188+0000] {processor.py:830} INFO - Processing file /opt/airflow/dags/dag_three.py for tasks to queue
[2025-10-03T13:07:58.190+0000] {logging_mixin.py:188} INFO - [2025-10-03T13:07:58.189+0000] {dagbag.py:545} INFO - Filling up the DagBag from /opt/airflow/dags/dag_three.py
[2025-10-03T13:07:58.207+0000] {processor.py:840} INFO - DAG(s) 'dag_three' retrieved from /opt/airflow/dags/dag_three.py
[2025-10-03T13:07:58.230+0000] {logging_mixin.py:188} INFO - [2025-10-03T13:07:58.230+0000] {dag.py:3096} INFO - Sync 1 DAGs
[2025-10-03T13:07:58.255+0000] {logging_mixin.py:188} INFO - [2025-10-03T13:07:58.255+0000] {dag.py:3954} INFO - Setting next_dagrun for dag_three to 2025-10-03 13:07:00+00:00, run_after=2025-10-03 13:08:00+00:00
[2025-10-03T13:07:58.284+0000] {processor.py:183} INFO - Processing /opt/airflow/dags/dag_three.py took 0.106 seconds
[2025-10-03T13:08:28.533+0000] {processor.py:161} INFO - Started process (PID=6833) to work on /opt/airflow/dags/dag_three.py
[2025-10-03T13:08:28.534+0000] {processor.py:830} INFO - Processing file /opt/airflow/dags/dag_three.py for tasks to queue
[2025-10-03T13:08:28.535+0000] {logging_mixin.py:188} INFO - [2025-10-03T13:08:28.535+0000] {dagbag.py:545} INFO - Filling up the DagBag from /opt/airflow/dags/dag_three.py
[2025-10-03T13:08:28.548+0000] {processor.py:840} INFO - DAG(s) 'dag_three' retrieved from /opt/airflow/dags/dag_three.py
[2025-10-03T13:08:28.570+0000] {logging_mixin.py:188} INFO - [2025-10-03T13:08:28.570+0000] {dag.py:3096} INFO - Sync 1 DAGs
[2025-10-03T13:08:28.595+0000] {logging_mixin.py:188} INFO - [2025-10-03T13:08:28.595+0000] {dag.py:3954} INFO - Setting next_dagrun for dag_three to 2025-10-03 13:08:00+00:00, run_after=2025-10-03 13:09:00+00:00
[2025-10-03T13:08:28.624+0000] {processor.py:183} INFO - Processing /opt/airflow/dags/dag_three.py took 0.099 seconds
[2025-10-03T13:08:59.104+0000] {processor.py:161} INFO - Started process (PID=6889) to work on /opt/airflow/dags/dag_three.py
[2025-10-03T13:08:59.105+0000] {processor.py:830} INFO - Processing file /opt/airflow/dags/dag_three.py for tasks to queue
[2025-10-03T13:08:59.107+0000] {logging_mixin.py:188} INFO - [2025-10-03T13:08:59.106+0000] {dagbag.py:545} INFO - Filling up the DagBag from /opt/airflow/dags/dag_three.py
[2025-10-03T13:08:59.119+0000] {processor.py:840} INFO - DAG(s) 'dag_three' retrieved from /opt/airflow/dags/dag_three.py
[2025-10-03T13:08:59.138+0000] {logging_mixin.py:188} INFO - [2025-10-03T13:08:59.138+0000] {dag.py:3096} INFO - Sync 1 DAGs
[2025-10-03T13:08:59.159+0000] {logging_mixin.py:188} INFO - [2025-10-03T13:08:59.159+0000] {dag.py:3954} INFO - Setting next_dagrun for dag_three to 2025-10-03 13:08:00+00:00, run_after=2025-10-03 13:09:00+00:00
[2025-10-03T13:08:59.183+0000] {processor.py:183} INFO - Processing /opt/airflow/dags/dag_three.py took 0.087 seconds
[2025-10-03T13:09:29.270+0000] {processor.py:161} INFO - Started process (PID=6950) to work on /opt/airflow/dags/dag_three.py
[2025-10-03T13:09:29.271+0000] {processor.py:830} INFO - Processing file /opt/airflow/dags/dag_three.py for tasks to queue
[2025-10-03T13:09:29.272+0000] {logging_mixin.py:188} INFO - [2025-10-03T13:09:29.271+0000] {dagbag.py:545} INFO - Filling up the DagBag from /opt/airflow/dags/dag_three.py
[2025-10-03T13:09:29.283+0000] {processor.py:840} INFO - DAG(s) 'dag_three' retrieved from /opt/airflow/dags/dag_three.py
[2025-10-03T13:09:29.303+0000] {logging_mixin.py:188} INFO - [2025-10-03T13:09:29.303+0000] {dag.py:3096} INFO - Sync 1 DAGs
[2025-10-03T13:09:29.327+0000] {logging_mixin.py:188} INFO - [2025-10-03T13:09:29.327+0000] {dag.py:3954} INFO - Setting next_dagrun for dag_three to 2025-10-03 13:09:00+00:00, run_after=2025-10-03 13:10:00+00:00
[2025-10-03T13:09:29.354+0000] {processor.py:183} INFO - Processing /opt/airflow/dags/dag_three.py took 0.090 seconds
[2025-10-03T13:09:59.925+0000] {processor.py:161} INFO - Started process (PID=7006) to work on /opt/airflow/dags/dag_three.py
[2025-10-03T13:09:59.927+0000] {processor.py:830} INFO - Processing file /opt/airflow/dags/dag_three.py for tasks to queue
[2025-10-03T13:09:59.931+0000] {logging_mixin.py:188} INFO - [2025-10-03T13:09:59.929+0000] {dagbag.py:545} INFO - Filling up the DagBag from /opt/airflow/dags/dag_three.py
[2025-10-03T13:09:59.962+0000] {processor.py:840} INFO - DAG(s) 'dag_three' retrieved from /opt/airflow/dags/dag_three.py
[2025-10-03T13:10:00.001+0000] {logging_mixin.py:188} INFO - [2025-10-03T13:10:00.000+0000] {dag.py:3096} INFO - Sync 1 DAGs
[2025-10-03T13:10:00.071+0000] {logging_mixin.py:188} INFO - [2025-10-03T13:10:00.071+0000] {dag.py:3954} INFO - Setting next_dagrun for dag_three to 2025-10-03 13:09:00+00:00, run_after=2025-10-03 13:10:00+00:00
[2025-10-03T13:10:00.117+0000] {processor.py:183} INFO - Processing /opt/airflow/dags/dag_three.py took 0.208 seconds
[2025-10-03T13:10:31.074+0000] {processor.py:161} INFO - Started process (PID=7072) to work on /opt/airflow/dags/dag_three.py
[2025-10-03T13:10:31.075+0000] {processor.py:830} INFO - Processing file /opt/airflow/dags/dag_three.py for tasks to queue
[2025-10-03T13:10:31.076+0000] {logging_mixin.py:188} INFO - [2025-10-03T13:10:31.076+0000] {dagbag.py:545} INFO - Filling up the DagBag from /opt/airflow/dags/dag_three.py
[2025-10-03T13:10:31.091+0000] {processor.py:840} INFO - DAG(s) 'dag_three' retrieved from /opt/airflow/dags/dag_three.py
[2025-10-03T13:10:31.110+0000] {logging_mixin.py:188} INFO - [2025-10-03T13:10:31.110+0000] {dag.py:3096} INFO - Sync 1 DAGs
[2025-10-03T13:10:31.132+0000] {logging_mixin.py:188} INFO - [2025-10-03T13:10:31.132+0000] {dag.py:3954} INFO - Setting next_dagrun for dag_three to 2025-10-03 13:10:00+00:00, run_after=2025-10-03 13:11:00+00:00
[2025-10-03T13:10:31.161+0000] {processor.py:183} INFO - Processing /opt/airflow/dags/dag_three.py took 0.095 seconds
[2025-10-03T13:11:01.367+0000] {processor.py:161} INFO - Started process (PID=7133) to work on /opt/airflow/dags/dag_three.py
[2025-10-03T13:11:01.368+0000] {processor.py:830} INFO - Processing file /opt/airflow/dags/dag_three.py for tasks to queue
[2025-10-03T13:11:01.370+0000] {logging_mixin.py:188} INFO - [2025-10-03T13:11:01.369+0000] {dagbag.py:545} INFO - Filling up the DagBag from /opt/airflow/dags/dag_three.py
[2025-10-03T13:11:01.392+0000] {processor.py:840} INFO - DAG(s) 'dag_three' retrieved from /opt/airflow/dags/dag_three.py
[2025-10-03T13:11:01.420+0000] {logging_mixin.py:188} INFO - [2025-10-03T13:11:01.420+0000] {dag.py:3096} INFO - Sync 1 DAGs
[2025-10-03T13:11:01.448+0000] {logging_mixin.py:188} INFO - [2025-10-03T13:11:01.447+0000] {dag.py:3954} INFO - Setting next_dagrun for dag_three to 2025-10-03 13:11:00+00:00, run_after=2025-10-03 13:12:00+00:00
[2025-10-03T13:11:01.474+0000] {processor.py:183} INFO - Processing /opt/airflow/dags/dag_three.py took 0.119 seconds
[2025-10-03T13:11:31.539+0000] {processor.py:161} INFO - Started process (PID=7189) to work on /opt/airflow/dags/dag_three.py
[2025-10-03T13:11:31.541+0000] {processor.py:830} INFO - Processing file /opt/airflow/dags/dag_three.py for tasks to queue
[2025-10-03T13:11:31.542+0000] {logging_mixin.py:188} INFO - [2025-10-03T13:11:31.541+0000] {dagbag.py:545} INFO - Filling up the DagBag from /opt/airflow/dags/dag_three.py
[2025-10-03T13:11:31.555+0000] {processor.py:840} INFO - DAG(s) 'dag_three' retrieved from /opt/airflow/dags/dag_three.py
[2025-10-03T13:11:31.575+0000] {logging_mixin.py:188} INFO - [2025-10-03T13:11:31.575+0000] {dag.py:3096} INFO - Sync 1 DAGs
[2025-10-03T13:11:31.596+0000] {logging_mixin.py:188} INFO - [2025-10-03T13:11:31.596+0000] {dag.py:3954} INFO - Setting next_dagrun for dag_three to 2025-10-03 13:11:00+00:00, run_after=2025-10-03 13:12:00+00:00
[2025-10-03T13:11:31.620+0000] {processor.py:183} INFO - Processing /opt/airflow/dags/dag_three.py took 0.088 seconds
[2025-10-03T13:12:02.092+0000] {processor.py:161} INFO - Started process (PID=7251) to work on /opt/airflow/dags/dag_three.py
[2025-10-03T13:12:02.094+0000] {processor.py:830} INFO - Processing file /opt/airflow/dags/dag_three.py for tasks to queue
[2025-10-03T13:12:02.096+0000] {logging_mixin.py:188} INFO - [2025-10-03T13:12:02.096+0000] {dagbag.py:545} INFO - Filling up the DagBag from /opt/airflow/dags/dag_three.py
[2025-10-03T13:12:02.123+0000] {processor.py:840} INFO - DAG(s) 'dag_three' retrieved from /opt/airflow/dags/dag_three.py
[2025-10-03T13:12:02.181+0000] {logging_mixin.py:188} INFO - [2025-10-03T13:12:02.181+0000] {dag.py:3096} INFO - Sync 1 DAGs
[2025-10-03T13:12:02.228+0000] {logging_mixin.py:188} INFO - [2025-10-03T13:12:02.228+0000] {dag.py:3954} INFO - Setting next_dagrun for dag_three to 2025-10-03 13:12:00+00:00, run_after=2025-10-03 13:13:00+00:00
[2025-10-03T13:12:02.267+0000] {processor.py:183} INFO - Processing /opt/airflow/dags/dag_three.py took 0.189 seconds
[2025-10-03T13:12:32.498+0000] {processor.py:161} INFO - Started process (PID=7311) to work on /opt/airflow/dags/dag_three.py
[2025-10-03T13:12:32.500+0000] {processor.py:830} INFO - Processing file /opt/airflow/dags/dag_three.py for tasks to queue
[2025-10-03T13:12:32.501+0000] {logging_mixin.py:188} INFO - [2025-10-03T13:12:32.501+0000] {dagbag.py:545} INFO - Filling up the DagBag from /opt/airflow/dags/dag_three.py
[2025-10-03T13:12:32.515+0000] {processor.py:840} INFO - DAG(s) 'dag_three' retrieved from /opt/airflow/dags/dag_three.py
[2025-10-03T13:12:32.534+0000] {logging_mixin.py:188} INFO - [2025-10-03T13:12:32.534+0000] {dag.py:3096} INFO - Sync 1 DAGs
[2025-10-03T13:12:32.555+0000] {logging_mixin.py:188} INFO - [2025-10-03T13:12:32.555+0000] {dag.py:3954} INFO - Setting next_dagrun for dag_three to 2025-10-03 13:12:00+00:00, run_after=2025-10-03 13:13:00+00:00
[2025-10-03T13:12:32.579+0000] {processor.py:183} INFO - Processing /opt/airflow/dags/dag_three.py took 0.088 seconds
[2025-10-03T13:13:03.006+0000] {processor.py:161} INFO - Started process (PID=7372) to work on /opt/airflow/dags/dag_three.py
[2025-10-03T13:13:03.016+0000] {processor.py:830} INFO - Processing file /opt/airflow/dags/dag_three.py for tasks to queue
[2025-10-03T13:13:03.023+0000] {logging_mixin.py:188} INFO - [2025-10-03T13:13:03.021+0000] {dagbag.py:545} INFO - Filling up the DagBag from /opt/airflow/dags/dag_three.py
[2025-10-03T13:13:03.094+0000] {processor.py:840} INFO - DAG(s) 'dag_three' retrieved from /opt/airflow/dags/dag_three.py
[2025-10-03T13:13:03.195+0000] {logging_mixin.py:188} INFO - [2025-10-03T13:13:03.194+0000] {dag.py:3096} INFO - Sync 1 DAGs
[2025-10-03T13:13:03.328+0000] {logging_mixin.py:188} INFO - [2025-10-03T13:13:03.327+0000] {dag.py:3954} INFO - Setting next_dagrun for dag_three to 2025-10-03 13:13:00+00:00, run_after=2025-10-03 13:14:00+00:00
[2025-10-03T13:13:03.433+0000] {processor.py:183} INFO - Processing /opt/airflow/dags/dag_three.py took 0.462 seconds
