[2025-10-03T12:56:52.829+0000] {processor.py:161} INFO - Started process (PID=5473) to work on /opt/airflow/dags/dag_four.py
[2025-10-03T12:56:52.833+0000] {processor.py:830} INFO - Processing file /opt/airflow/dags/dag_four.py for tasks to queue
[2025-10-03T12:56:52.836+0000] {logging_mixin.py:188} INFO - [2025-10-03T12:56:52.835+0000] {dagbag.py:545} INFO - Filling up the DagBag from /opt/airflow/dags/dag_four.py
[2025-10-03T12:56:52.906+0000] {processor.py:840} INFO - DAG(s) 'dag_four' retrieved from /opt/airflow/dags/dag_four.py
[2025-10-03T12:56:53.191+0000] {logging_mixin.py:188} INFO - [2025-10-03T12:56:53.190+0000] {override.py:1829} INFO - Created Permission View: can read on DAG:dag_four
[2025-10-03T12:56:53.222+0000] {logging_mixin.py:188} INFO - [2025-10-03T12:56:53.221+0000] {override.py:1829} INFO - Created Permission View: can delete on DAG:dag_four
[2025-10-03T12:56:53.241+0000] {logging_mixin.py:188} INFO - [2025-10-03T12:56:53.240+0000] {override.py:1829} INFO - Created Permission View: can edit on DAG:dag_four
[2025-10-03T12:56:53.242+0000] {logging_mixin.py:188} INFO - [2025-10-03T12:56:53.242+0000] {dag.py:3096} INFO - Sync 1 DAGs
[2025-10-03T12:56:53.260+0000] {logging_mixin.py:188} INFO - [2025-10-03T12:56:53.260+0000] {dag.py:3118} INFO - Creating ORM DAG for dag_four
[2025-10-03T12:56:53.275+0000] {logging_mixin.py:188} INFO - [2025-10-03T12:56:53.275+0000] {dag.py:3954} INFO - Setting next_dagrun for dag_four to 2025-10-03 12:54:00+00:00, run_after=2025-10-03 12:56:00+00:00
[2025-10-03T12:56:53.327+0000] {processor.py:183} INFO - Processing /opt/airflow/dags/dag_four.py took 0.517 seconds
[2025-10-03T12:57:24.068+0000] {processor.py:161} INFO - Started process (PID=5534) to work on /opt/airflow/dags/dag_four.py
[2025-10-03T12:57:24.069+0000] {processor.py:830} INFO - Processing file /opt/airflow/dags/dag_four.py for tasks to queue
[2025-10-03T12:57:24.070+0000] {logging_mixin.py:188} INFO - [2025-10-03T12:57:24.070+0000] {dagbag.py:545} INFO - Filling up the DagBag from /opt/airflow/dags/dag_four.py
[2025-10-03T12:57:24.083+0000] {processor.py:840} INFO - DAG(s) 'dag_four' retrieved from /opt/airflow/dags/dag_four.py
[2025-10-03T12:57:24.106+0000] {logging_mixin.py:188} INFO - [2025-10-03T12:57:24.106+0000] {dag.py:3096} INFO - Sync 1 DAGs
[2025-10-03T12:57:24.129+0000] {logging_mixin.py:188} INFO - [2025-10-03T12:57:24.129+0000] {dag.py:3954} INFO - Setting next_dagrun for dag_four to 2025-10-03 12:56:00+00:00, run_after=2025-10-03 12:58:00+00:00
[2025-10-03T12:57:24.154+0000] {processor.py:183} INFO - Processing /opt/airflow/dags/dag_four.py took 0.092 seconds
[2025-10-03T12:57:54.408+0000] {processor.py:161} INFO - Started process (PID=5590) to work on /opt/airflow/dags/dag_four.py
[2025-10-03T12:57:54.409+0000] {processor.py:830} INFO - Processing file /opt/airflow/dags/dag_four.py for tasks to queue
[2025-10-03T12:57:54.410+0000] {logging_mixin.py:188} INFO - [2025-10-03T12:57:54.409+0000] {dagbag.py:545} INFO - Filling up the DagBag from /opt/airflow/dags/dag_four.py
[2025-10-03T12:57:54.424+0000] {processor.py:840} INFO - DAG(s) 'dag_four' retrieved from /opt/airflow/dags/dag_four.py
[2025-10-03T12:57:54.446+0000] {logging_mixin.py:188} INFO - [2025-10-03T12:57:54.446+0000] {dag.py:3096} INFO - Sync 1 DAGs
[2025-10-03T12:57:54.467+0000] {logging_mixin.py:188} INFO - [2025-10-03T12:57:54.467+0000] {dag.py:3954} INFO - Setting next_dagrun for dag_four to 2025-10-03 12:56:00+00:00, run_after=2025-10-03 12:58:00+00:00
[2025-10-03T12:57:54.494+0000] {processor.py:183} INFO - Processing /opt/airflow/dags/dag_four.py took 0.092 seconds
[2025-10-03T12:58:24.723+0000] {processor.py:161} INFO - Started process (PID=5656) to work on /opt/airflow/dags/dag_four.py
[2025-10-03T12:58:24.724+0000] {processor.py:830} INFO - Processing file /opt/airflow/dags/dag_four.py for tasks to queue
[2025-10-03T12:58:24.725+0000] {logging_mixin.py:188} INFO - [2025-10-03T12:58:24.725+0000] {dagbag.py:545} INFO - Filling up the DagBag from /opt/airflow/dags/dag_four.py
[2025-10-03T12:58:24.740+0000] {processor.py:840} INFO - DAG(s) 'dag_four' retrieved from /opt/airflow/dags/dag_four.py
[2025-10-03T12:58:24.761+0000] {logging_mixin.py:188} INFO - [2025-10-03T12:58:24.760+0000] {dag.py:3096} INFO - Sync 1 DAGs
[2025-10-03T12:58:24.781+0000] {logging_mixin.py:188} INFO - [2025-10-03T12:58:24.781+0000] {dag.py:3954} INFO - Setting next_dagrun for dag_four to 2025-10-03 12:58:00+00:00, run_after=2025-10-03 13:00:00+00:00
[2025-10-03T12:58:24.808+0000] {processor.py:183} INFO - Processing /opt/airflow/dags/dag_four.py took 0.091 seconds
[2025-10-03T12:58:54.911+0000] {processor.py:161} INFO - Started process (PID=5712) to work on /opt/airflow/dags/dag_four.py
[2025-10-03T12:58:54.912+0000] {processor.py:830} INFO - Processing file /opt/airflow/dags/dag_four.py for tasks to queue
[2025-10-03T12:58:54.913+0000] {logging_mixin.py:188} INFO - [2025-10-03T12:58:54.912+0000] {dagbag.py:545} INFO - Filling up the DagBag from /opt/airflow/dags/dag_four.py
[2025-10-03T12:58:54.930+0000] {processor.py:840} INFO - DAG(s) 'dag_four' retrieved from /opt/airflow/dags/dag_four.py
[2025-10-03T12:58:54.953+0000] {logging_mixin.py:188} INFO - [2025-10-03T12:58:54.953+0000] {dag.py:3096} INFO - Sync 1 DAGs
[2025-10-03T12:58:54.975+0000] {logging_mixin.py:188} INFO - [2025-10-03T12:58:54.975+0000] {dag.py:3954} INFO - Setting next_dagrun for dag_four to 2025-10-03 12:58:00+00:00, run_after=2025-10-03 13:00:00+00:00
[2025-10-03T12:58:55.007+0000] {processor.py:183} INFO - Processing /opt/airflow/dags/dag_four.py took 0.102 seconds
[2025-10-03T12:59:25.203+0000] {processor.py:161} INFO - Started process (PID=5771) to work on /opt/airflow/dags/dag_four.py
[2025-10-03T12:59:25.204+0000] {processor.py:830} INFO - Processing file /opt/airflow/dags/dag_four.py for tasks to queue
[2025-10-03T12:59:25.207+0000] {logging_mixin.py:188} INFO - [2025-10-03T12:59:25.205+0000] {dagbag.py:545} INFO - Filling up the DagBag from /opt/airflow/dags/dag_four.py
[2025-10-03T12:59:25.231+0000] {processor.py:840} INFO - DAG(s) 'dag_four' retrieved from /opt/airflow/dags/dag_four.py
[2025-10-03T12:59:25.264+0000] {logging_mixin.py:188} INFO - [2025-10-03T12:59:25.263+0000] {dag.py:3096} INFO - Sync 1 DAGs
[2025-10-03T12:59:25.288+0000] {logging_mixin.py:188} INFO - [2025-10-03T12:59:25.288+0000] {dag.py:3954} INFO - Setting next_dagrun for dag_four to 2025-10-03 12:58:00+00:00, run_after=2025-10-03 13:00:00+00:00
[2025-10-03T12:59:25.317+0000] {processor.py:183} INFO - Processing /opt/airflow/dags/dag_four.py took 0.121 seconds
[2025-10-03T12:59:55.717+0000] {processor.py:161} INFO - Started process (PID=5827) to work on /opt/airflow/dags/dag_four.py
[2025-10-03T12:59:55.719+0000] {processor.py:830} INFO - Processing file /opt/airflow/dags/dag_four.py for tasks to queue
[2025-10-03T12:59:55.721+0000] {logging_mixin.py:188} INFO - [2025-10-03T12:59:55.720+0000] {dagbag.py:545} INFO - Filling up the DagBag from /opt/airflow/dags/dag_four.py
[2025-10-03T12:59:55.750+0000] {processor.py:840} INFO - DAG(s) 'dag_four' retrieved from /opt/airflow/dags/dag_four.py
[2025-10-03T12:59:55.794+0000] {logging_mixin.py:188} INFO - [2025-10-03T12:59:55.793+0000] {dag.py:3096} INFO - Sync 1 DAGs
[2025-10-03T12:59:55.837+0000] {logging_mixin.py:188} INFO - [2025-10-03T12:59:55.836+0000] {dag.py:3954} INFO - Setting next_dagrun for dag_four to 2025-10-03 12:58:00+00:00, run_after=2025-10-03 13:00:00+00:00
[2025-10-03T12:59:55.865+0000] {processor.py:183} INFO - Processing /opt/airflow/dags/dag_four.py took 0.154 seconds
[2025-10-03T13:00:26.470+0000] {processor.py:161} INFO - Started process (PID=5893) to work on /opt/airflow/dags/dag_four.py
[2025-10-03T13:00:26.471+0000] {processor.py:830} INFO - Processing file /opt/airflow/dags/dag_four.py for tasks to queue
[2025-10-03T13:00:26.472+0000] {logging_mixin.py:188} INFO - [2025-10-03T13:00:26.472+0000] {dagbag.py:545} INFO - Filling up the DagBag from /opt/airflow/dags/dag_four.py
[2025-10-03T13:00:26.486+0000] {processor.py:840} INFO - DAG(s) 'dag_four' retrieved from /opt/airflow/dags/dag_four.py
[2025-10-03T13:00:26.506+0000] {logging_mixin.py:188} INFO - [2025-10-03T13:00:26.506+0000] {dag.py:3096} INFO - Sync 1 DAGs
[2025-10-03T13:00:26.527+0000] {logging_mixin.py:188} INFO - [2025-10-03T13:00:26.527+0000] {dag.py:3954} INFO - Setting next_dagrun for dag_four to 2025-10-03 13:00:00+00:00, run_after=2025-10-03 13:02:00+00:00
[2025-10-03T13:00:26.553+0000] {processor.py:183} INFO - Processing /opt/airflow/dags/dag_four.py took 0.090 seconds
[2025-10-03T13:00:57.033+0000] {processor.py:161} INFO - Started process (PID=5949) to work on /opt/airflow/dags/dag_four.py
[2025-10-03T13:00:57.035+0000] {processor.py:830} INFO - Processing file /opt/airflow/dags/dag_four.py for tasks to queue
[2025-10-03T13:00:57.036+0000] {logging_mixin.py:188} INFO - [2025-10-03T13:00:57.036+0000] {dagbag.py:545} INFO - Filling up the DagBag from /opt/airflow/dags/dag_four.py
[2025-10-03T13:00:57.062+0000] {processor.py:840} INFO - DAG(s) 'dag_four' retrieved from /opt/airflow/dags/dag_four.py
[2025-10-03T13:00:57.099+0000] {logging_mixin.py:188} INFO - [2025-10-03T13:00:57.099+0000] {dag.py:3096} INFO - Sync 1 DAGs
[2025-10-03T13:00:57.136+0000] {logging_mixin.py:188} INFO - [2025-10-03T13:00:57.136+0000] {dag.py:3954} INFO - Setting next_dagrun for dag_four to 2025-10-03 13:00:00+00:00, run_after=2025-10-03 13:02:00+00:00
[2025-10-03T13:00:57.173+0000] {processor.py:183} INFO - Processing /opt/airflow/dags/dag_four.py took 0.147 seconds
[2025-10-03T13:01:27.451+0000] {processor.py:161} INFO - Started process (PID=6010) to work on /opt/airflow/dags/dag_four.py
[2025-10-03T13:01:27.452+0000] {processor.py:830} INFO - Processing file /opt/airflow/dags/dag_four.py for tasks to queue
[2025-10-03T13:01:27.453+0000] {logging_mixin.py:188} INFO - [2025-10-03T13:01:27.453+0000] {dagbag.py:545} INFO - Filling up the DagBag from /opt/airflow/dags/dag_four.py
[2025-10-03T13:01:27.466+0000] {processor.py:840} INFO - DAG(s) 'dag_four' retrieved from /opt/airflow/dags/dag_four.py
[2025-10-03T13:01:27.489+0000] {logging_mixin.py:188} INFO - [2025-10-03T13:01:27.489+0000] {dag.py:3096} INFO - Sync 1 DAGs
[2025-10-03T13:01:27.515+0000] {logging_mixin.py:188} INFO - [2025-10-03T13:01:27.515+0000] {dag.py:3954} INFO - Setting next_dagrun for dag_four to 2025-10-03 13:00:00+00:00, run_after=2025-10-03 13:02:00+00:00
[2025-10-03T13:01:27.765+0000] {processor.py:183} INFO - Processing /opt/airflow/dags/dag_four.py took 0.319 seconds
[2025-10-03T13:01:57.995+0000] {processor.py:161} INFO - Started process (PID=6066) to work on /opt/airflow/dags/dag_four.py
[2025-10-03T13:01:57.996+0000] {processor.py:830} INFO - Processing file /opt/airflow/dags/dag_four.py for tasks to queue
[2025-10-03T13:01:57.997+0000] {logging_mixin.py:188} INFO - [2025-10-03T13:01:57.997+0000] {dagbag.py:545} INFO - Filling up the DagBag from /opt/airflow/dags/dag_four.py
[2025-10-03T13:01:58.010+0000] {processor.py:840} INFO - DAG(s) 'dag_four' retrieved from /opt/airflow/dags/dag_four.py
[2025-10-03T13:01:58.030+0000] {logging_mixin.py:188} INFO - [2025-10-03T13:01:58.030+0000] {dag.py:3096} INFO - Sync 1 DAGs
[2025-10-03T13:01:58.206+0000] {logging_mixin.py:188} INFO - [2025-10-03T13:01:58.206+0000] {dag.py:3954} INFO - Setting next_dagrun for dag_four to 2025-10-03 13:00:00+00:00, run_after=2025-10-03 13:02:00+00:00
[2025-10-03T13:01:58.234+0000] {processor.py:183} INFO - Processing /opt/airflow/dags/dag_four.py took 0.247 seconds
[2025-10-03T13:02:28.448+0000] {processor.py:161} INFO - Started process (PID=6132) to work on /opt/airflow/dags/dag_four.py
[2025-10-03T13:02:28.450+0000] {processor.py:830} INFO - Processing file /opt/airflow/dags/dag_four.py for tasks to queue
[2025-10-03T13:02:28.451+0000] {logging_mixin.py:188} INFO - [2025-10-03T13:02:28.451+0000] {dagbag.py:545} INFO - Filling up the DagBag from /opt/airflow/dags/dag_four.py
[2025-10-03T13:02:28.468+0000] {processor.py:840} INFO - DAG(s) 'dag_four' retrieved from /opt/airflow/dags/dag_four.py
[2025-10-03T13:02:28.493+0000] {logging_mixin.py:188} INFO - [2025-10-03T13:02:28.493+0000] {dag.py:3096} INFO - Sync 1 DAGs
[2025-10-03T13:02:28.518+0000] {logging_mixin.py:188} INFO - [2025-10-03T13:02:28.517+0000] {dag.py:3954} INFO - Setting next_dagrun for dag_four to 2025-10-03 13:02:00+00:00, run_after=2025-10-03 13:04:00+00:00
[2025-10-03T13:02:28.548+0000] {processor.py:183} INFO - Processing /opt/airflow/dags/dag_four.py took 0.108 seconds
[2025-10-03T13:02:58.650+0000] {processor.py:161} INFO - Started process (PID=6188) to work on /opt/airflow/dags/dag_four.py
[2025-10-03T13:02:58.651+0000] {processor.py:830} INFO - Processing file /opt/airflow/dags/dag_four.py for tasks to queue
[2025-10-03T13:02:58.652+0000] {logging_mixin.py:188} INFO - [2025-10-03T13:02:58.652+0000] {dagbag.py:545} INFO - Filling up the DagBag from /opt/airflow/dags/dag_four.py
[2025-10-03T13:02:58.670+0000] {processor.py:840} INFO - DAG(s) 'dag_four' retrieved from /opt/airflow/dags/dag_four.py
[2025-10-03T13:02:58.691+0000] {logging_mixin.py:188} INFO - [2025-10-03T13:02:58.690+0000] {dag.py:3096} INFO - Sync 1 DAGs
[2025-10-03T13:02:58.711+0000] {logging_mixin.py:188} INFO - [2025-10-03T13:02:58.711+0000] {dag.py:3954} INFO - Setting next_dagrun for dag_four to 2025-10-03 13:02:00+00:00, run_after=2025-10-03 13:04:00+00:00
[2025-10-03T13:02:58.743+0000] {processor.py:183} INFO - Processing /opt/airflow/dags/dag_four.py took 0.098 seconds
[2025-10-03T13:03:29.169+0000] {processor.py:161} INFO - Started process (PID=6249) to work on /opt/airflow/dags/dag_four.py
[2025-10-03T13:03:29.170+0000] {processor.py:830} INFO - Processing file /opt/airflow/dags/dag_four.py for tasks to queue
[2025-10-03T13:03:29.172+0000] {logging_mixin.py:188} INFO - [2025-10-03T13:03:29.171+0000] {dagbag.py:545} INFO - Filling up the DagBag from /opt/airflow/dags/dag_four.py
[2025-10-03T13:03:29.192+0000] {processor.py:840} INFO - DAG(s) 'dag_four' retrieved from /opt/airflow/dags/dag_four.py
[2025-10-03T13:03:29.215+0000] {logging_mixin.py:188} INFO - [2025-10-03T13:03:29.215+0000] {dag.py:3096} INFO - Sync 1 DAGs
[2025-10-03T13:03:29.245+0000] {logging_mixin.py:188} INFO - [2025-10-03T13:03:29.245+0000] {dag.py:3954} INFO - Setting next_dagrun for dag_four to 2025-10-03 13:02:00+00:00, run_after=2025-10-03 13:04:00+00:00
[2025-10-03T13:03:29.288+0000] {processor.py:183} INFO - Processing /opt/airflow/dags/dag_four.py took 0.129 seconds
[2025-10-03T13:03:59.347+0000] {processor.py:161} INFO - Started process (PID=6305) to work on /opt/airflow/dags/dag_four.py
[2025-10-03T13:03:59.348+0000] {processor.py:830} INFO - Processing file /opt/airflow/dags/dag_four.py for tasks to queue
[2025-10-03T13:03:59.349+0000] {logging_mixin.py:188} INFO - [2025-10-03T13:03:59.349+0000] {dagbag.py:545} INFO - Filling up the DagBag from /opt/airflow/dags/dag_four.py
[2025-10-03T13:03:59.367+0000] {processor.py:840} INFO - DAG(s) 'dag_four' retrieved from /opt/airflow/dags/dag_four.py
[2025-10-03T13:03:59.531+0000] {logging_mixin.py:188} INFO - [2025-10-03T13:03:59.530+0000] {dag.py:3096} INFO - Sync 1 DAGs
[2025-10-03T13:03:59.549+0000] {logging_mixin.py:188} INFO - [2025-10-03T13:03:59.549+0000] {dag.py:3954} INFO - Setting next_dagrun for dag_four to 2025-10-03 13:02:00+00:00, run_after=2025-10-03 13:04:00+00:00
[2025-10-03T13:03:59.578+0000] {processor.py:183} INFO - Processing /opt/airflow/dags/dag_four.py took 0.237 seconds
[2025-10-03T13:04:30.493+0000] {processor.py:161} INFO - Started process (PID=6371) to work on /opt/airflow/dags/dag_four.py
[2025-10-03T13:04:30.495+0000] {processor.py:830} INFO - Processing file /opt/airflow/dags/dag_four.py for tasks to queue
[2025-10-03T13:04:30.497+0000] {logging_mixin.py:188} INFO - [2025-10-03T13:04:30.496+0000] {dagbag.py:545} INFO - Filling up the DagBag from /opt/airflow/dags/dag_four.py
[2025-10-03T13:04:30.521+0000] {processor.py:840} INFO - DAG(s) 'dag_four' retrieved from /opt/airflow/dags/dag_four.py
[2025-10-03T13:04:30.554+0000] {logging_mixin.py:188} INFO - [2025-10-03T13:04:30.553+0000] {dag.py:3096} INFO - Sync 1 DAGs
[2025-10-03T13:04:30.594+0000] {logging_mixin.py:188} INFO - [2025-10-03T13:04:30.594+0000] {dag.py:3954} INFO - Setting next_dagrun for dag_four to 2025-10-03 13:04:00+00:00, run_after=2025-10-03 13:06:00+00:00
[2025-10-03T13:04:30.640+0000] {processor.py:183} INFO - Processing /opt/airflow/dags/dag_four.py took 0.157 seconds
[2025-10-03T13:05:00.885+0000] {processor.py:161} INFO - Started process (PID=6432) to work on /opt/airflow/dags/dag_four.py
[2025-10-03T13:05:00.886+0000] {processor.py:830} INFO - Processing file /opt/airflow/dags/dag_four.py for tasks to queue
[2025-10-03T13:05:00.888+0000] {logging_mixin.py:188} INFO - [2025-10-03T13:05:00.887+0000] {dagbag.py:545} INFO - Filling up the DagBag from /opt/airflow/dags/dag_four.py
[2025-10-03T13:05:00.911+0000] {processor.py:840} INFO - DAG(s) 'dag_four' retrieved from /opt/airflow/dags/dag_four.py
[2025-10-03T13:05:00.938+0000] {logging_mixin.py:188} INFO - [2025-10-03T13:05:00.938+0000] {dag.py:3096} INFO - Sync 1 DAGs
[2025-10-03T13:05:00.967+0000] {logging_mixin.py:188} INFO - [2025-10-03T13:05:00.966+0000] {dag.py:3954} INFO - Setting next_dagrun for dag_four to 2025-10-03 13:04:00+00:00, run_after=2025-10-03 13:06:00+00:00
[2025-10-03T13:05:01.003+0000] {processor.py:183} INFO - Processing /opt/airflow/dags/dag_four.py took 0.129 seconds
[2025-10-03T13:05:31.599+0000] {processor.py:161} INFO - Started process (PID=6488) to work on /opt/airflow/dags/dag_four.py
[2025-10-03T13:05:31.601+0000] {processor.py:830} INFO - Processing file /opt/airflow/dags/dag_four.py for tasks to queue
[2025-10-03T13:05:31.602+0000] {logging_mixin.py:188} INFO - [2025-10-03T13:05:31.601+0000] {dagbag.py:545} INFO - Filling up the DagBag from /opt/airflow/dags/dag_four.py
[2025-10-03T13:05:31.629+0000] {processor.py:840} INFO - DAG(s) 'dag_four' retrieved from /opt/airflow/dags/dag_four.py
[2025-10-03T13:05:31.655+0000] {logging_mixin.py:188} INFO - [2025-10-03T13:05:31.655+0000] {dag.py:3096} INFO - Sync 1 DAGs
[2025-10-03T13:05:31.682+0000] {logging_mixin.py:188} INFO - [2025-10-03T13:05:31.682+0000] {dag.py:3954} INFO - Setting next_dagrun for dag_four to 2025-10-03 13:04:00+00:00, run_after=2025-10-03 13:06:00+00:00
[2025-10-03T13:05:31.715+0000] {processor.py:183} INFO - Processing /opt/airflow/dags/dag_four.py took 0.122 seconds
[2025-10-03T13:06:02.326+0000] {processor.py:161} INFO - Started process (PID=6550) to work on /opt/airflow/dags/dag_four.py
[2025-10-03T13:06:02.329+0000] {processor.py:830} INFO - Processing file /opt/airflow/dags/dag_four.py for tasks to queue
[2025-10-03T13:06:02.330+0000] {logging_mixin.py:188} INFO - [2025-10-03T13:06:02.330+0000] {dagbag.py:545} INFO - Filling up the DagBag from /opt/airflow/dags/dag_four.py
[2025-10-03T13:06:02.365+0000] {processor.py:840} INFO - DAG(s) 'dag_four' retrieved from /opt/airflow/dags/dag_four.py
[2025-10-03T13:06:02.413+0000] {logging_mixin.py:188} INFO - [2025-10-03T13:06:02.413+0000] {dag.py:3096} INFO - Sync 1 DAGs
[2025-10-03T13:06:02.470+0000] {logging_mixin.py:188} INFO - [2025-10-03T13:06:02.470+0000] {dag.py:3954} INFO - Setting next_dagrun for dag_four to 2025-10-03 13:06:00+00:00, run_after=2025-10-03 13:08:00+00:00
[2025-10-03T13:06:02.531+0000] {processor.py:183} INFO - Processing /opt/airflow/dags/dag_four.py took 0.213 seconds
[2025-10-03T13:06:32.880+0000] {processor.py:161} INFO - Started process (PID=6606) to work on /opt/airflow/dags/dag_four.py
[2025-10-03T13:06:32.881+0000] {processor.py:830} INFO - Processing file /opt/airflow/dags/dag_four.py for tasks to queue
[2025-10-03T13:06:32.882+0000] {logging_mixin.py:188} INFO - [2025-10-03T13:06:32.882+0000] {dagbag.py:545} INFO - Filling up the DagBag from /opt/airflow/dags/dag_four.py
[2025-10-03T13:06:32.900+0000] {processor.py:840} INFO - DAG(s) 'dag_four' retrieved from /opt/airflow/dags/dag_four.py
[2025-10-03T13:06:32.922+0000] {logging_mixin.py:188} INFO - [2025-10-03T13:06:32.921+0000] {dag.py:3096} INFO - Sync 1 DAGs
[2025-10-03T13:06:32.947+0000] {logging_mixin.py:188} INFO - [2025-10-03T13:06:32.946+0000] {dag.py:3954} INFO - Setting next_dagrun for dag_four to 2025-10-03 13:06:00+00:00, run_after=2025-10-03 13:08:00+00:00
[2025-10-03T13:06:32.975+0000] {processor.py:183} INFO - Processing /opt/airflow/dags/dag_four.py took 0.102 seconds
[2025-10-03T13:07:03.775+0000] {processor.py:161} INFO - Started process (PID=6667) to work on /opt/airflow/dags/dag_four.py
[2025-10-03T13:07:03.776+0000] {processor.py:830} INFO - Processing file /opt/airflow/dags/dag_four.py for tasks to queue
[2025-10-03T13:07:03.777+0000] {logging_mixin.py:188} INFO - [2025-10-03T13:07:03.777+0000] {dagbag.py:545} INFO - Filling up the DagBag from /opt/airflow/dags/dag_four.py
[2025-10-03T13:07:03.793+0000] {processor.py:840} INFO - DAG(s) 'dag_four' retrieved from /opt/airflow/dags/dag_four.py
[2025-10-03T13:07:03.818+0000] {logging_mixin.py:188} INFO - [2025-10-03T13:07:03.817+0000] {dag.py:3096} INFO - Sync 1 DAGs
[2025-10-03T13:07:03.847+0000] {logging_mixin.py:188} INFO - [2025-10-03T13:07:03.846+0000] {dag.py:3954} INFO - Setting next_dagrun for dag_four to 2025-10-03 13:06:00+00:00, run_after=2025-10-03 13:08:00+00:00
[2025-10-03T13:07:03.895+0000] {processor.py:183} INFO - Processing /opt/airflow/dags/dag_four.py took 0.127 seconds
[2025-10-03T13:07:33.947+0000] {processor.py:161} INFO - Started process (PID=6723) to work on /opt/airflow/dags/dag_four.py
[2025-10-03T13:07:33.949+0000] {processor.py:830} INFO - Processing file /opt/airflow/dags/dag_four.py for tasks to queue
[2025-10-03T13:07:33.950+0000] {logging_mixin.py:188} INFO - [2025-10-03T13:07:33.949+0000] {dagbag.py:545} INFO - Filling up the DagBag from /opt/airflow/dags/dag_four.py
[2025-10-03T13:07:33.966+0000] {processor.py:840} INFO - DAG(s) 'dag_four' retrieved from /opt/airflow/dags/dag_four.py
[2025-10-03T13:07:33.990+0000] {logging_mixin.py:188} INFO - [2025-10-03T13:07:33.990+0000] {dag.py:3096} INFO - Sync 1 DAGs
[2025-10-03T13:07:34.013+0000] {logging_mixin.py:188} INFO - [2025-10-03T13:07:34.012+0000] {dag.py:3954} INFO - Setting next_dagrun for dag_four to 2025-10-03 13:06:00+00:00, run_after=2025-10-03 13:08:00+00:00
[2025-10-03T13:07:34.041+0000] {processor.py:183} INFO - Processing /opt/airflow/dags/dag_four.py took 0.100 seconds
[2025-10-03T13:08:04.612+0000] {processor.py:161} INFO - Started process (PID=6785) to work on /opt/airflow/dags/dag_four.py
[2025-10-03T13:08:04.615+0000] {processor.py:830} INFO - Processing file /opt/airflow/dags/dag_four.py for tasks to queue
[2025-10-03T13:08:04.617+0000] {logging_mixin.py:188} INFO - [2025-10-03T13:08:04.616+0000] {dagbag.py:545} INFO - Filling up the DagBag from /opt/airflow/dags/dag_four.py
[2025-10-03T13:08:04.673+0000] {processor.py:840} INFO - DAG(s) 'dag_four' retrieved from /opt/airflow/dags/dag_four.py
[2025-10-03T13:08:04.764+0000] {logging_mixin.py:188} INFO - [2025-10-03T13:08:04.764+0000] {dag.py:3096} INFO - Sync 1 DAGs
[2025-10-03T13:08:04.883+0000] {logging_mixin.py:188} INFO - [2025-10-03T13:08:04.882+0000] {dag.py:3954} INFO - Setting next_dagrun for dag_four to 2025-10-03 13:08:00+00:00, run_after=2025-10-03 13:10:00+00:00
[2025-10-03T13:08:05.018+0000] {processor.py:183} INFO - Processing /opt/airflow/dags/dag_four.py took 0.427 seconds
[2025-10-03T13:08:35.100+0000] {processor.py:161} INFO - Started process (PID=6841) to work on /opt/airflow/dags/dag_four.py
[2025-10-03T13:08:35.101+0000] {processor.py:830} INFO - Processing file /opt/airflow/dags/dag_four.py for tasks to queue
[2025-10-03T13:08:35.102+0000] {logging_mixin.py:188} INFO - [2025-10-03T13:08:35.102+0000] {dagbag.py:545} INFO - Filling up the DagBag from /opt/airflow/dags/dag_four.py
[2025-10-03T13:08:35.115+0000] {processor.py:840} INFO - DAG(s) 'dag_four' retrieved from /opt/airflow/dags/dag_four.py
[2025-10-03T13:08:35.133+0000] {logging_mixin.py:188} INFO - [2025-10-03T13:08:35.133+0000] {dag.py:3096} INFO - Sync 1 DAGs
[2025-10-03T13:08:35.154+0000] {logging_mixin.py:188} INFO - [2025-10-03T13:08:35.154+0000] {dag.py:3954} INFO - Setting next_dagrun for dag_four to 2025-10-03 13:08:00+00:00, run_after=2025-10-03 13:10:00+00:00
[2025-10-03T13:08:35.181+0000] {processor.py:183} INFO - Processing /opt/airflow/dags/dag_four.py took 0.087 seconds
[2025-10-03T13:09:05.833+0000] {processor.py:161} INFO - Started process (PID=6901) to work on /opt/airflow/dags/dag_four.py
[2025-10-03T13:09:05.835+0000] {processor.py:830} INFO - Processing file /opt/airflow/dags/dag_four.py for tasks to queue
[2025-10-03T13:09:05.837+0000] {logging_mixin.py:188} INFO - [2025-10-03T13:09:05.836+0000] {dagbag.py:545} INFO - Filling up the DagBag from /opt/airflow/dags/dag_four.py
[2025-10-03T13:09:05.866+0000] {processor.py:840} INFO - DAG(s) 'dag_four' retrieved from /opt/airflow/dags/dag_four.py
[2025-10-03T13:09:05.898+0000] {logging_mixin.py:188} INFO - [2025-10-03T13:09:05.898+0000] {dag.py:3096} INFO - Sync 1 DAGs
[2025-10-03T13:09:05.941+0000] {logging_mixin.py:188} INFO - [2025-10-03T13:09:05.940+0000] {dag.py:3954} INFO - Setting next_dagrun for dag_four to 2025-10-03 13:08:00+00:00, run_after=2025-10-03 13:10:00+00:00
[2025-10-03T13:09:05.984+0000] {processor.py:183} INFO - Processing /opt/airflow/dags/dag_four.py took 0.160 seconds
[2025-10-03T13:09:36.130+0000] {processor.py:161} INFO - Started process (PID=6957) to work on /opt/airflow/dags/dag_four.py
[2025-10-03T13:09:36.131+0000] {processor.py:830} INFO - Processing file /opt/airflow/dags/dag_four.py for tasks to queue
[2025-10-03T13:09:36.132+0000] {logging_mixin.py:188} INFO - [2025-10-03T13:09:36.132+0000] {dagbag.py:545} INFO - Filling up the DagBag from /opt/airflow/dags/dag_four.py
[2025-10-03T13:09:36.147+0000] {processor.py:840} INFO - DAG(s) 'dag_four' retrieved from /opt/airflow/dags/dag_four.py
[2025-10-03T13:09:36.167+0000] {logging_mixin.py:188} INFO - [2025-10-03T13:09:36.166+0000] {dag.py:3096} INFO - Sync 1 DAGs
[2025-10-03T13:09:36.188+0000] {logging_mixin.py:188} INFO - [2025-10-03T13:09:36.188+0000] {dag.py:3954} INFO - Setting next_dagrun for dag_four to 2025-10-03 13:08:00+00:00, run_after=2025-10-03 13:10:00+00:00
[2025-10-03T13:09:36.217+0000] {processor.py:183} INFO - Processing /opt/airflow/dags/dag_four.py took 0.093 seconds
[2025-10-03T13:10:06.563+0000] {processor.py:161} INFO - Started process (PID=7023) to work on /opt/airflow/dags/dag_four.py
[2025-10-03T13:10:06.565+0000] {processor.py:830} INFO - Processing file /opt/airflow/dags/dag_four.py for tasks to queue
[2025-10-03T13:10:06.567+0000] {logging_mixin.py:188} INFO - [2025-10-03T13:10:06.566+0000] {dagbag.py:545} INFO - Filling up the DagBag from /opt/airflow/dags/dag_four.py
[2025-10-03T13:10:06.593+0000] {processor.py:840} INFO - DAG(s) 'dag_four' retrieved from /opt/airflow/dags/dag_four.py
[2025-10-03T13:10:06.626+0000] {logging_mixin.py:188} INFO - [2025-10-03T13:10:06.625+0000] {dag.py:3096} INFO - Sync 1 DAGs
[2025-10-03T13:10:06.661+0000] {logging_mixin.py:188} INFO - [2025-10-03T13:10:06.661+0000] {dag.py:3954} INFO - Setting next_dagrun for dag_four to 2025-10-03 13:10:00+00:00, run_after=2025-10-03 13:12:00+00:00
[2025-10-03T13:10:06.707+0000] {processor.py:183} INFO - Processing /opt/airflow/dags/dag_four.py took 0.152 seconds
[2025-10-03T13:10:36.852+0000] {processor.py:161} INFO - Started process (PID=7079) to work on /opt/airflow/dags/dag_four.py
[2025-10-03T13:10:36.853+0000] {processor.py:830} INFO - Processing file /opt/airflow/dags/dag_four.py for tasks to queue
[2025-10-03T13:10:36.854+0000] {logging_mixin.py:188} INFO - [2025-10-03T13:10:36.854+0000] {dagbag.py:545} INFO - Filling up the DagBag from /opt/airflow/dags/dag_four.py
[2025-10-03T13:10:36.868+0000] {processor.py:840} INFO - DAG(s) 'dag_four' retrieved from /opt/airflow/dags/dag_four.py
[2025-10-03T13:10:36.889+0000] {logging_mixin.py:188} INFO - [2025-10-03T13:10:36.888+0000] {dag.py:3096} INFO - Sync 1 DAGs
[2025-10-03T13:10:36.914+0000] {logging_mixin.py:188} INFO - [2025-10-03T13:10:36.914+0000] {dag.py:3954} INFO - Setting next_dagrun for dag_four to 2025-10-03 13:10:00+00:00, run_after=2025-10-03 13:12:00+00:00
[2025-10-03T13:10:36.943+0000] {processor.py:183} INFO - Processing /opt/airflow/dags/dag_four.py took 0.097 seconds
[2025-10-03T13:11:07.298+0000] {processor.py:161} INFO - Started process (PID=7140) to work on /opt/airflow/dags/dag_four.py
[2025-10-03T13:11:07.300+0000] {processor.py:830} INFO - Processing file /opt/airflow/dags/dag_four.py for tasks to queue
[2025-10-03T13:11:07.301+0000] {logging_mixin.py:188} INFO - [2025-10-03T13:11:07.301+0000] {dagbag.py:545} INFO - Filling up the DagBag from /opt/airflow/dags/dag_four.py
[2025-10-03T13:11:07.321+0000] {processor.py:840} INFO - DAG(s) 'dag_four' retrieved from /opt/airflow/dags/dag_four.py
[2025-10-03T13:11:07.346+0000] {logging_mixin.py:188} INFO - [2025-10-03T13:11:07.346+0000] {dag.py:3096} INFO - Sync 1 DAGs
[2025-10-03T13:11:07.375+0000] {logging_mixin.py:188} INFO - [2025-10-03T13:11:07.375+0000] {dag.py:3954} INFO - Setting next_dagrun for dag_four to 2025-10-03 13:10:00+00:00, run_after=2025-10-03 13:12:00+00:00
[2025-10-03T13:11:07.405+0000] {processor.py:183} INFO - Processing /opt/airflow/dags/dag_four.py took 0.115 seconds
[2025-10-03T13:11:37.877+0000] {processor.py:161} INFO - Started process (PID=7196) to work on /opt/airflow/dags/dag_four.py
[2025-10-03T13:11:37.878+0000] {processor.py:830} INFO - Processing file /opt/airflow/dags/dag_four.py for tasks to queue
[2025-10-03T13:11:37.879+0000] {logging_mixin.py:188} INFO - [2025-10-03T13:11:37.879+0000] {dagbag.py:545} INFO - Filling up the DagBag from /opt/airflow/dags/dag_four.py
[2025-10-03T13:11:37.892+0000] {processor.py:840} INFO - DAG(s) 'dag_four' retrieved from /opt/airflow/dags/dag_four.py
[2025-10-03T13:11:37.912+0000] {logging_mixin.py:188} INFO - [2025-10-03T13:11:37.912+0000] {dag.py:3096} INFO - Sync 1 DAGs
[2025-10-03T13:11:37.933+0000] {logging_mixin.py:188} INFO - [2025-10-03T13:11:37.933+0000] {dag.py:3954} INFO - Setting next_dagrun for dag_four to 2025-10-03 13:10:00+00:00, run_after=2025-10-03 13:12:00+00:00
[2025-10-03T13:11:37.959+0000] {processor.py:183} INFO - Processing /opt/airflow/dags/dag_four.py took 0.088 seconds
[2025-10-03T13:12:08.349+0000] {processor.py:161} INFO - Started process (PID=7262) to work on /opt/airflow/dags/dag_four.py
[2025-10-03T13:12:08.350+0000] {processor.py:830} INFO - Processing file /opt/airflow/dags/dag_four.py for tasks to queue
[2025-10-03T13:12:08.352+0000] {logging_mixin.py:188} INFO - [2025-10-03T13:12:08.351+0000] {dagbag.py:545} INFO - Filling up the DagBag from /opt/airflow/dags/dag_four.py
[2025-10-03T13:12:08.375+0000] {processor.py:840} INFO - DAG(s) 'dag_four' retrieved from /opt/airflow/dags/dag_four.py
[2025-10-03T13:12:08.399+0000] {logging_mixin.py:188} INFO - [2025-10-03T13:12:08.398+0000] {dag.py:3096} INFO - Sync 1 DAGs
[2025-10-03T13:12:08.422+0000] {logging_mixin.py:188} INFO - [2025-10-03T13:12:08.422+0000] {dag.py:3954} INFO - Setting next_dagrun for dag_four to 2025-10-03 13:12:00+00:00, run_after=2025-10-03 13:14:00+00:00
[2025-10-03T13:12:08.451+0000] {processor.py:183} INFO - Processing /opt/airflow/dags/dag_four.py took 0.108 seconds
[2025-10-03T13:12:38.868+0000] {processor.py:161} INFO - Started process (PID=7318) to work on /opt/airflow/dags/dag_four.py
[2025-10-03T13:12:38.869+0000] {processor.py:830} INFO - Processing file /opt/airflow/dags/dag_four.py for tasks to queue
[2025-10-03T13:12:38.870+0000] {logging_mixin.py:188} INFO - [2025-10-03T13:12:38.870+0000] {dagbag.py:545} INFO - Filling up the DagBag from /opt/airflow/dags/dag_four.py
[2025-10-03T13:12:38.884+0000] {processor.py:840} INFO - DAG(s) 'dag_four' retrieved from /opt/airflow/dags/dag_four.py
[2025-10-03T13:12:38.915+0000] {logging_mixin.py:188} INFO - [2025-10-03T13:12:38.915+0000] {dag.py:3096} INFO - Sync 1 DAGs
[2025-10-03T13:12:38.942+0000] {logging_mixin.py:188} INFO - [2025-10-03T13:12:38.942+0000] {dag.py:3954} INFO - Setting next_dagrun for dag_four to 2025-10-03 13:12:00+00:00, run_after=2025-10-03 13:14:00+00:00
[2025-10-03T13:12:38.976+0000] {processor.py:183} INFO - Processing /opt/airflow/dags/dag_four.py took 0.114 seconds
[2025-10-03T13:13:09.174+0000] {processor.py:161} INFO - Started process (PID=7379) to work on /opt/airflow/dags/dag_four.py
[2025-10-03T13:13:09.175+0000] {processor.py:830} INFO - Processing file /opt/airflow/dags/dag_four.py for tasks to queue
[2025-10-03T13:13:09.177+0000] {logging_mixin.py:188} INFO - [2025-10-03T13:13:09.176+0000] {dagbag.py:545} INFO - Filling up the DagBag from /opt/airflow/dags/dag_four.py
[2025-10-03T13:13:09.191+0000] {processor.py:840} INFO - DAG(s) 'dag_four' retrieved from /opt/airflow/dags/dag_four.py
[2025-10-03T13:13:09.214+0000] {logging_mixin.py:188} INFO - [2025-10-03T13:13:09.214+0000] {dag.py:3096} INFO - Sync 1 DAGs
[2025-10-03T13:13:09.240+0000] {logging_mixin.py:188} INFO - [2025-10-03T13:13:09.239+0000] {dag.py:3954} INFO - Setting next_dagrun for dag_four to 2025-10-03 13:12:00+00:00, run_after=2025-10-03 13:14:00+00:00
[2025-10-03T13:13:09.264+0000] {processor.py:183} INFO - Processing /opt/airflow/dags/dag_four.py took 0.097 seconds
