[2025-10-03T12:26:50.495+0000] {processor.py:161} INFO - Started process (PID=2104) to work on /opt/airflow/dags/dag_two.py
[2025-10-03T12:26:50.496+0000] {processor.py:830} INFO - Processing file /opt/airflow/dags/dag_two.py for tasks to queue
[2025-10-03T12:26:50.498+0000] {logging_mixin.py:188} INFO - [2025-10-03T12:26:50.497+0000] {dagbag.py:545} INFO - Filling up the DagBag from /opt/airflow/dags/dag_two.py
[2025-10-03T12:26:50.530+0000] {processor.py:840} INFO - DAG(s) 'dag_two' retrieved from /opt/airflow/dags/dag_two.py
[2025-10-03T12:26:50.868+0000] {logging_mixin.py:188} INFO - [2025-10-03T12:26:50.867+0000] {override.py:1829} INFO - Created Permission View: can read on DAG:dag_two
[2025-10-03T12:26:50.894+0000] {logging_mixin.py:188} INFO - [2025-10-03T12:26:50.893+0000] {override.py:1829} INFO - Created Permission View: can delete on DAG:dag_two
[2025-10-03T12:26:50.912+0000] {logging_mixin.py:188} INFO - [2025-10-03T12:26:50.911+0000] {override.py:1829} INFO - Created Permission View: can edit on DAG:dag_two
[2025-10-03T12:26:50.913+0000] {logging_mixin.py:188} INFO - [2025-10-03T12:26:50.913+0000] {dag.py:3096} INFO - Sync 1 DAGs
[2025-10-03T12:26:50.958+0000] {logging_mixin.py:188} INFO - [2025-10-03T12:26:50.958+0000] {dag.py:3118} INFO - Creating ORM DAG for dag_two
[2025-10-03T12:26:51.007+0000] {logging_mixin.py:188} INFO - [2025-10-03T12:26:51.006+0000] {dag.py:3954} INFO - Setting next_dagrun for dag_two to 2025-10-03 12:25:00+00:00, run_after=2025-10-03 12:26:00+00:00
[2025-10-03T12:26:51.069+0000] {processor.py:183} INFO - Processing /opt/airflow/dags/dag_two.py took 0.581 seconds
[2025-10-03T12:27:21.299+0000] {processor.py:161} INFO - Started process (PID=2159) to work on /opt/airflow/dags/dag_two.py
[2025-10-03T12:27:21.302+0000] {processor.py:830} INFO - Processing file /opt/airflow/dags/dag_two.py for tasks to queue
[2025-10-03T12:27:21.304+0000] {logging_mixin.py:188} INFO - [2025-10-03T12:27:21.303+0000] {dagbag.py:545} INFO - Filling up the DagBag from /opt/airflow/dags/dag_two.py
[2025-10-03T12:27:21.360+0000] {processor.py:840} INFO - DAG(s) 'dag_two' retrieved from /opt/airflow/dags/dag_two.py
[2025-10-03T12:27:21.417+0000] {logging_mixin.py:188} INFO - [2025-10-03T12:27:21.417+0000] {dag.py:3096} INFO - Sync 1 DAGs
[2025-10-03T12:27:21.487+0000] {logging_mixin.py:188} INFO - [2025-10-03T12:27:21.487+0000] {dag.py:3954} INFO - Setting next_dagrun for dag_two to 2025-10-03 12:27:00+00:00, run_after=2025-10-03 12:28:00+00:00
[2025-10-03T12:27:21.553+0000] {processor.py:183} INFO - Processing /opt/airflow/dags/dag_two.py took 0.269 seconds
[2025-10-03T12:27:51.917+0000] {processor.py:161} INFO - Started process (PID=2212) to work on /opt/airflow/dags/dag_two.py
[2025-10-03T12:27:51.918+0000] {processor.py:830} INFO - Processing file /opt/airflow/dags/dag_two.py for tasks to queue
[2025-10-03T12:27:51.919+0000] {logging_mixin.py:188} INFO - [2025-10-03T12:27:51.919+0000] {dagbag.py:545} INFO - Filling up the DagBag from /opt/airflow/dags/dag_two.py
[2025-10-03T12:27:51.934+0000] {processor.py:840} INFO - DAG(s) 'dag_two' retrieved from /opt/airflow/dags/dag_two.py
[2025-10-03T12:27:51.958+0000] {logging_mixin.py:188} INFO - [2025-10-03T12:27:51.958+0000] {dag.py:3096} INFO - Sync 1 DAGs
[2025-10-03T12:27:51.989+0000] {logging_mixin.py:188} INFO - [2025-10-03T12:27:51.989+0000] {dag.py:3954} INFO - Setting next_dagrun for dag_two to 2025-10-03 12:27:00+00:00, run_after=2025-10-03 12:28:00+00:00
[2025-10-03T12:27:52.014+0000] {processor.py:183} INFO - Processing /opt/airflow/dags/dag_two.py took 0.102 seconds
[2025-10-03T12:28:22.109+0000] {processor.py:161} INFO - Started process (PID=2270) to work on /opt/airflow/dags/dag_two.py
[2025-10-03T12:28:22.110+0000] {processor.py:830} INFO - Processing file /opt/airflow/dags/dag_two.py for tasks to queue
[2025-10-03T12:28:22.111+0000] {logging_mixin.py:188} INFO - [2025-10-03T12:28:22.111+0000] {dagbag.py:545} INFO - Filling up the DagBag from /opt/airflow/dags/dag_two.py
[2025-10-03T12:28:22.126+0000] {processor.py:840} INFO - DAG(s) 'dag_two' retrieved from /opt/airflow/dags/dag_two.py
[2025-10-03T12:28:22.146+0000] {logging_mixin.py:188} INFO - [2025-10-03T12:28:22.146+0000] {dag.py:3096} INFO - Sync 1 DAGs
[2025-10-03T12:28:22.167+0000] {logging_mixin.py:188} INFO - [2025-10-03T12:28:22.167+0000] {dag.py:3954} INFO - Setting next_dagrun for dag_two to 2025-10-03 12:28:00+00:00, run_after=2025-10-03 12:29:00+00:00
[2025-10-03T12:28:22.196+0000] {processor.py:183} INFO - Processing /opt/airflow/dags/dag_two.py took 0.093 seconds
[2025-10-03T12:28:52.514+0000] {processor.py:161} INFO - Started process (PID=2324) to work on /opt/airflow/dags/dag_two.py
[2025-10-03T12:28:52.515+0000] {processor.py:830} INFO - Processing file /opt/airflow/dags/dag_two.py for tasks to queue
[2025-10-03T12:28:52.516+0000] {logging_mixin.py:188} INFO - [2025-10-03T12:28:52.516+0000] {dagbag.py:545} INFO - Filling up the DagBag from /opt/airflow/dags/dag_two.py
[2025-10-03T12:28:52.535+0000] {processor.py:840} INFO - DAG(s) 'dag_two' retrieved from /opt/airflow/dags/dag_two.py
[2025-10-03T12:28:52.566+0000] {logging_mixin.py:188} INFO - [2025-10-03T12:28:52.566+0000] {dag.py:3096} INFO - Sync 1 DAGs
[2025-10-03T12:28:52.602+0000] {logging_mixin.py:188} INFO - [2025-10-03T12:28:52.601+0000] {dag.py:3954} INFO - Setting next_dagrun for dag_two to 2025-10-03 12:28:00+00:00, run_after=2025-10-03 12:29:00+00:00
[2025-10-03T12:28:52.637+0000] {processor.py:183} INFO - Processing /opt/airflow/dags/dag_two.py took 0.131 seconds
[2025-10-03T12:29:23.286+0000] {processor.py:161} INFO - Started process (PID=2382) to work on /opt/airflow/dags/dag_two.py
[2025-10-03T12:29:23.287+0000] {processor.py:830} INFO - Processing file /opt/airflow/dags/dag_two.py for tasks to queue
[2025-10-03T12:29:23.289+0000] {logging_mixin.py:188} INFO - [2025-10-03T12:29:23.288+0000] {dagbag.py:545} INFO - Filling up the DagBag from /opt/airflow/dags/dag_two.py
[2025-10-03T12:29:23.314+0000] {processor.py:840} INFO - DAG(s) 'dag_two' retrieved from /opt/airflow/dags/dag_two.py
[2025-10-03T12:29:23.339+0000] {logging_mixin.py:188} INFO - [2025-10-03T12:29:23.339+0000] {dag.py:3096} INFO - Sync 1 DAGs
[2025-10-03T12:29:23.366+0000] {logging_mixin.py:188} INFO - [2025-10-03T12:29:23.366+0000] {dag.py:3954} INFO - Setting next_dagrun for dag_two to 2025-10-03 12:29:00+00:00, run_after=2025-10-03 12:30:00+00:00
[2025-10-03T12:29:23.396+0000] {processor.py:183} INFO - Processing /opt/airflow/dags/dag_two.py took 0.118 seconds
[2025-10-03T12:29:53.489+0000] {processor.py:161} INFO - Started process (PID=2436) to work on /opt/airflow/dags/dag_two.py
[2025-10-03T12:29:53.490+0000] {processor.py:830} INFO - Processing file /opt/airflow/dags/dag_two.py for tasks to queue
[2025-10-03T12:29:53.491+0000] {logging_mixin.py:188} INFO - [2025-10-03T12:29:53.491+0000] {dagbag.py:545} INFO - Filling up the DagBag from /opt/airflow/dags/dag_two.py
[2025-10-03T12:29:53.506+0000] {processor.py:840} INFO - DAG(s) 'dag_two' retrieved from /opt/airflow/dags/dag_two.py
[2025-10-03T12:29:53.524+0000] {logging_mixin.py:188} INFO - [2025-10-03T12:29:53.524+0000] {dag.py:3096} INFO - Sync 1 DAGs
[2025-10-03T12:29:53.544+0000] {logging_mixin.py:188} INFO - [2025-10-03T12:29:53.543+0000] {dag.py:3954} INFO - Setting next_dagrun for dag_two to 2025-10-03 12:29:00+00:00, run_after=2025-10-03 12:30:00+00:00
[2025-10-03T12:29:53.574+0000] {processor.py:183} INFO - Processing /opt/airflow/dags/dag_two.py took 0.091 seconds
[2025-10-03T12:30:24.476+0000] {processor.py:161} INFO - Started process (PID=2494) to work on /opt/airflow/dags/dag_two.py
[2025-10-03T12:30:24.477+0000] {processor.py:830} INFO - Processing file /opt/airflow/dags/dag_two.py for tasks to queue
[2025-10-03T12:30:24.479+0000] {logging_mixin.py:188} INFO - [2025-10-03T12:30:24.478+0000] {dagbag.py:545} INFO - Filling up the DagBag from /opt/airflow/dags/dag_two.py
[2025-10-03T12:30:24.494+0000] {processor.py:840} INFO - DAG(s) 'dag_two' retrieved from /opt/airflow/dags/dag_two.py
[2025-10-03T12:30:24.514+0000] {logging_mixin.py:188} INFO - [2025-10-03T12:30:24.514+0000] {dag.py:3096} INFO - Sync 1 DAGs
[2025-10-03T12:30:24.536+0000] {logging_mixin.py:188} INFO - [2025-10-03T12:30:24.536+0000] {dag.py:3954} INFO - Setting next_dagrun for dag_two to 2025-10-03 12:30:00+00:00, run_after=2025-10-03 12:31:00+00:00
[2025-10-03T12:30:24.566+0000] {processor.py:183} INFO - Processing /opt/airflow/dags/dag_two.py took 0.096 seconds
[2025-10-03T12:30:55.053+0000] {processor.py:161} INFO - Started process (PID=2548) to work on /opt/airflow/dags/dag_two.py
[2025-10-03T12:30:55.054+0000] {processor.py:830} INFO - Processing file /opt/airflow/dags/dag_two.py for tasks to queue
[2025-10-03T12:30:55.055+0000] {logging_mixin.py:188} INFO - [2025-10-03T12:30:55.054+0000] {dagbag.py:545} INFO - Filling up the DagBag from /opt/airflow/dags/dag_two.py
[2025-10-03T12:30:55.076+0000] {processor.py:840} INFO - DAG(s) 'dag_two' retrieved from /opt/airflow/dags/dag_two.py
[2025-10-03T12:30:55.097+0000] {logging_mixin.py:188} INFO - [2025-10-03T12:30:55.097+0000] {dag.py:3096} INFO - Sync 1 DAGs
[2025-10-03T12:30:55.120+0000] {logging_mixin.py:188} INFO - [2025-10-03T12:30:55.119+0000] {dag.py:3954} INFO - Setting next_dagrun for dag_two to 2025-10-03 12:30:00+00:00, run_after=2025-10-03 12:31:00+00:00
[2025-10-03T12:30:55.147+0000] {processor.py:183} INFO - Processing /opt/airflow/dags/dag_two.py took 0.101 seconds
[2025-10-03T12:31:26.031+0000] {processor.py:161} INFO - Started process (PID=2606) to work on /opt/airflow/dags/dag_two.py
[2025-10-03T12:31:26.032+0000] {processor.py:830} INFO - Processing file /opt/airflow/dags/dag_two.py for tasks to queue
[2025-10-03T12:31:26.033+0000] {logging_mixin.py:188} INFO - [2025-10-03T12:31:26.033+0000] {dagbag.py:545} INFO - Filling up the DagBag from /opt/airflow/dags/dag_two.py
[2025-10-03T12:31:26.051+0000] {processor.py:840} INFO - DAG(s) 'dag_two' retrieved from /opt/airflow/dags/dag_two.py
[2025-10-03T12:31:26.079+0000] {logging_mixin.py:188} INFO - [2025-10-03T12:31:26.079+0000] {dag.py:3096} INFO - Sync 1 DAGs
[2025-10-03T12:31:26.108+0000] {logging_mixin.py:188} INFO - [2025-10-03T12:31:26.108+0000] {dag.py:3954} INFO - Setting next_dagrun for dag_two to 2025-10-03 12:31:00+00:00, run_after=2025-10-03 12:32:00+00:00
[2025-10-03T12:31:26.134+0000] {processor.py:183} INFO - Processing /opt/airflow/dags/dag_two.py took 0.109 seconds
[2025-10-03T12:31:57.075+0000] {processor.py:161} INFO - Started process (PID=2661) to work on /opt/airflow/dags/dag_two.py
[2025-10-03T12:31:57.077+0000] {processor.py:830} INFO - Processing file /opt/airflow/dags/dag_two.py for tasks to queue
[2025-10-03T12:31:57.080+0000] {logging_mixin.py:188} INFO - [2025-10-03T12:31:57.079+0000] {dagbag.py:545} INFO - Filling up the DagBag from /opt/airflow/dags/dag_two.py
[2025-10-03T12:31:57.118+0000] {processor.py:840} INFO - DAG(s) 'dag_two' retrieved from /opt/airflow/dags/dag_two.py
[2025-10-03T12:31:57.168+0000] {logging_mixin.py:188} INFO - [2025-10-03T12:31:57.167+0000] {dag.py:3096} INFO - Sync 1 DAGs
[2025-10-03T12:31:57.214+0000] {logging_mixin.py:188} INFO - [2025-10-03T12:31:57.213+0000] {dag.py:3954} INFO - Setting next_dagrun for dag_two to 2025-10-03 12:31:00+00:00, run_after=2025-10-03 12:32:00+00:00
[2025-10-03T12:31:57.255+0000] {processor.py:183} INFO - Processing /opt/airflow/dags/dag_two.py took 0.195 seconds
[2025-10-03T12:32:27.489+0000] {processor.py:161} INFO - Started process (PID=2721) to work on /opt/airflow/dags/dag_two.py
[2025-10-03T12:32:27.491+0000] {processor.py:830} INFO - Processing file /opt/airflow/dags/dag_two.py for tasks to queue
[2025-10-03T12:32:27.492+0000] {logging_mixin.py:188} INFO - [2025-10-03T12:32:27.492+0000] {dagbag.py:545} INFO - Filling up the DagBag from /opt/airflow/dags/dag_two.py
[2025-10-03T12:32:27.510+0000] {processor.py:840} INFO - DAG(s) 'dag_two' retrieved from /opt/airflow/dags/dag_two.py
[2025-10-03T12:32:27.530+0000] {logging_mixin.py:188} INFO - [2025-10-03T12:32:27.529+0000] {dag.py:3096} INFO - Sync 1 DAGs
[2025-10-03T12:32:27.550+0000] {logging_mixin.py:188} INFO - [2025-10-03T12:32:27.550+0000] {dag.py:3954} INFO - Setting next_dagrun for dag_two to 2025-10-03 12:32:00+00:00, run_after=2025-10-03 12:33:00+00:00
[2025-10-03T12:32:27.577+0000] {processor.py:183} INFO - Processing /opt/airflow/dags/dag_two.py took 0.094 seconds
[2025-10-03T12:32:57.631+0000] {processor.py:161} INFO - Started process (PID=2776) to work on /opt/airflow/dags/dag_two.py
[2025-10-03T12:32:57.632+0000] {processor.py:830} INFO - Processing file /opt/airflow/dags/dag_two.py for tasks to queue
[2025-10-03T12:32:57.633+0000] {logging_mixin.py:188} INFO - [2025-10-03T12:32:57.632+0000] {dagbag.py:545} INFO - Filling up the DagBag from /opt/airflow/dags/dag_two.py
[2025-10-03T12:32:57.645+0000] {processor.py:840} INFO - DAG(s) 'dag_two' retrieved from /opt/airflow/dags/dag_two.py
[2025-10-03T12:32:57.665+0000] {logging_mixin.py:188} INFO - [2025-10-03T12:32:57.664+0000] {dag.py:3096} INFO - Sync 1 DAGs
[2025-10-03T12:32:57.684+0000] {logging_mixin.py:188} INFO - [2025-10-03T12:32:57.684+0000] {dag.py:3954} INFO - Setting next_dagrun for dag_two to 2025-10-03 12:32:00+00:00, run_after=2025-10-03 12:33:00+00:00
[2025-10-03T12:32:57.713+0000] {processor.py:183} INFO - Processing /opt/airflow/dags/dag_two.py took 0.088 seconds
[2025-10-03T12:33:27.962+0000] {processor.py:161} INFO - Started process (PID=2835) to work on /opt/airflow/dags/dag_two.py
[2025-10-03T12:33:27.966+0000] {processor.py:830} INFO - Processing file /opt/airflow/dags/dag_two.py for tasks to queue
[2025-10-03T12:33:27.968+0000] {logging_mixin.py:188} INFO - [2025-10-03T12:33:27.967+0000] {dagbag.py:545} INFO - Filling up the DagBag from /opt/airflow/dags/dag_two.py
[2025-10-03T12:33:28.018+0000] {processor.py:840} INFO - DAG(s) 'dag_two' retrieved from /opt/airflow/dags/dag_two.py
[2025-10-03T12:33:28.075+0000] {logging_mixin.py:188} INFO - [2025-10-03T12:33:28.074+0000] {dag.py:3096} INFO - Sync 1 DAGs
[2025-10-03T12:33:28.139+0000] {logging_mixin.py:188} INFO - [2025-10-03T12:33:28.138+0000] {dag.py:3954} INFO - Setting next_dagrun for dag_two to 2025-10-03 12:33:00+00:00, run_after=2025-10-03 12:34:00+00:00
[2025-10-03T12:33:28.229+0000] {processor.py:183} INFO - Processing /opt/airflow/dags/dag_two.py took 0.287 seconds
[2025-10-03T12:33:58.678+0000] {processor.py:161} INFO - Started process (PID=2890) to work on /opt/airflow/dags/dag_two.py
[2025-10-03T12:33:58.679+0000] {processor.py:830} INFO - Processing file /opt/airflow/dags/dag_two.py for tasks to queue
[2025-10-03T12:33:58.680+0000] {logging_mixin.py:188} INFO - [2025-10-03T12:33:58.680+0000] {dagbag.py:545} INFO - Filling up the DagBag from /opt/airflow/dags/dag_two.py
[2025-10-03T12:33:58.704+0000] {processor.py:840} INFO - DAG(s) 'dag_two' retrieved from /opt/airflow/dags/dag_two.py
[2025-10-03T12:33:58.729+0000] {logging_mixin.py:188} INFO - [2025-10-03T12:33:58.729+0000] {dag.py:3096} INFO - Sync 1 DAGs
[2025-10-03T12:33:58.753+0000] {logging_mixin.py:188} INFO - [2025-10-03T12:33:58.753+0000] {dag.py:3954} INFO - Setting next_dagrun for dag_two to 2025-10-03 12:33:00+00:00, run_after=2025-10-03 12:34:00+00:00
[2025-10-03T12:33:58.777+0000] {processor.py:183} INFO - Processing /opt/airflow/dags/dag_two.py took 0.105 seconds
[2025-10-03T12:34:29.048+0000] {processor.py:161} INFO - Started process (PID=2949) to work on /opt/airflow/dags/dag_two.py
[2025-10-03T12:34:29.049+0000] {processor.py:830} INFO - Processing file /opt/airflow/dags/dag_two.py for tasks to queue
[2025-10-03T12:34:29.050+0000] {logging_mixin.py:188} INFO - [2025-10-03T12:34:29.050+0000] {dagbag.py:545} INFO - Filling up the DagBag from /opt/airflow/dags/dag_two.py
[2025-10-03T12:34:29.074+0000] {processor.py:840} INFO - DAG(s) 'dag_two' retrieved from /opt/airflow/dags/dag_two.py
[2025-10-03T12:34:29.099+0000] {logging_mixin.py:188} INFO - [2025-10-03T12:34:29.099+0000] {dag.py:3096} INFO - Sync 1 DAGs
[2025-10-03T12:34:29.124+0000] {logging_mixin.py:188} INFO - [2025-10-03T12:34:29.124+0000] {dag.py:3954} INFO - Setting next_dagrun for dag_two to 2025-10-03 12:34:00+00:00, run_after=2025-10-03 12:35:00+00:00
[2025-10-03T12:34:29.153+0000] {processor.py:183} INFO - Processing /opt/airflow/dags/dag_two.py took 0.113 seconds
[2025-10-03T12:35:00.001+0000] {processor.py:161} INFO - Started process (PID=3002) to work on /opt/airflow/dags/dag_two.py
[2025-10-03T12:35:00.003+0000] {processor.py:830} INFO - Processing file /opt/airflow/dags/dag_two.py for tasks to queue
[2025-10-03T12:35:00.007+0000] {logging_mixin.py:188} INFO - [2025-10-03T12:35:00.006+0000] {dagbag.py:545} INFO - Filling up the DagBag from /opt/airflow/dags/dag_two.py
[2025-10-03T12:35:00.021+0000] {processor.py:840} INFO - DAG(s) 'dag_two' retrieved from /opt/airflow/dags/dag_two.py
[2025-10-03T12:35:00.040+0000] {logging_mixin.py:188} INFO - [2025-10-03T12:35:00.040+0000] {dag.py:3096} INFO - Sync 1 DAGs
[2025-10-03T12:35:00.068+0000] {logging_mixin.py:188} INFO - [2025-10-03T12:35:00.068+0000] {dag.py:3954} INFO - Setting next_dagrun for dag_two to 2025-10-03 12:34:00+00:00, run_after=2025-10-03 12:35:00+00:00
[2025-10-03T12:35:00.099+0000] {processor.py:183} INFO - Processing /opt/airflow/dags/dag_two.py took 0.104 seconds
[2025-10-03T12:35:30.467+0000] {processor.py:161} INFO - Started process (PID=3062) to work on /opt/airflow/dags/dag_two.py
[2025-10-03T12:35:30.468+0000] {processor.py:830} INFO - Processing file /opt/airflow/dags/dag_two.py for tasks to queue
[2025-10-03T12:35:30.469+0000] {logging_mixin.py:188} INFO - [2025-10-03T12:35:30.469+0000] {dagbag.py:545} INFO - Filling up the DagBag from /opt/airflow/dags/dag_two.py
[2025-10-03T12:35:30.489+0000] {processor.py:840} INFO - DAG(s) 'dag_two' retrieved from /opt/airflow/dags/dag_two.py
[2025-10-03T12:35:30.516+0000] {logging_mixin.py:188} INFO - [2025-10-03T12:35:30.516+0000] {dag.py:3096} INFO - Sync 1 DAGs
[2025-10-03T12:35:30.558+0000] {logging_mixin.py:188} INFO - [2025-10-03T12:35:30.558+0000] {dag.py:3954} INFO - Setting next_dagrun for dag_two to 2025-10-03 12:35:00+00:00, run_after=2025-10-03 12:36:00+00:00
[2025-10-03T12:35:30.592+0000] {processor.py:183} INFO - Processing /opt/airflow/dags/dag_two.py took 0.131 seconds
[2025-10-03T12:36:01.216+0000] {processor.py:161} INFO - Started process (PID=3122) to work on /opt/airflow/dags/dag_two.py
[2025-10-03T12:36:01.219+0000] {processor.py:830} INFO - Processing file /opt/airflow/dags/dag_two.py for tasks to queue
[2025-10-03T12:36:01.223+0000] {logging_mixin.py:188} INFO - [2025-10-03T12:36:01.221+0000] {dagbag.py:545} INFO - Filling up the DagBag from /opt/airflow/dags/dag_two.py
[2025-10-03T12:36:01.292+0000] {processor.py:840} INFO - DAG(s) 'dag_two' retrieved from /opt/airflow/dags/dag_two.py
[2025-10-03T12:36:01.351+0000] {logging_mixin.py:188} INFO - [2025-10-03T12:36:01.350+0000] {dag.py:3096} INFO - Sync 1 DAGs
[2025-10-03T12:36:01.428+0000] {logging_mixin.py:188} INFO - [2025-10-03T12:36:01.427+0000] {dag.py:3954} INFO - Setting next_dagrun for dag_two to 2025-10-03 12:36:00+00:00, run_after=2025-10-03 12:37:00+00:00
[2025-10-03T12:36:01.493+0000] {processor.py:183} INFO - Processing /opt/airflow/dags/dag_two.py took 0.301 seconds
[2025-10-03T12:36:32.013+0000] {processor.py:161} INFO - Started process (PID=3177) to work on /opt/airflow/dags/dag_two.py
[2025-10-03T12:36:32.014+0000] {processor.py:830} INFO - Processing file /opt/airflow/dags/dag_two.py for tasks to queue
[2025-10-03T12:36:32.015+0000] {logging_mixin.py:188} INFO - [2025-10-03T12:36:32.015+0000] {dagbag.py:545} INFO - Filling up the DagBag from /opt/airflow/dags/dag_two.py
[2025-10-03T12:36:32.034+0000] {processor.py:840} INFO - DAG(s) 'dag_two' retrieved from /opt/airflow/dags/dag_two.py
[2025-10-03T12:36:32.054+0000] {logging_mixin.py:188} INFO - [2025-10-03T12:36:32.053+0000] {dag.py:3096} INFO - Sync 1 DAGs
[2025-10-03T12:36:32.076+0000] {logging_mixin.py:188} INFO - [2025-10-03T12:36:32.076+0000] {dag.py:3954} INFO - Setting next_dagrun for dag_two to 2025-10-03 12:36:00+00:00, run_after=2025-10-03 12:37:00+00:00
[2025-10-03T12:36:32.113+0000] {processor.py:183} INFO - Processing /opt/airflow/dags/dag_two.py took 0.108 seconds
[2025-10-03T12:37:02.777+0000] {processor.py:161} INFO - Started process (PID=3237) to work on /opt/airflow/dags/dag_two.py
[2025-10-03T12:37:02.780+0000] {processor.py:830} INFO - Processing file /opt/airflow/dags/dag_two.py for tasks to queue
[2025-10-03T12:37:02.782+0000] {logging_mixin.py:188} INFO - [2025-10-03T12:37:02.782+0000] {dagbag.py:545} INFO - Filling up the DagBag from /opt/airflow/dags/dag_two.py
[2025-10-03T12:37:02.821+0000] {processor.py:840} INFO - DAG(s) 'dag_two' retrieved from /opt/airflow/dags/dag_two.py
[2025-10-03T12:37:02.873+0000] {logging_mixin.py:188} INFO - [2025-10-03T12:37:02.873+0000] {dag.py:3096} INFO - Sync 1 DAGs
[2025-10-03T12:37:02.945+0000] {logging_mixin.py:188} INFO - [2025-10-03T12:37:02.944+0000] {dag.py:3954} INFO - Setting next_dagrun for dag_two to 2025-10-03 12:37:00+00:00, run_after=2025-10-03 12:38:00+00:00
[2025-10-03T12:37:03.009+0000] {processor.py:183} INFO - Processing /opt/airflow/dags/dag_two.py took 0.250 seconds
[2025-10-03T12:37:33.059+0000] {processor.py:161} INFO - Started process (PID=3292) to work on /opt/airflow/dags/dag_two.py
[2025-10-03T12:37:33.060+0000] {processor.py:830} INFO - Processing file /opt/airflow/dags/dag_two.py for tasks to queue
[2025-10-03T12:37:33.061+0000] {logging_mixin.py:188} INFO - [2025-10-03T12:37:33.061+0000] {dagbag.py:545} INFO - Filling up the DagBag from /opt/airflow/dags/dag_two.py
[2025-10-03T12:37:33.074+0000] {processor.py:840} INFO - DAG(s) 'dag_two' retrieved from /opt/airflow/dags/dag_two.py
[2025-10-03T12:37:33.092+0000] {logging_mixin.py:188} INFO - [2025-10-03T12:37:33.092+0000] {dag.py:3096} INFO - Sync 1 DAGs
[2025-10-03T12:37:33.112+0000] {logging_mixin.py:188} INFO - [2025-10-03T12:37:33.112+0000] {dag.py:3954} INFO - Setting next_dagrun for dag_two to 2025-10-03 12:37:00+00:00, run_after=2025-10-03 12:38:00+00:00
[2025-10-03T12:37:33.139+0000] {processor.py:183} INFO - Processing /opt/airflow/dags/dag_two.py took 0.086 seconds
[2025-10-03T12:38:03.531+0000] {processor.py:161} INFO - Started process (PID=3352) to work on /opt/airflow/dags/dag_two.py
[2025-10-03T12:38:03.533+0000] {processor.py:830} INFO - Processing file /opt/airflow/dags/dag_two.py for tasks to queue
[2025-10-03T12:38:03.534+0000] {logging_mixin.py:188} INFO - [2025-10-03T12:38:03.534+0000] {dagbag.py:545} INFO - Filling up the DagBag from /opt/airflow/dags/dag_two.py
[2025-10-03T12:38:03.560+0000] {processor.py:840} INFO - DAG(s) 'dag_two' retrieved from /opt/airflow/dags/dag_two.py
[2025-10-03T12:38:03.592+0000] {logging_mixin.py:188} INFO - [2025-10-03T12:38:03.591+0000] {dag.py:3096} INFO - Sync 1 DAGs
[2025-10-03T12:38:03.624+0000] {logging_mixin.py:188} INFO - [2025-10-03T12:38:03.624+0000] {dag.py:3954} INFO - Setting next_dagrun for dag_two to 2025-10-03 12:38:00+00:00, run_after=2025-10-03 12:39:00+00:00
[2025-10-03T12:38:03.656+0000] {processor.py:183} INFO - Processing /opt/airflow/dags/dag_two.py took 0.135 seconds
[2025-10-03T12:38:34.019+0000] {processor.py:161} INFO - Started process (PID=3407) to work on /opt/airflow/dags/dag_two.py
[2025-10-03T12:38:34.021+0000] {processor.py:830} INFO - Processing file /opt/airflow/dags/dag_two.py for tasks to queue
[2025-10-03T12:38:34.022+0000] {logging_mixin.py:188} INFO - [2025-10-03T12:38:34.021+0000] {dagbag.py:545} INFO - Filling up the DagBag from /opt/airflow/dags/dag_two.py
[2025-10-03T12:38:34.039+0000] {processor.py:840} INFO - DAG(s) 'dag_two' retrieved from /opt/airflow/dags/dag_two.py
[2025-10-03T12:38:34.066+0000] {logging_mixin.py:188} INFO - [2025-10-03T12:38:34.065+0000] {dag.py:3096} INFO - Sync 1 DAGs
[2025-10-03T12:38:34.091+0000] {logging_mixin.py:188} INFO - [2025-10-03T12:38:34.091+0000] {dag.py:3954} INFO - Setting next_dagrun for dag_two to 2025-10-03 12:38:00+00:00, run_after=2025-10-03 12:39:00+00:00
[2025-10-03T12:38:34.123+0000] {processor.py:183} INFO - Processing /opt/airflow/dags/dag_two.py took 0.110 seconds
[2025-10-03T12:39:04.228+0000] {processor.py:161} INFO - Started process (PID=3467) to work on /opt/airflow/dags/dag_two.py
[2025-10-03T12:39:04.231+0000] {processor.py:830} INFO - Processing file /opt/airflow/dags/dag_two.py for tasks to queue
[2025-10-03T12:39:04.232+0000] {logging_mixin.py:188} INFO - [2025-10-03T12:39:04.232+0000] {dagbag.py:545} INFO - Filling up the DagBag from /opt/airflow/dags/dag_two.py
[2025-10-03T12:39:04.274+0000] {processor.py:840} INFO - DAG(s) 'dag_two' retrieved from /opt/airflow/dags/dag_two.py
[2025-10-03T12:39:04.339+0000] {logging_mixin.py:188} INFO - [2025-10-03T12:39:04.339+0000] {dag.py:3096} INFO - Sync 1 DAGs
[2025-10-03T12:39:04.403+0000] {logging_mixin.py:188} INFO - [2025-10-03T12:39:04.402+0000] {dag.py:3954} INFO - Setting next_dagrun for dag_two to 2025-10-03 12:39:00+00:00, run_after=2025-10-03 12:40:00+00:00
[2025-10-03T12:39:04.454+0000] {processor.py:183} INFO - Processing /opt/airflow/dags/dag_two.py took 0.249 seconds
[2025-10-03T12:39:34.968+0000] {processor.py:161} INFO - Started process (PID=3520) to work on /opt/airflow/dags/dag_two.py
[2025-10-03T12:39:34.969+0000] {processor.py:830} INFO - Processing file /opt/airflow/dags/dag_two.py for tasks to queue
[2025-10-03T12:39:34.970+0000] {logging_mixin.py:188} INFO - [2025-10-03T12:39:34.970+0000] {dagbag.py:545} INFO - Filling up the DagBag from /opt/airflow/dags/dag_two.py
[2025-10-03T12:39:34.983+0000] {processor.py:840} INFO - DAG(s) 'dag_two' retrieved from /opt/airflow/dags/dag_two.py
[2025-10-03T12:39:35.005+0000] {logging_mixin.py:188} INFO - [2025-10-03T12:39:35.005+0000] {dag.py:3096} INFO - Sync 1 DAGs
[2025-10-03T12:39:35.029+0000] {logging_mixin.py:188} INFO - [2025-10-03T12:39:35.028+0000] {dag.py:3954} INFO - Setting next_dagrun for dag_two to 2025-10-03 12:39:00+00:00, run_after=2025-10-03 12:40:00+00:00
[2025-10-03T12:39:35.074+0000] {processor.py:183} INFO - Processing /opt/airflow/dags/dag_two.py took 0.111 seconds
[2025-10-03T12:40:05.445+0000] {processor.py:161} INFO - Started process (PID=3580) to work on /opt/airflow/dags/dag_two.py
[2025-10-03T12:40:05.446+0000] {processor.py:830} INFO - Processing file /opt/airflow/dags/dag_two.py for tasks to queue
[2025-10-03T12:40:05.447+0000] {logging_mixin.py:188} INFO - [2025-10-03T12:40:05.447+0000] {dagbag.py:545} INFO - Filling up the DagBag from /opt/airflow/dags/dag_two.py
[2025-10-03T12:40:05.463+0000] {processor.py:840} INFO - DAG(s) 'dag_two' retrieved from /opt/airflow/dags/dag_two.py
[2025-10-03T12:40:05.485+0000] {logging_mixin.py:188} INFO - [2025-10-03T12:40:05.485+0000] {dag.py:3096} INFO - Sync 1 DAGs
[2025-10-03T12:40:05.510+0000] {logging_mixin.py:188} INFO - [2025-10-03T12:40:05.510+0000] {dag.py:3954} INFO - Setting next_dagrun for dag_two to 2025-10-03 12:40:00+00:00, run_after=2025-10-03 12:41:00+00:00
[2025-10-03T12:40:05.538+0000] {processor.py:183} INFO - Processing /opt/airflow/dags/dag_two.py took 0.102 seconds
[2025-10-03T12:40:35.944+0000] {processor.py:161} INFO - Started process (PID=3635) to work on /opt/airflow/dags/dag_two.py
[2025-10-03T12:40:35.945+0000] {processor.py:830} INFO - Processing file /opt/airflow/dags/dag_two.py for tasks to queue
[2025-10-03T12:40:35.947+0000] {logging_mixin.py:188} INFO - [2025-10-03T12:40:35.946+0000] {dagbag.py:545} INFO - Filling up the DagBag from /opt/airflow/dags/dag_two.py
[2025-10-03T12:40:35.962+0000] {processor.py:840} INFO - DAG(s) 'dag_two' retrieved from /opt/airflow/dags/dag_two.py
[2025-10-03T12:40:35.981+0000] {logging_mixin.py:188} INFO - [2025-10-03T12:40:35.980+0000] {dag.py:3096} INFO - Sync 1 DAGs
[2025-10-03T12:40:36.005+0000] {logging_mixin.py:188} INFO - [2025-10-03T12:40:36.005+0000] {dag.py:3954} INFO - Setting next_dagrun for dag_two to 2025-10-03 12:40:00+00:00, run_after=2025-10-03 12:41:00+00:00
[2025-10-03T12:40:36.037+0000] {processor.py:183} INFO - Processing /opt/airflow/dags/dag_two.py took 0.099 seconds
[2025-10-03T12:41:06.866+0000] {processor.py:161} INFO - Started process (PID=3695) to work on /opt/airflow/dags/dag_two.py
[2025-10-03T12:41:06.868+0000] {processor.py:830} INFO - Processing file /opt/airflow/dags/dag_two.py for tasks to queue
[2025-10-03T12:41:06.868+0000] {logging_mixin.py:188} INFO - [2025-10-03T12:41:06.868+0000] {dagbag.py:545} INFO - Filling up the DagBag from /opt/airflow/dags/dag_two.py
[2025-10-03T12:41:06.881+0000] {processor.py:840} INFO - DAG(s) 'dag_two' retrieved from /opt/airflow/dags/dag_two.py
[2025-10-03T12:41:06.900+0000] {logging_mixin.py:188} INFO - [2025-10-03T12:41:06.900+0000] {dag.py:3096} INFO - Sync 1 DAGs
[2025-10-03T12:41:06.924+0000] {logging_mixin.py:188} INFO - [2025-10-03T12:41:06.923+0000] {dag.py:3954} INFO - Setting next_dagrun for dag_two to 2025-10-03 12:41:00+00:00, run_after=2025-10-03 12:42:00+00:00
[2025-10-03T12:41:06.951+0000] {processor.py:183} INFO - Processing /opt/airflow/dags/dag_two.py took 0.091 seconds
[2025-10-03T12:41:37.044+0000] {processor.py:161} INFO - Started process (PID=3750) to work on /opt/airflow/dags/dag_two.py
[2025-10-03T12:41:37.046+0000] {processor.py:830} INFO - Processing file /opt/airflow/dags/dag_two.py for tasks to queue
[2025-10-03T12:41:37.047+0000] {logging_mixin.py:188} INFO - [2025-10-03T12:41:37.047+0000] {dagbag.py:545} INFO - Filling up the DagBag from /opt/airflow/dags/dag_two.py
[2025-10-03T12:41:37.072+0000] {processor.py:840} INFO - DAG(s) 'dag_two' retrieved from /opt/airflow/dags/dag_two.py
[2025-10-03T12:41:37.098+0000] {logging_mixin.py:188} INFO - [2025-10-03T12:41:37.098+0000] {dag.py:3096} INFO - Sync 1 DAGs
[2025-10-03T12:41:37.124+0000] {logging_mixin.py:188} INFO - [2025-10-03T12:41:37.124+0000] {dag.py:3954} INFO - Setting next_dagrun for dag_two to 2025-10-03 12:41:00+00:00, run_after=2025-10-03 12:42:00+00:00
[2025-10-03T12:41:37.150+0000] {processor.py:183} INFO - Processing /opt/airflow/dags/dag_two.py took 0.116 seconds
[2025-10-03T12:42:07.448+0000] {processor.py:161} INFO - Started process (PID=3810) to work on /opt/airflow/dags/dag_two.py
[2025-10-03T12:42:07.450+0000] {processor.py:830} INFO - Processing file /opt/airflow/dags/dag_two.py for tasks to queue
[2025-10-03T12:42:07.452+0000] {logging_mixin.py:188} INFO - [2025-10-03T12:42:07.452+0000] {dagbag.py:545} INFO - Filling up the DagBag from /opt/airflow/dags/dag_two.py
[2025-10-03T12:42:07.493+0000] {processor.py:840} INFO - DAG(s) 'dag_two' retrieved from /opt/airflow/dags/dag_two.py
[2025-10-03T12:42:07.527+0000] {logging_mixin.py:188} INFO - [2025-10-03T12:42:07.527+0000] {dag.py:3096} INFO - Sync 1 DAGs
[2025-10-03T12:42:07.583+0000] {logging_mixin.py:188} INFO - [2025-10-03T12:42:07.583+0000] {dag.py:3954} INFO - Setting next_dagrun for dag_two to 2025-10-03 12:42:00+00:00, run_after=2025-10-03 12:43:00+00:00
[2025-10-03T12:42:07.626+0000] {processor.py:183} INFO - Processing /opt/airflow/dags/dag_two.py took 0.196 seconds
[2025-10-03T12:42:37.985+0000] {processor.py:161} INFO - Started process (PID=3865) to work on /opt/airflow/dags/dag_two.py
[2025-10-03T12:42:37.987+0000] {processor.py:830} INFO - Processing file /opt/airflow/dags/dag_two.py for tasks to queue
[2025-10-03T12:42:37.990+0000] {logging_mixin.py:188} INFO - [2025-10-03T12:42:37.989+0000] {dagbag.py:545} INFO - Filling up the DagBag from /opt/airflow/dags/dag_two.py
[2025-10-03T12:42:38.021+0000] {processor.py:840} INFO - DAG(s) 'dag_two' retrieved from /opt/airflow/dags/dag_two.py
[2025-10-03T12:42:38.040+0000] {logging_mixin.py:188} INFO - [2025-10-03T12:42:38.040+0000] {dag.py:3096} INFO - Sync 1 DAGs
[2025-10-03T12:42:38.078+0000] {logging_mixin.py:188} INFO - [2025-10-03T12:42:38.078+0000] {dag.py:3954} INFO - Setting next_dagrun for dag_two to 2025-10-03 12:42:00+00:00, run_after=2025-10-03 12:43:00+00:00
[2025-10-03T12:42:38.123+0000] {processor.py:183} INFO - Processing /opt/airflow/dags/dag_two.py took 0.151 seconds
[2025-10-03T12:43:08.636+0000] {processor.py:161} INFO - Started process (PID=3921) to work on /opt/airflow/dags/dag_two.py
[2025-10-03T12:43:08.640+0000] {processor.py:830} INFO - Processing file /opt/airflow/dags/dag_two.py for tasks to queue
[2025-10-03T12:43:08.642+0000] {logging_mixin.py:188} INFO - [2025-10-03T12:43:08.642+0000] {dagbag.py:545} INFO - Filling up the DagBag from /opt/airflow/dags/dag_two.py
[2025-10-03T12:43:08.666+0000] {processor.py:840} INFO - DAG(s) 'dag_two' retrieved from /opt/airflow/dags/dag_two.py
[2025-10-03T12:43:08.892+0000] {logging_mixin.py:188} INFO - [2025-10-03T12:43:08.891+0000] {dag.py:3096} INFO - Sync 1 DAGs
[2025-10-03T12:43:08.924+0000] {logging_mixin.py:188} INFO - [2025-10-03T12:43:08.924+0000] {dag.py:3954} INFO - Setting next_dagrun for dag_two to 2025-10-03 12:43:00+00:00, run_after=2025-10-03 12:44:00+00:00
[2025-10-03T12:43:08.958+0000] {processor.py:183} INFO - Processing /opt/airflow/dags/dag_two.py took 0.341 seconds
[2025-10-03T12:43:39.084+0000] {processor.py:161} INFO - Started process (PID=3976) to work on /opt/airflow/dags/dag_two.py
[2025-10-03T12:43:39.085+0000] {processor.py:830} INFO - Processing file /opt/airflow/dags/dag_two.py for tasks to queue
[2025-10-03T12:43:39.087+0000] {logging_mixin.py:188} INFO - [2025-10-03T12:43:39.086+0000] {dagbag.py:545} INFO - Filling up the DagBag from /opt/airflow/dags/dag_two.py
[2025-10-03T12:43:39.107+0000] {processor.py:840} INFO - DAG(s) 'dag_two' retrieved from /opt/airflow/dags/dag_two.py
[2025-10-03T12:43:39.127+0000] {logging_mixin.py:188} INFO - [2025-10-03T12:43:39.126+0000] {dag.py:3096} INFO - Sync 1 DAGs
[2025-10-03T12:43:39.150+0000] {logging_mixin.py:188} INFO - [2025-10-03T12:43:39.150+0000] {dag.py:3954} INFO - Setting next_dagrun for dag_two to 2025-10-03 12:43:00+00:00, run_after=2025-10-03 12:44:00+00:00
[2025-10-03T12:43:39.179+0000] {processor.py:183} INFO - Processing /opt/airflow/dags/dag_two.py took 0.102 seconds
[2025-10-03T12:44:09.819+0000] {processor.py:161} INFO - Started process (PID=4036) to work on /opt/airflow/dags/dag_two.py
[2025-10-03T12:44:09.821+0000] {processor.py:830} INFO - Processing file /opt/airflow/dags/dag_two.py for tasks to queue
[2025-10-03T12:44:09.822+0000] {logging_mixin.py:188} INFO - [2025-10-03T12:44:09.822+0000] {dagbag.py:545} INFO - Filling up the DagBag from /opt/airflow/dags/dag_two.py
[2025-10-03T12:44:09.840+0000] {processor.py:840} INFO - DAG(s) 'dag_two' retrieved from /opt/airflow/dags/dag_two.py
[2025-10-03T12:44:09.866+0000] {logging_mixin.py:188} INFO - [2025-10-03T12:44:09.866+0000] {dag.py:3096} INFO - Sync 1 DAGs
[2025-10-03T12:44:09.892+0000] {logging_mixin.py:188} INFO - [2025-10-03T12:44:09.892+0000] {dag.py:3954} INFO - Setting next_dagrun for dag_two to 2025-10-03 12:44:00+00:00, run_after=2025-10-03 12:45:00+00:00
[2025-10-03T12:44:09.924+0000] {processor.py:183} INFO - Processing /opt/airflow/dags/dag_two.py took 0.112 seconds
[2025-10-03T12:44:40.464+0000] {processor.py:161} INFO - Started process (PID=4091) to work on /opt/airflow/dags/dag_two.py
[2025-10-03T12:44:40.466+0000] {processor.py:830} INFO - Processing file /opt/airflow/dags/dag_two.py for tasks to queue
[2025-10-03T12:44:40.468+0000] {logging_mixin.py:188} INFO - [2025-10-03T12:44:40.467+0000] {dagbag.py:545} INFO - Filling up the DagBag from /opt/airflow/dags/dag_two.py
[2025-10-03T12:44:40.497+0000] {processor.py:840} INFO - DAG(s) 'dag_two' retrieved from /opt/airflow/dags/dag_two.py
[2025-10-03T12:44:40.534+0000] {logging_mixin.py:188} INFO - [2025-10-03T12:44:40.534+0000] {dag.py:3096} INFO - Sync 1 DAGs
[2025-10-03T12:44:40.578+0000] {logging_mixin.py:188} INFO - [2025-10-03T12:44:40.578+0000] {dag.py:3954} INFO - Setting next_dagrun for dag_two to 2025-10-03 12:44:00+00:00, run_after=2025-10-03 12:45:00+00:00
[2025-10-03T12:44:40.616+0000] {processor.py:183} INFO - Processing /opt/airflow/dags/dag_two.py took 0.165 seconds
[2025-10-03T12:45:11.200+0000] {processor.py:161} INFO - Started process (PID=4151) to work on /opt/airflow/dags/dag_two.py
[2025-10-03T12:45:11.201+0000] {processor.py:830} INFO - Processing file /opt/airflow/dags/dag_two.py for tasks to queue
[2025-10-03T12:45:11.202+0000] {logging_mixin.py:188} INFO - [2025-10-03T12:45:11.201+0000] {dagbag.py:545} INFO - Filling up the DagBag from /opt/airflow/dags/dag_two.py
[2025-10-03T12:45:11.217+0000] {processor.py:840} INFO - DAG(s) 'dag_two' retrieved from /opt/airflow/dags/dag_two.py
[2025-10-03T12:45:11.239+0000] {logging_mixin.py:188} INFO - [2025-10-03T12:45:11.239+0000] {dag.py:3096} INFO - Sync 1 DAGs
[2025-10-03T12:45:11.262+0000] {logging_mixin.py:188} INFO - [2025-10-03T12:45:11.262+0000] {dag.py:3954} INFO - Setting next_dagrun for dag_two to 2025-10-03 12:45:00+00:00, run_after=2025-10-03 12:46:00+00:00
[2025-10-03T12:45:11.292+0000] {processor.py:183} INFO - Processing /opt/airflow/dags/dag_two.py took 0.101 seconds
[2025-10-03T12:45:41.646+0000] {processor.py:161} INFO - Started process (PID=4206) to work on /opt/airflow/dags/dag_two.py
[2025-10-03T12:45:41.647+0000] {processor.py:830} INFO - Processing file /opt/airflow/dags/dag_two.py for tasks to queue
[2025-10-03T12:45:41.648+0000] {logging_mixin.py:188} INFO - [2025-10-03T12:45:41.648+0000] {dagbag.py:545} INFO - Filling up the DagBag from /opt/airflow/dags/dag_two.py
[2025-10-03T12:45:41.668+0000] {processor.py:840} INFO - DAG(s) 'dag_two' retrieved from /opt/airflow/dags/dag_two.py
[2025-10-03T12:45:41.692+0000] {logging_mixin.py:188} INFO - [2025-10-03T12:45:41.692+0000] {dag.py:3096} INFO - Sync 1 DAGs
[2025-10-03T12:45:41.718+0000] {logging_mixin.py:188} INFO - [2025-10-03T12:45:41.718+0000] {dag.py:3954} INFO - Setting next_dagrun for dag_two to 2025-10-03 12:45:00+00:00, run_after=2025-10-03 12:46:00+00:00
[2025-10-03T12:45:41.746+0000] {processor.py:183} INFO - Processing /opt/airflow/dags/dag_two.py took 0.108 seconds
[2025-10-03T12:46:12.313+0000] {processor.py:161} INFO - Started process (PID=4266) to work on /opt/airflow/dags/dag_two.py
[2025-10-03T12:46:12.314+0000] {processor.py:830} INFO - Processing file /opt/airflow/dags/dag_two.py for tasks to queue
[2025-10-03T12:46:12.315+0000] {logging_mixin.py:188} INFO - [2025-10-03T12:46:12.315+0000] {dagbag.py:545} INFO - Filling up the DagBag from /opt/airflow/dags/dag_two.py
[2025-10-03T12:46:12.336+0000] {processor.py:840} INFO - DAG(s) 'dag_two' retrieved from /opt/airflow/dags/dag_two.py
[2025-10-03T12:46:12.359+0000] {logging_mixin.py:188} INFO - [2025-10-03T12:46:12.359+0000] {dag.py:3096} INFO - Sync 1 DAGs
[2025-10-03T12:46:12.393+0000] {logging_mixin.py:188} INFO - [2025-10-03T12:46:12.393+0000] {dag.py:3954} INFO - Setting next_dagrun for dag_two to 2025-10-03 12:46:00+00:00, run_after=2025-10-03 12:47:00+00:00
[2025-10-03T12:46:12.431+0000] {processor.py:183} INFO - Processing /opt/airflow/dags/dag_two.py took 0.124 seconds
[2025-10-03T12:46:42.637+0000] {processor.py:161} INFO - Started process (PID=4321) to work on /opt/airflow/dags/dag_two.py
[2025-10-03T12:46:42.641+0000] {processor.py:830} INFO - Processing file /opt/airflow/dags/dag_two.py for tasks to queue
[2025-10-03T12:46:42.642+0000] {logging_mixin.py:188} INFO - [2025-10-03T12:46:42.642+0000] {dagbag.py:545} INFO - Filling up the DagBag from /opt/airflow/dags/dag_two.py
[2025-10-03T12:46:42.665+0000] {processor.py:840} INFO - DAG(s) 'dag_two' retrieved from /opt/airflow/dags/dag_two.py
[2025-10-03T12:46:42.696+0000] {logging_mixin.py:188} INFO - [2025-10-03T12:46:42.696+0000] {dag.py:3096} INFO - Sync 1 DAGs
[2025-10-03T12:46:42.747+0000] {logging_mixin.py:188} INFO - [2025-10-03T12:46:42.746+0000] {dag.py:3954} INFO - Setting next_dagrun for dag_two to 2025-10-03 12:46:00+00:00, run_after=2025-10-03 12:47:00+00:00
[2025-10-03T12:46:42.800+0000] {processor.py:183} INFO - Processing /opt/airflow/dags/dag_two.py took 0.174 seconds
[2025-10-03T12:47:12.876+0000] {processor.py:161} INFO - Started process (PID=4381) to work on /opt/airflow/dags/dag_two.py
[2025-10-03T12:47:12.877+0000] {processor.py:830} INFO - Processing file /opt/airflow/dags/dag_two.py for tasks to queue
[2025-10-03T12:47:12.878+0000] {logging_mixin.py:188} INFO - [2025-10-03T12:47:12.878+0000] {dagbag.py:545} INFO - Filling up the DagBag from /opt/airflow/dags/dag_two.py
[2025-10-03T12:47:12.890+0000] {processor.py:840} INFO - DAG(s) 'dag_two' retrieved from /opt/airflow/dags/dag_two.py
[2025-10-03T12:47:12.908+0000] {logging_mixin.py:188} INFO - [2025-10-03T12:47:12.908+0000] {dag.py:3096} INFO - Sync 1 DAGs
[2025-10-03T12:47:12.930+0000] {logging_mixin.py:188} INFO - [2025-10-03T12:47:12.930+0000] {dag.py:3954} INFO - Setting next_dagrun for dag_two to 2025-10-03 12:47:00+00:00, run_after=2025-10-03 12:48:00+00:00
[2025-10-03T12:47:12.959+0000] {processor.py:183} INFO - Processing /opt/airflow/dags/dag_two.py took 0.089 seconds
[2025-10-03T12:47:43.521+0000] {processor.py:161} INFO - Started process (PID=4436) to work on /opt/airflow/dags/dag_two.py
[2025-10-03T12:47:43.522+0000] {processor.py:830} INFO - Processing file /opt/airflow/dags/dag_two.py for tasks to queue
[2025-10-03T12:47:43.524+0000] {logging_mixin.py:188} INFO - [2025-10-03T12:47:43.523+0000] {dagbag.py:545} INFO - Filling up the DagBag from /opt/airflow/dags/dag_two.py
[2025-10-03T12:47:43.538+0000] {processor.py:840} INFO - DAG(s) 'dag_two' retrieved from /opt/airflow/dags/dag_two.py
[2025-10-03T12:47:43.560+0000] {logging_mixin.py:188} INFO - [2025-10-03T12:47:43.559+0000] {dag.py:3096} INFO - Sync 1 DAGs
[2025-10-03T12:47:43.580+0000] {logging_mixin.py:188} INFO - [2025-10-03T12:47:43.580+0000] {dag.py:3954} INFO - Setting next_dagrun for dag_two to 2025-10-03 12:47:00+00:00, run_after=2025-10-03 12:48:00+00:00
[2025-10-03T12:47:43.608+0000] {processor.py:183} INFO - Processing /opt/airflow/dags/dag_two.py took 0.093 seconds
[2025-10-03T12:48:13.892+0000] {processor.py:161} INFO - Started process (PID=4496) to work on /opt/airflow/dags/dag_two.py
[2025-10-03T12:48:13.894+0000] {processor.py:830} INFO - Processing file /opt/airflow/dags/dag_two.py for tasks to queue
[2025-10-03T12:48:13.895+0000] {logging_mixin.py:188} INFO - [2025-10-03T12:48:13.895+0000] {dagbag.py:545} INFO - Filling up the DagBag from /opt/airflow/dags/dag_two.py
[2025-10-03T12:48:13.917+0000] {processor.py:840} INFO - DAG(s) 'dag_two' retrieved from /opt/airflow/dags/dag_two.py
[2025-10-03T12:48:13.946+0000] {logging_mixin.py:188} INFO - [2025-10-03T12:48:13.946+0000] {dag.py:3096} INFO - Sync 1 DAGs
[2025-10-03T12:48:13.976+0000] {logging_mixin.py:188} INFO - [2025-10-03T12:48:13.976+0000] {dag.py:3954} INFO - Setting next_dagrun for dag_two to 2025-10-03 12:48:00+00:00, run_after=2025-10-03 12:49:00+00:00
[2025-10-03T12:48:14.011+0000] {processor.py:183} INFO - Processing /opt/airflow/dags/dag_two.py took 0.128 seconds
[2025-10-03T12:48:44.339+0000] {processor.py:161} INFO - Started process (PID=4551) to work on /opt/airflow/dags/dag_two.py
[2025-10-03T12:48:44.340+0000] {processor.py:830} INFO - Processing file /opt/airflow/dags/dag_two.py for tasks to queue
[2025-10-03T12:48:44.341+0000] {logging_mixin.py:188} INFO - [2025-10-03T12:48:44.341+0000] {dagbag.py:545} INFO - Filling up the DagBag from /opt/airflow/dags/dag_two.py
[2025-10-03T12:48:44.356+0000] {processor.py:840} INFO - DAG(s) 'dag_two' retrieved from /opt/airflow/dags/dag_two.py
[2025-10-03T12:48:44.379+0000] {logging_mixin.py:188} INFO - [2025-10-03T12:48:44.379+0000] {dag.py:3096} INFO - Sync 1 DAGs
[2025-10-03T12:48:44.413+0000] {logging_mixin.py:188} INFO - [2025-10-03T12:48:44.413+0000] {dag.py:3954} INFO - Setting next_dagrun for dag_two to 2025-10-03 12:48:00+00:00, run_after=2025-10-03 12:49:00+00:00
[2025-10-03T12:48:44.450+0000] {processor.py:183} INFO - Processing /opt/airflow/dags/dag_two.py took 0.119 seconds
[2025-10-03T12:49:14.607+0000] {processor.py:161} INFO - Started process (PID=4611) to work on /opt/airflow/dags/dag_two.py
[2025-10-03T12:49:14.608+0000] {processor.py:830} INFO - Processing file /opt/airflow/dags/dag_two.py for tasks to queue
[2025-10-03T12:49:14.609+0000] {logging_mixin.py:188} INFO - [2025-10-03T12:49:14.609+0000] {dagbag.py:545} INFO - Filling up the DagBag from /opt/airflow/dags/dag_two.py
[2025-10-03T12:49:14.626+0000] {processor.py:840} INFO - DAG(s) 'dag_two' retrieved from /opt/airflow/dags/dag_two.py
[2025-10-03T12:49:14.643+0000] {logging_mixin.py:188} INFO - [2025-10-03T12:49:14.643+0000] {dag.py:3096} INFO - Sync 1 DAGs
[2025-10-03T12:49:14.674+0000] {logging_mixin.py:188} INFO - [2025-10-03T12:49:14.674+0000] {dag.py:3954} INFO - Setting next_dagrun for dag_two to 2025-10-03 12:49:00+00:00, run_after=2025-10-03 12:50:00+00:00
[2025-10-03T12:49:14.703+0000] {processor.py:183} INFO - Processing /opt/airflow/dags/dag_two.py took 0.102 seconds
[2025-10-03T12:49:45.158+0000] {processor.py:161} INFO - Started process (PID=4666) to work on /opt/airflow/dags/dag_two.py
[2025-10-03T12:49:45.160+0000] {processor.py:830} INFO - Processing file /opt/airflow/dags/dag_two.py for tasks to queue
[2025-10-03T12:49:45.161+0000] {logging_mixin.py:188} INFO - [2025-10-03T12:49:45.160+0000] {dagbag.py:545} INFO - Filling up the DagBag from /opt/airflow/dags/dag_two.py
[2025-10-03T12:49:45.174+0000] {processor.py:840} INFO - DAG(s) 'dag_two' retrieved from /opt/airflow/dags/dag_two.py
[2025-10-03T12:49:45.193+0000] {logging_mixin.py:188} INFO - [2025-10-03T12:49:45.193+0000] {dag.py:3096} INFO - Sync 1 DAGs
[2025-10-03T12:49:45.215+0000] {logging_mixin.py:188} INFO - [2025-10-03T12:49:45.215+0000] {dag.py:3954} INFO - Setting next_dagrun for dag_two to 2025-10-03 12:49:00+00:00, run_after=2025-10-03 12:50:00+00:00
[2025-10-03T12:49:45.242+0000] {processor.py:183} INFO - Processing /opt/airflow/dags/dag_two.py took 0.090 seconds
[2025-10-03T12:50:15.444+0000] {processor.py:161} INFO - Started process (PID=4726) to work on /opt/airflow/dags/dag_two.py
[2025-10-03T12:50:15.445+0000] {processor.py:830} INFO - Processing file /opt/airflow/dags/dag_two.py for tasks to queue
[2025-10-03T12:50:15.446+0000] {logging_mixin.py:188} INFO - [2025-10-03T12:50:15.446+0000] {dagbag.py:545} INFO - Filling up the DagBag from /opt/airflow/dags/dag_two.py
[2025-10-03T12:50:15.462+0000] {processor.py:840} INFO - DAG(s) 'dag_two' retrieved from /opt/airflow/dags/dag_two.py
[2025-10-03T12:50:15.480+0000] {logging_mixin.py:188} INFO - [2025-10-03T12:50:15.480+0000] {dag.py:3096} INFO - Sync 1 DAGs
[2025-10-03T12:50:15.501+0000] {logging_mixin.py:188} INFO - [2025-10-03T12:50:15.501+0000] {dag.py:3954} INFO - Setting next_dagrun for dag_two to 2025-10-03 12:50:00+00:00, run_after=2025-10-03 12:51:00+00:00
[2025-10-03T12:50:15.528+0000] {processor.py:183} INFO - Processing /opt/airflow/dags/dag_two.py took 0.092 seconds
[2025-10-03T12:50:45.787+0000] {processor.py:161} INFO - Started process (PID=4781) to work on /opt/airflow/dags/dag_two.py
[2025-10-03T12:50:45.789+0000] {processor.py:830} INFO - Processing file /opt/airflow/dags/dag_two.py for tasks to queue
[2025-10-03T12:50:45.792+0000] {logging_mixin.py:188} INFO - [2025-10-03T12:50:45.792+0000] {dagbag.py:545} INFO - Filling up the DagBag from /opt/airflow/dags/dag_two.py
[2025-10-03T12:50:45.804+0000] {processor.py:840} INFO - DAG(s) 'dag_two' retrieved from /opt/airflow/dags/dag_two.py
[2025-10-03T12:50:45.825+0000] {logging_mixin.py:188} INFO - [2025-10-03T12:50:45.825+0000] {dag.py:3096} INFO - Sync 1 DAGs
[2025-10-03T12:50:45.847+0000] {logging_mixin.py:188} INFO - [2025-10-03T12:50:45.847+0000] {dag.py:3954} INFO - Setting next_dagrun for dag_two to 2025-10-03 12:50:00+00:00, run_after=2025-10-03 12:51:00+00:00
[2025-10-03T12:50:45.873+0000] {processor.py:183} INFO - Processing /opt/airflow/dags/dag_two.py took 0.093 seconds
[2025-10-03T12:51:16.012+0000] {processor.py:161} INFO - Started process (PID=4841) to work on /opt/airflow/dags/dag_two.py
[2025-10-03T12:51:16.013+0000] {processor.py:830} INFO - Processing file /opt/airflow/dags/dag_two.py for tasks to queue
[2025-10-03T12:51:16.014+0000] {logging_mixin.py:188} INFO - [2025-10-03T12:51:16.014+0000] {dagbag.py:545} INFO - Filling up the DagBag from /opt/airflow/dags/dag_two.py
[2025-10-03T12:51:16.028+0000] {processor.py:840} INFO - DAG(s) 'dag_two' retrieved from /opt/airflow/dags/dag_two.py
[2025-10-03T12:51:16.052+0000] {logging_mixin.py:188} INFO - [2025-10-03T12:51:16.052+0000] {dag.py:3096} INFO - Sync 1 DAGs
[2025-10-03T12:51:16.076+0000] {logging_mixin.py:188} INFO - [2025-10-03T12:51:16.076+0000] {dag.py:3954} INFO - Setting next_dagrun for dag_two to 2025-10-03 12:51:00+00:00, run_after=2025-10-03 12:52:00+00:00
[2025-10-03T12:51:16.105+0000] {processor.py:183} INFO - Processing /opt/airflow/dags/dag_two.py took 0.098 seconds
[2025-10-03T12:51:46.147+0000] {processor.py:161} INFO - Started process (PID=4896) to work on /opt/airflow/dags/dag_two.py
[2025-10-03T12:51:46.148+0000] {processor.py:830} INFO - Processing file /opt/airflow/dags/dag_two.py for tasks to queue
[2025-10-03T12:51:46.149+0000] {logging_mixin.py:188} INFO - [2025-10-03T12:51:46.149+0000] {dagbag.py:545} INFO - Filling up the DagBag from /opt/airflow/dags/dag_two.py
[2025-10-03T12:51:46.162+0000] {processor.py:840} INFO - DAG(s) 'dag_two' retrieved from /opt/airflow/dags/dag_two.py
[2025-10-03T12:51:46.180+0000] {logging_mixin.py:188} INFO - [2025-10-03T12:51:46.180+0000] {dag.py:3096} INFO - Sync 1 DAGs
[2025-10-03T12:51:46.201+0000] {logging_mixin.py:188} INFO - [2025-10-03T12:51:46.201+0000] {dag.py:3954} INFO - Setting next_dagrun for dag_two to 2025-10-03 12:51:00+00:00, run_after=2025-10-03 12:52:00+00:00
[2025-10-03T12:51:46.231+0000] {processor.py:183} INFO - Processing /opt/airflow/dags/dag_two.py took 0.090 seconds
[2025-10-03T12:52:16.315+0000] {processor.py:161} INFO - Started process (PID=4956) to work on /opt/airflow/dags/dag_two.py
[2025-10-03T12:52:16.317+0000] {processor.py:830} INFO - Processing file /opt/airflow/dags/dag_two.py for tasks to queue
[2025-10-03T12:52:16.318+0000] {logging_mixin.py:188} INFO - [2025-10-03T12:52:16.317+0000] {dagbag.py:545} INFO - Filling up the DagBag from /opt/airflow/dags/dag_two.py
[2025-10-03T12:52:16.329+0000] {processor.py:840} INFO - DAG(s) 'dag_two' retrieved from /opt/airflow/dags/dag_two.py
[2025-10-03T12:52:16.347+0000] {logging_mixin.py:188} INFO - [2025-10-03T12:52:16.347+0000] {dag.py:3096} INFO - Sync 1 DAGs
[2025-10-03T12:52:16.368+0000] {logging_mixin.py:188} INFO - [2025-10-03T12:52:16.368+0000] {dag.py:3954} INFO - Setting next_dagrun for dag_two to 2025-10-03 12:52:00+00:00, run_after=2025-10-03 12:53:00+00:00
[2025-10-03T12:52:16.395+0000] {processor.py:183} INFO - Processing /opt/airflow/dags/dag_two.py took 0.085 seconds
[2025-10-03T12:52:47.015+0000] {processor.py:161} INFO - Started process (PID=5011) to work on /opt/airflow/dags/dag_two.py
[2025-10-03T12:52:47.016+0000] {processor.py:830} INFO - Processing file /opt/airflow/dags/dag_two.py for tasks to queue
[2025-10-03T12:52:47.017+0000] {logging_mixin.py:188} INFO - [2025-10-03T12:52:47.017+0000] {dagbag.py:545} INFO - Filling up the DagBag from /opt/airflow/dags/dag_two.py
[2025-10-03T12:52:47.031+0000] {processor.py:840} INFO - DAG(s) 'dag_two' retrieved from /opt/airflow/dags/dag_two.py
[2025-10-03T12:52:47.051+0000] {logging_mixin.py:188} INFO - [2025-10-03T12:52:47.050+0000] {dag.py:3096} INFO - Sync 1 DAGs
[2025-10-03T12:52:47.075+0000] {logging_mixin.py:188} INFO - [2025-10-03T12:52:47.075+0000] {dag.py:3954} INFO - Setting next_dagrun for dag_two to 2025-10-03 12:52:00+00:00, run_after=2025-10-03 12:53:00+00:00
[2025-10-03T12:52:47.104+0000] {processor.py:183} INFO - Processing /opt/airflow/dags/dag_two.py took 0.094 seconds
[2025-10-03T12:53:17.721+0000] {processor.py:161} INFO - Started process (PID=5071) to work on /opt/airflow/dags/dag_two.py
[2025-10-03T12:53:17.723+0000] {processor.py:830} INFO - Processing file /opt/airflow/dags/dag_two.py for tasks to queue
[2025-10-03T12:53:17.724+0000] {logging_mixin.py:188} INFO - [2025-10-03T12:53:17.724+0000] {dagbag.py:545} INFO - Filling up the DagBag from /opt/airflow/dags/dag_two.py
[2025-10-03T12:53:17.746+0000] {processor.py:840} INFO - DAG(s) 'dag_two' retrieved from /opt/airflow/dags/dag_two.py
[2025-10-03T12:53:17.769+0000] {logging_mixin.py:188} INFO - [2025-10-03T12:53:17.768+0000] {dag.py:3096} INFO - Sync 1 DAGs
[2025-10-03T12:53:17.791+0000] {logging_mixin.py:188} INFO - [2025-10-03T12:53:17.791+0000] {dag.py:3954} INFO - Setting next_dagrun for dag_two to 2025-10-03 12:53:00+00:00, run_after=2025-10-03 12:54:00+00:00
[2025-10-03T12:53:17.815+0000] {processor.py:183} INFO - Processing /opt/airflow/dags/dag_two.py took 0.101 seconds
[2025-10-03T12:53:48.111+0000] {processor.py:161} INFO - Started process (PID=5126) to work on /opt/airflow/dags/dag_two.py
[2025-10-03T12:53:48.112+0000] {processor.py:830} INFO - Processing file /opt/airflow/dags/dag_two.py for tasks to queue
[2025-10-03T12:53:48.113+0000] {logging_mixin.py:188} INFO - [2025-10-03T12:53:48.113+0000] {dagbag.py:545} INFO - Filling up the DagBag from /opt/airflow/dags/dag_two.py
[2025-10-03T12:53:48.131+0000] {processor.py:840} INFO - DAG(s) 'dag_two' retrieved from /opt/airflow/dags/dag_two.py
[2025-10-03T12:53:48.161+0000] {logging_mixin.py:188} INFO - [2025-10-03T12:53:48.161+0000] {dag.py:3096} INFO - Sync 1 DAGs
[2025-10-03T12:53:48.193+0000] {logging_mixin.py:188} INFO - [2025-10-03T12:53:48.193+0000] {dag.py:3954} INFO - Setting next_dagrun for dag_two to 2025-10-03 12:53:00+00:00, run_after=2025-10-03 12:54:00+00:00
[2025-10-03T12:53:48.228+0000] {processor.py:183} INFO - Processing /opt/airflow/dags/dag_two.py took 0.127 seconds
[2025-10-03T12:54:18.920+0000] {processor.py:161} INFO - Started process (PID=5186) to work on /opt/airflow/dags/dag_two.py
[2025-10-03T12:54:18.921+0000] {processor.py:830} INFO - Processing file /opt/airflow/dags/dag_two.py for tasks to queue
[2025-10-03T12:54:18.922+0000] {logging_mixin.py:188} INFO - [2025-10-03T12:54:18.922+0000] {dagbag.py:545} INFO - Filling up the DagBag from /opt/airflow/dags/dag_two.py
[2025-10-03T12:54:18.935+0000] {processor.py:840} INFO - DAG(s) 'dag_two' retrieved from /opt/airflow/dags/dag_two.py
[2025-10-03T12:54:18.954+0000] {logging_mixin.py:188} INFO - [2025-10-03T12:54:18.954+0000] {dag.py:3096} INFO - Sync 1 DAGs
[2025-10-03T12:54:18.977+0000] {logging_mixin.py:188} INFO - [2025-10-03T12:54:18.977+0000] {dag.py:3954} INFO - Setting next_dagrun for dag_two to 2025-10-03 12:54:00+00:00, run_after=2025-10-03 12:55:00+00:00
[2025-10-03T12:54:19.005+0000] {processor.py:183} INFO - Processing /opt/airflow/dags/dag_two.py took 0.091 seconds
[2025-10-03T12:54:49.102+0000] {processor.py:161} INFO - Started process (PID=5241) to work on /opt/airflow/dags/dag_two.py
[2025-10-03T12:54:49.104+0000] {processor.py:830} INFO - Processing file /opt/airflow/dags/dag_two.py for tasks to queue
[2025-10-03T12:54:49.105+0000] {logging_mixin.py:188} INFO - [2025-10-03T12:54:49.104+0000] {dagbag.py:545} INFO - Filling up the DagBag from /opt/airflow/dags/dag_two.py
[2025-10-03T12:54:49.123+0000] {processor.py:840} INFO - DAG(s) 'dag_two' retrieved from /opt/airflow/dags/dag_two.py
[2025-10-03T12:54:49.148+0000] {logging_mixin.py:188} INFO - [2025-10-03T12:54:49.148+0000] {dag.py:3096} INFO - Sync 1 DAGs
[2025-10-03T12:54:49.180+0000] {logging_mixin.py:188} INFO - [2025-10-03T12:54:49.180+0000] {dag.py:3954} INFO - Setting next_dagrun for dag_two to 2025-10-03 12:54:00+00:00, run_after=2025-10-03 12:55:00+00:00
[2025-10-03T12:54:49.218+0000] {processor.py:183} INFO - Processing /opt/airflow/dags/dag_two.py took 0.122 seconds
[2025-10-03T12:55:19.288+0000] {processor.py:161} INFO - Started process (PID=5301) to work on /opt/airflow/dags/dag_two.py
[2025-10-03T12:55:19.290+0000] {processor.py:830} INFO - Processing file /opt/airflow/dags/dag_two.py for tasks to queue
[2025-10-03T12:55:19.292+0000] {logging_mixin.py:188} INFO - [2025-10-03T12:55:19.291+0000] {dagbag.py:545} INFO - Filling up the DagBag from /opt/airflow/dags/dag_two.py
[2025-10-03T12:55:19.332+0000] {processor.py:840} INFO - DAG(s) 'dag_two' retrieved from /opt/airflow/dags/dag_two.py
[2025-10-03T12:55:19.369+0000] {logging_mixin.py:188} INFO - [2025-10-03T12:55:19.368+0000] {dag.py:3096} INFO - Sync 1 DAGs
[2025-10-03T12:55:19.410+0000] {logging_mixin.py:188} INFO - [2025-10-03T12:55:19.410+0000] {dag.py:3954} INFO - Setting next_dagrun for dag_two to 2025-10-03 12:55:00+00:00, run_after=2025-10-03 12:56:00+00:00
[2025-10-03T12:55:19.448+0000] {processor.py:183} INFO - Processing /opt/airflow/dags/dag_two.py took 0.169 seconds
[2025-10-03T12:55:49.583+0000] {processor.py:161} INFO - Started process (PID=5356) to work on /opt/airflow/dags/dag_two.py
[2025-10-03T12:55:49.585+0000] {processor.py:830} INFO - Processing file /opt/airflow/dags/dag_two.py for tasks to queue
[2025-10-03T12:55:49.587+0000] {logging_mixin.py:188} INFO - [2025-10-03T12:55:49.586+0000] {dagbag.py:545} INFO - Filling up the DagBag from /opt/airflow/dags/dag_two.py
[2025-10-03T12:55:49.625+0000] {processor.py:840} INFO - DAG(s) 'dag_two' retrieved from /opt/airflow/dags/dag_two.py
[2025-10-03T12:55:49.687+0000] {logging_mixin.py:188} INFO - [2025-10-03T12:55:49.686+0000] {dag.py:3096} INFO - Sync 1 DAGs
[2025-10-03T12:55:49.749+0000] {logging_mixin.py:188} INFO - [2025-10-03T12:55:49.748+0000] {dag.py:3954} INFO - Setting next_dagrun for dag_two to 2025-10-03 12:55:00+00:00, run_after=2025-10-03 12:56:00+00:00
[2025-10-03T12:55:49.808+0000] {processor.py:183} INFO - Processing /opt/airflow/dags/dag_two.py took 0.242 seconds
[2025-10-03T12:56:20.361+0000] {processor.py:161} INFO - Started process (PID=5416) to work on /opt/airflow/dags/dag_two.py
[2025-10-03T12:56:20.362+0000] {processor.py:830} INFO - Processing file /opt/airflow/dags/dag_two.py for tasks to queue
[2025-10-03T12:56:20.363+0000] {logging_mixin.py:188} INFO - [2025-10-03T12:56:20.363+0000] {dagbag.py:545} INFO - Filling up the DagBag from /opt/airflow/dags/dag_two.py
[2025-10-03T12:56:20.377+0000] {processor.py:840} INFO - DAG(s) 'dag_two' retrieved from /opt/airflow/dags/dag_two.py
[2025-10-03T12:56:20.397+0000] {logging_mixin.py:188} INFO - [2025-10-03T12:56:20.396+0000] {dag.py:3096} INFO - Sync 1 DAGs
[2025-10-03T12:56:20.418+0000] {logging_mixin.py:188} INFO - [2025-10-03T12:56:20.418+0000] {dag.py:3954} INFO - Setting next_dagrun for dag_two to 2025-10-03 12:56:00+00:00, run_after=2025-10-03 12:57:00+00:00
[2025-10-03T12:56:20.446+0000] {processor.py:183} INFO - Processing /opt/airflow/dags/dag_two.py took 0.092 seconds
[2025-10-03T12:56:51.206+0000] {processor.py:161} INFO - Started process (PID=5471) to work on /opt/airflow/dags/dag_two.py
[2025-10-03T12:56:51.207+0000] {processor.py:830} INFO - Processing file /opt/airflow/dags/dag_two.py for tasks to queue
[2025-10-03T12:56:51.209+0000] {logging_mixin.py:188} INFO - [2025-10-03T12:56:51.209+0000] {dagbag.py:545} INFO - Filling up the DagBag from /opt/airflow/dags/dag_two.py
[2025-10-03T12:56:51.233+0000] {processor.py:840} INFO - DAG(s) 'dag_two' retrieved from /opt/airflow/dags/dag_two.py
[2025-10-03T12:56:51.269+0000] {logging_mixin.py:188} INFO - [2025-10-03T12:56:51.268+0000] {dag.py:3096} INFO - Sync 1 DAGs
[2025-10-03T12:56:51.303+0000] {logging_mixin.py:188} INFO - [2025-10-03T12:56:51.302+0000] {dag.py:3954} INFO - Setting next_dagrun for dag_two to 2025-10-03 12:56:00+00:00, run_after=2025-10-03 12:57:00+00:00
[2025-10-03T12:56:51.336+0000] {processor.py:183} INFO - Processing /opt/airflow/dags/dag_two.py took 0.142 seconds
[2025-10-03T12:57:21.893+0000] {processor.py:161} INFO - Started process (PID=5532) to work on /opt/airflow/dags/dag_two.py
[2025-10-03T12:57:21.894+0000] {processor.py:830} INFO - Processing file /opt/airflow/dags/dag_two.py for tasks to queue
[2025-10-03T12:57:21.895+0000] {logging_mixin.py:188} INFO - [2025-10-03T12:57:21.895+0000] {dagbag.py:545} INFO - Filling up the DagBag from /opt/airflow/dags/dag_two.py
[2025-10-03T12:57:21.907+0000] {processor.py:840} INFO - DAG(s) 'dag_two' retrieved from /opt/airflow/dags/dag_two.py
[2025-10-03T12:57:21.937+0000] {logging_mixin.py:188} INFO - [2025-10-03T12:57:21.936+0000] {dag.py:3096} INFO - Sync 1 DAGs
[2025-10-03T12:57:21.965+0000] {logging_mixin.py:188} INFO - [2025-10-03T12:57:21.965+0000] {dag.py:3954} INFO - Setting next_dagrun for dag_two to 2025-10-03 12:57:00+00:00, run_after=2025-10-03 12:58:00+00:00
[2025-10-03T12:57:21.992+0000] {processor.py:183} INFO - Processing /opt/airflow/dags/dag_two.py took 0.105 seconds
[2025-10-03T12:57:52.072+0000] {processor.py:161} INFO - Started process (PID=5586) to work on /opt/airflow/dags/dag_two.py
[2025-10-03T12:57:52.073+0000] {processor.py:830} INFO - Processing file /opt/airflow/dags/dag_two.py for tasks to queue
[2025-10-03T12:57:52.075+0000] {logging_mixin.py:188} INFO - [2025-10-03T12:57:52.074+0000] {dagbag.py:545} INFO - Filling up the DagBag from /opt/airflow/dags/dag_two.py
[2025-10-03T12:57:52.094+0000] {processor.py:840} INFO - DAG(s) 'dag_two' retrieved from /opt/airflow/dags/dag_two.py
[2025-10-03T12:57:52.118+0000] {logging_mixin.py:188} INFO - [2025-10-03T12:57:52.118+0000] {dag.py:3096} INFO - Sync 1 DAGs
[2025-10-03T12:57:52.142+0000] {logging_mixin.py:188} INFO - [2025-10-03T12:57:52.142+0000] {dag.py:3954} INFO - Setting next_dagrun for dag_two to 2025-10-03 12:57:00+00:00, run_after=2025-10-03 12:58:00+00:00
[2025-10-03T12:57:52.172+0000] {processor.py:183} INFO - Processing /opt/airflow/dags/dag_two.py took 0.109 seconds
[2025-10-03T12:58:22.543+0000] {processor.py:161} INFO - Started process (PID=5652) to work on /opt/airflow/dags/dag_two.py
[2025-10-03T12:58:22.544+0000] {processor.py:830} INFO - Processing file /opt/airflow/dags/dag_two.py for tasks to queue
[2025-10-03T12:58:22.545+0000] {logging_mixin.py:188} INFO - [2025-10-03T12:58:22.545+0000] {dagbag.py:545} INFO - Filling up the DagBag from /opt/airflow/dags/dag_two.py
[2025-10-03T12:58:22.567+0000] {processor.py:840} INFO - DAG(s) 'dag_two' retrieved from /opt/airflow/dags/dag_two.py
[2025-10-03T12:58:22.592+0000] {logging_mixin.py:188} INFO - [2025-10-03T12:58:22.592+0000] {dag.py:3096} INFO - Sync 1 DAGs
[2025-10-03T12:58:22.615+0000] {logging_mixin.py:188} INFO - [2025-10-03T12:58:22.615+0000] {dag.py:3954} INFO - Setting next_dagrun for dag_two to 2025-10-03 12:58:00+00:00, run_after=2025-10-03 12:59:00+00:00
[2025-10-03T12:58:22.643+0000] {processor.py:183} INFO - Processing /opt/airflow/dags/dag_two.py took 0.107 seconds
[2025-10-03T12:58:52.722+0000] {processor.py:161} INFO - Started process (PID=5708) to work on /opt/airflow/dags/dag_two.py
[2025-10-03T12:58:52.724+0000] {processor.py:830} INFO - Processing file /opt/airflow/dags/dag_two.py for tasks to queue
[2025-10-03T12:58:52.725+0000] {logging_mixin.py:188} INFO - [2025-10-03T12:58:52.724+0000] {dagbag.py:545} INFO - Filling up the DagBag from /opt/airflow/dags/dag_two.py
[2025-10-03T12:58:52.745+0000] {processor.py:840} INFO - DAG(s) 'dag_two' retrieved from /opt/airflow/dags/dag_two.py
[2025-10-03T12:58:52.770+0000] {logging_mixin.py:188} INFO - [2025-10-03T12:58:52.770+0000] {dag.py:3096} INFO - Sync 1 DAGs
[2025-10-03T12:58:52.797+0000] {logging_mixin.py:188} INFO - [2025-10-03T12:58:52.796+0000] {dag.py:3954} INFO - Setting next_dagrun for dag_two to 2025-10-03 12:58:00+00:00, run_after=2025-10-03 12:59:00+00:00
[2025-10-03T12:58:52.830+0000] {processor.py:183} INFO - Processing /opt/airflow/dags/dag_two.py took 0.117 seconds
[2025-10-03T12:59:23.040+0000] {processor.py:161} INFO - Started process (PID=5769) to work on /opt/airflow/dags/dag_two.py
[2025-10-03T12:59:23.041+0000] {processor.py:830} INFO - Processing file /opt/airflow/dags/dag_two.py for tasks to queue
[2025-10-03T12:59:23.042+0000] {logging_mixin.py:188} INFO - [2025-10-03T12:59:23.042+0000] {dagbag.py:545} INFO - Filling up the DagBag from /opt/airflow/dags/dag_two.py
[2025-10-03T12:59:23.055+0000] {processor.py:840} INFO - DAG(s) 'dag_two' retrieved from /opt/airflow/dags/dag_two.py
[2025-10-03T12:59:23.075+0000] {logging_mixin.py:188} INFO - [2025-10-03T12:59:23.075+0000] {dag.py:3096} INFO - Sync 1 DAGs
[2025-10-03T12:59:23.099+0000] {logging_mixin.py:188} INFO - [2025-10-03T12:59:23.098+0000] {dag.py:3954} INFO - Setting next_dagrun for dag_two to 2025-10-03 12:59:00+00:00, run_after=2025-10-03 13:00:00+00:00
[2025-10-03T12:59:23.129+0000] {processor.py:183} INFO - Processing /opt/airflow/dags/dag_two.py took 0.095 seconds
[2025-10-03T12:59:53.551+0000] {processor.py:161} INFO - Started process (PID=5825) to work on /opt/airflow/dags/dag_two.py
[2025-10-03T12:59:53.552+0000] {processor.py:830} INFO - Processing file /opt/airflow/dags/dag_two.py for tasks to queue
[2025-10-03T12:59:53.553+0000] {logging_mixin.py:188} INFO - [2025-10-03T12:59:53.553+0000] {dagbag.py:545} INFO - Filling up the DagBag from /opt/airflow/dags/dag_two.py
[2025-10-03T12:59:53.567+0000] {processor.py:840} INFO - DAG(s) 'dag_two' retrieved from /opt/airflow/dags/dag_two.py
[2025-10-03T12:59:53.586+0000] {logging_mixin.py:188} INFO - [2025-10-03T12:59:53.586+0000] {dag.py:3096} INFO - Sync 1 DAGs
[2025-10-03T12:59:53.611+0000] {logging_mixin.py:188} INFO - [2025-10-03T12:59:53.611+0000] {dag.py:3954} INFO - Setting next_dagrun for dag_two to 2025-10-03 12:59:00+00:00, run_after=2025-10-03 13:00:00+00:00
[2025-10-03T12:59:53.637+0000] {processor.py:183} INFO - Processing /opt/airflow/dags/dag_two.py took 0.092 seconds
[2025-10-03T13:00:24.299+0000] {processor.py:161} INFO - Started process (PID=5891) to work on /opt/airflow/dags/dag_two.py
[2025-10-03T13:00:24.300+0000] {processor.py:830} INFO - Processing file /opt/airflow/dags/dag_two.py for tasks to queue
[2025-10-03T13:00:24.301+0000] {logging_mixin.py:188} INFO - [2025-10-03T13:00:24.301+0000] {dagbag.py:545} INFO - Filling up the DagBag from /opt/airflow/dags/dag_two.py
[2025-10-03T13:00:24.319+0000] {processor.py:840} INFO - DAG(s) 'dag_two' retrieved from /opt/airflow/dags/dag_two.py
[2025-10-03T13:00:24.343+0000] {logging_mixin.py:188} INFO - [2025-10-03T13:00:24.342+0000] {dag.py:3096} INFO - Sync 1 DAGs
[2025-10-03T13:00:24.368+0000] {logging_mixin.py:188} INFO - [2025-10-03T13:00:24.368+0000] {dag.py:3954} INFO - Setting next_dagrun for dag_two to 2025-10-03 13:00:00+00:00, run_after=2025-10-03 13:01:00+00:00
[2025-10-03T13:00:24.396+0000] {processor.py:183} INFO - Processing /opt/airflow/dags/dag_two.py took 0.104 seconds
[2025-10-03T13:00:54.867+0000] {processor.py:161} INFO - Started process (PID=5947) to work on /opt/airflow/dags/dag_two.py
[2025-10-03T13:00:54.868+0000] {processor.py:830} INFO - Processing file /opt/airflow/dags/dag_two.py for tasks to queue
[2025-10-03T13:00:54.869+0000] {logging_mixin.py:188} INFO - [2025-10-03T13:00:54.869+0000] {dagbag.py:545} INFO - Filling up the DagBag from /opt/airflow/dags/dag_two.py
[2025-10-03T13:00:54.889+0000] {processor.py:840} INFO - DAG(s) 'dag_two' retrieved from /opt/airflow/dags/dag_two.py
[2025-10-03T13:00:54.907+0000] {logging_mixin.py:188} INFO - [2025-10-03T13:00:54.907+0000] {dag.py:3096} INFO - Sync 1 DAGs
[2025-10-03T13:00:54.928+0000] {logging_mixin.py:188} INFO - [2025-10-03T13:00:54.927+0000] {dag.py:3954} INFO - Setting next_dagrun for dag_two to 2025-10-03 13:00:00+00:00, run_after=2025-10-03 13:01:00+00:00
[2025-10-03T13:00:55.076+0000] {processor.py:183} INFO - Processing /opt/airflow/dags/dag_two.py took 0.215 seconds
[2025-10-03T13:01:25.214+0000] {processor.py:161} INFO - Started process (PID=6008) to work on /opt/airflow/dags/dag_two.py
[2025-10-03T13:01:25.216+0000] {processor.py:830} INFO - Processing file /opt/airflow/dags/dag_two.py for tasks to queue
[2025-10-03T13:01:25.218+0000] {logging_mixin.py:188} INFO - [2025-10-03T13:01:25.217+0000] {dagbag.py:545} INFO - Filling up the DagBag from /opt/airflow/dags/dag_two.py
[2025-10-03T13:01:25.246+0000] {processor.py:840} INFO - DAG(s) 'dag_two' retrieved from /opt/airflow/dags/dag_two.py
[2025-10-03T13:01:25.283+0000] {logging_mixin.py:188} INFO - [2025-10-03T13:01:25.282+0000] {dag.py:3096} INFO - Sync 1 DAGs
[2025-10-03T13:01:25.314+0000] {logging_mixin.py:188} INFO - [2025-10-03T13:01:25.314+0000] {dag.py:3954} INFO - Setting next_dagrun for dag_two to 2025-10-03 13:01:00+00:00, run_after=2025-10-03 13:02:00+00:00
[2025-10-03T13:01:25.520+0000] {processor.py:183} INFO - Processing /opt/airflow/dags/dag_two.py took 0.317 seconds
[2025-10-03T13:01:55.748+0000] {processor.py:161} INFO - Started process (PID=6064) to work on /opt/airflow/dags/dag_two.py
[2025-10-03T13:01:55.749+0000] {processor.py:830} INFO - Processing file /opt/airflow/dags/dag_two.py for tasks to queue
[2025-10-03T13:01:55.751+0000] {logging_mixin.py:188} INFO - [2025-10-03T13:01:55.751+0000] {dagbag.py:545} INFO - Filling up the DagBag from /opt/airflow/dags/dag_two.py
[2025-10-03T13:01:55.784+0000] {processor.py:840} INFO - DAG(s) 'dag_two' retrieved from /opt/airflow/dags/dag_two.py
[2025-10-03T13:01:55.813+0000] {logging_mixin.py:188} INFO - [2025-10-03T13:01:55.813+0000] {dag.py:3096} INFO - Sync 1 DAGs
[2025-10-03T13:01:55.852+0000] {logging_mixin.py:188} INFO - [2025-10-03T13:01:55.851+0000] {dag.py:3954} INFO - Setting next_dagrun for dag_two to 2025-10-03 13:01:00+00:00, run_after=2025-10-03 13:02:00+00:00
[2025-10-03T13:01:56.047+0000] {processor.py:183} INFO - Processing /opt/airflow/dags/dag_two.py took 0.309 seconds
[2025-10-03T13:02:26.258+0000] {processor.py:161} INFO - Started process (PID=6130) to work on /opt/airflow/dags/dag_two.py
[2025-10-03T13:02:26.259+0000] {processor.py:830} INFO - Processing file /opt/airflow/dags/dag_two.py for tasks to queue
[2025-10-03T13:02:26.261+0000] {logging_mixin.py:188} INFO - [2025-10-03T13:02:26.260+0000] {dagbag.py:545} INFO - Filling up the DagBag from /opt/airflow/dags/dag_two.py
[2025-10-03T13:02:26.284+0000] {processor.py:840} INFO - DAG(s) 'dag_two' retrieved from /opt/airflow/dags/dag_two.py
[2025-10-03T13:02:26.313+0000] {logging_mixin.py:188} INFO - [2025-10-03T13:02:26.312+0000] {dag.py:3096} INFO - Sync 1 DAGs
[2025-10-03T13:02:26.345+0000] {logging_mixin.py:188} INFO - [2025-10-03T13:02:26.344+0000] {dag.py:3954} INFO - Setting next_dagrun for dag_two to 2025-10-03 13:02:00+00:00, run_after=2025-10-03 13:03:00+00:00
[2025-10-03T13:02:26.377+0000] {processor.py:183} INFO - Processing /opt/airflow/dags/dag_two.py took 0.133 seconds
[2025-10-03T13:02:56.502+0000] {processor.py:161} INFO - Started process (PID=6186) to work on /opt/airflow/dags/dag_two.py
[2025-10-03T13:02:56.503+0000] {processor.py:830} INFO - Processing file /opt/airflow/dags/dag_two.py for tasks to queue
[2025-10-03T13:02:56.505+0000] {logging_mixin.py:188} INFO - [2025-10-03T13:02:56.504+0000] {dagbag.py:545} INFO - Filling up the DagBag from /opt/airflow/dags/dag_two.py
[2025-10-03T13:02:56.519+0000] {processor.py:840} INFO - DAG(s) 'dag_two' retrieved from /opt/airflow/dags/dag_two.py
[2025-10-03T13:02:56.539+0000] {logging_mixin.py:188} INFO - [2025-10-03T13:02:56.539+0000] {dag.py:3096} INFO - Sync 1 DAGs
[2025-10-03T13:02:56.562+0000] {logging_mixin.py:188} INFO - [2025-10-03T13:02:56.562+0000] {dag.py:3954} INFO - Setting next_dagrun for dag_two to 2025-10-03 13:02:00+00:00, run_after=2025-10-03 13:03:00+00:00
[2025-10-03T13:02:56.584+0000] {processor.py:183} INFO - Processing /opt/airflow/dags/dag_two.py took 0.087 seconds
[2025-10-03T13:03:27.020+0000] {processor.py:161} INFO - Started process (PID=6247) to work on /opt/airflow/dags/dag_two.py
[2025-10-03T13:03:27.021+0000] {processor.py:830} INFO - Processing file /opt/airflow/dags/dag_two.py for tasks to queue
[2025-10-03T13:03:27.022+0000] {logging_mixin.py:188} INFO - [2025-10-03T13:03:27.022+0000] {dagbag.py:545} INFO - Filling up the DagBag from /opt/airflow/dags/dag_two.py
[2025-10-03T13:03:27.035+0000] {processor.py:840} INFO - DAG(s) 'dag_two' retrieved from /opt/airflow/dags/dag_two.py
[2025-10-03T13:03:27.052+0000] {logging_mixin.py:188} INFO - [2025-10-03T13:03:27.052+0000] {dag.py:3096} INFO - Sync 1 DAGs
[2025-10-03T13:03:27.072+0000] {logging_mixin.py:188} INFO - [2025-10-03T13:03:27.072+0000] {dag.py:3954} INFO - Setting next_dagrun for dag_two to 2025-10-03 13:03:00+00:00, run_after=2025-10-03 13:04:00+00:00
[2025-10-03T13:03:27.100+0000] {processor.py:183} INFO - Processing /opt/airflow/dags/dag_two.py took 0.085 seconds
[2025-10-03T13:03:57.944+0000] {processor.py:161} INFO - Started process (PID=6303) to work on /opt/airflow/dags/dag_two.py
[2025-10-03T13:03:57.946+0000] {processor.py:830} INFO - Processing file /opt/airflow/dags/dag_two.py for tasks to queue
[2025-10-03T13:03:57.947+0000] {logging_mixin.py:188} INFO - [2025-10-03T13:03:57.947+0000] {dagbag.py:545} INFO - Filling up the DagBag from /opt/airflow/dags/dag_two.py
[2025-10-03T13:03:57.976+0000] {processor.py:840} INFO - DAG(s) 'dag_two' retrieved from /opt/airflow/dags/dag_two.py
[2025-10-03T13:03:58.183+0000] {logging_mixin.py:188} INFO - [2025-10-03T13:03:58.183+0000] {dag.py:3096} INFO - Sync 1 DAGs
[2025-10-03T13:03:58.219+0000] {logging_mixin.py:188} INFO - [2025-10-03T13:03:58.218+0000] {dag.py:3954} INFO - Setting next_dagrun for dag_two to 2025-10-03 13:03:00+00:00, run_after=2025-10-03 13:04:00+00:00
[2025-10-03T13:03:58.272+0000] {processor.py:183} INFO - Processing /opt/airflow/dags/dag_two.py took 0.335 seconds
[2025-10-03T13:04:28.413+0000] {processor.py:161} INFO - Started process (PID=6369) to work on /opt/airflow/dags/dag_two.py
[2025-10-03T13:04:28.414+0000] {processor.py:830} INFO - Processing file /opt/airflow/dags/dag_two.py for tasks to queue
[2025-10-03T13:04:28.417+0000] {logging_mixin.py:188} INFO - [2025-10-03T13:04:28.416+0000] {dagbag.py:545} INFO - Filling up the DagBag from /opt/airflow/dags/dag_two.py
[2025-10-03T13:04:28.446+0000] {processor.py:840} INFO - DAG(s) 'dag_two' retrieved from /opt/airflow/dags/dag_two.py
[2025-10-03T13:04:28.482+0000] {logging_mixin.py:188} INFO - [2025-10-03T13:04:28.481+0000] {dag.py:3096} INFO - Sync 1 DAGs
[2025-10-03T13:04:28.533+0000] {logging_mixin.py:188} INFO - [2025-10-03T13:04:28.532+0000] {dag.py:3954} INFO - Setting next_dagrun for dag_two to 2025-10-03 13:04:00+00:00, run_after=2025-10-03 13:05:00+00:00
[2025-10-03T13:04:28.564+0000] {processor.py:183} INFO - Processing /opt/airflow/dags/dag_two.py took 0.162 seconds
[2025-10-03T13:04:58.728+0000] {processor.py:161} INFO - Started process (PID=6425) to work on /opt/airflow/dags/dag_two.py
[2025-10-03T13:04:58.729+0000] {processor.py:830} INFO - Processing file /opt/airflow/dags/dag_two.py for tasks to queue
[2025-10-03T13:04:58.730+0000] {logging_mixin.py:188} INFO - [2025-10-03T13:04:58.730+0000] {dagbag.py:545} INFO - Filling up the DagBag from /opt/airflow/dags/dag_two.py
[2025-10-03T13:04:58.748+0000] {processor.py:840} INFO - DAG(s) 'dag_two' retrieved from /opt/airflow/dags/dag_two.py
[2025-10-03T13:04:58.768+0000] {logging_mixin.py:188} INFO - [2025-10-03T13:04:58.768+0000] {dag.py:3096} INFO - Sync 1 DAGs
[2025-10-03T13:04:58.791+0000] {logging_mixin.py:188} INFO - [2025-10-03T13:04:58.791+0000] {dag.py:3954} INFO - Setting next_dagrun for dag_two to 2025-10-03 13:04:00+00:00, run_after=2025-10-03 13:05:00+00:00
[2025-10-03T13:04:58.819+0000] {processor.py:183} INFO - Processing /opt/airflow/dags/dag_two.py took 0.097 seconds
[2025-10-03T13:05:29.448+0000] {processor.py:161} INFO - Started process (PID=6486) to work on /opt/airflow/dags/dag_two.py
[2025-10-03T13:05:29.449+0000] {processor.py:830} INFO - Processing file /opt/airflow/dags/dag_two.py for tasks to queue
[2025-10-03T13:05:29.450+0000] {logging_mixin.py:188} INFO - [2025-10-03T13:05:29.449+0000] {dagbag.py:545} INFO - Filling up the DagBag from /opt/airflow/dags/dag_two.py
[2025-10-03T13:05:29.462+0000] {processor.py:840} INFO - DAG(s) 'dag_two' retrieved from /opt/airflow/dags/dag_two.py
[2025-10-03T13:05:29.480+0000] {logging_mixin.py:188} INFO - [2025-10-03T13:05:29.480+0000] {dag.py:3096} INFO - Sync 1 DAGs
[2025-10-03T13:05:29.504+0000] {logging_mixin.py:188} INFO - [2025-10-03T13:05:29.503+0000] {dag.py:3954} INFO - Setting next_dagrun for dag_two to 2025-10-03 13:05:00+00:00, run_after=2025-10-03 13:06:00+00:00
[2025-10-03T13:05:29.534+0000] {processor.py:183} INFO - Processing /opt/airflow/dags/dag_two.py took 0.092 seconds
[2025-10-03T13:06:00.156+0000] {processor.py:161} INFO - Started process (PID=6542) to work on /opt/airflow/dags/dag_two.py
[2025-10-03T13:06:00.158+0000] {processor.py:830} INFO - Processing file /opt/airflow/dags/dag_two.py for tasks to queue
[2025-10-03T13:06:00.158+0000] {logging_mixin.py:188} INFO - [2025-10-03T13:06:00.158+0000] {dagbag.py:545} INFO - Filling up the DagBag from /opt/airflow/dags/dag_two.py
[2025-10-03T13:06:00.170+0000] {processor.py:840} INFO - DAG(s) 'dag_two' retrieved from /opt/airflow/dags/dag_two.py
[2025-10-03T13:06:00.187+0000] {logging_mixin.py:188} INFO - [2025-10-03T13:06:00.187+0000] {dag.py:3096} INFO - Sync 1 DAGs
[2025-10-03T13:06:00.213+0000] {logging_mixin.py:188} INFO - [2025-10-03T13:06:00.212+0000] {dag.py:3954} INFO - Setting next_dagrun for dag_two to 2025-10-03 13:05:00+00:00, run_after=2025-10-03 13:06:00+00:00
[2025-10-03T13:06:00.240+0000] {processor.py:183} INFO - Processing /opt/airflow/dags/dag_two.py took 0.088 seconds
[2025-10-03T13:06:30.717+0000] {processor.py:161} INFO - Started process (PID=6604) to work on /opt/airflow/dags/dag_two.py
[2025-10-03T13:06:30.718+0000] {processor.py:830} INFO - Processing file /opt/airflow/dags/dag_two.py for tasks to queue
[2025-10-03T13:06:30.719+0000] {logging_mixin.py:188} INFO - [2025-10-03T13:06:30.719+0000] {dagbag.py:545} INFO - Filling up the DagBag from /opt/airflow/dags/dag_two.py
[2025-10-03T13:06:30.737+0000] {processor.py:840} INFO - DAG(s) 'dag_two' retrieved from /opt/airflow/dags/dag_two.py
[2025-10-03T13:06:30.759+0000] {logging_mixin.py:188} INFO - [2025-10-03T13:06:30.759+0000] {dag.py:3096} INFO - Sync 1 DAGs
[2025-10-03T13:06:30.784+0000] {logging_mixin.py:188} INFO - [2025-10-03T13:06:30.784+0000] {dag.py:3954} INFO - Setting next_dagrun for dag_two to 2025-10-03 13:06:00+00:00, run_after=2025-10-03 13:07:00+00:00
[2025-10-03T13:06:30.810+0000] {processor.py:183} INFO - Processing /opt/airflow/dags/dag_two.py took 0.099 seconds
[2025-10-03T13:07:01.584+0000] {processor.py:161} INFO - Started process (PID=6665) to work on /opt/airflow/dags/dag_two.py
[2025-10-03T13:07:01.586+0000] {processor.py:830} INFO - Processing file /opt/airflow/dags/dag_two.py for tasks to queue
[2025-10-03T13:07:01.588+0000] {logging_mixin.py:188} INFO - [2025-10-03T13:07:01.588+0000] {dagbag.py:545} INFO - Filling up the DagBag from /opt/airflow/dags/dag_two.py
[2025-10-03T13:07:01.615+0000] {processor.py:840} INFO - DAG(s) 'dag_two' retrieved from /opt/airflow/dags/dag_two.py
[2025-10-03T13:07:01.648+0000] {logging_mixin.py:188} INFO - [2025-10-03T13:07:01.648+0000] {dag.py:3096} INFO - Sync 1 DAGs
[2025-10-03T13:07:01.677+0000] {logging_mixin.py:188} INFO - [2025-10-03T13:07:01.677+0000] {dag.py:3954} INFO - Setting next_dagrun for dag_two to 2025-10-03 13:07:00+00:00, run_after=2025-10-03 13:08:00+00:00
[2025-10-03T13:07:01.711+0000] {processor.py:183} INFO - Processing /opt/airflow/dags/dag_two.py took 0.139 seconds
[2025-10-03T13:07:31.793+0000] {processor.py:161} INFO - Started process (PID=6721) to work on /opt/airflow/dags/dag_two.py
[2025-10-03T13:07:31.794+0000] {processor.py:830} INFO - Processing file /opt/airflow/dags/dag_two.py for tasks to queue
[2025-10-03T13:07:31.795+0000] {logging_mixin.py:188} INFO - [2025-10-03T13:07:31.795+0000] {dagbag.py:545} INFO - Filling up the DagBag from /opt/airflow/dags/dag_two.py
[2025-10-03T13:07:31.808+0000] {processor.py:840} INFO - DAG(s) 'dag_two' retrieved from /opt/airflow/dags/dag_two.py
[2025-10-03T13:07:31.826+0000] {logging_mixin.py:188} INFO - [2025-10-03T13:07:31.825+0000] {dag.py:3096} INFO - Sync 1 DAGs
[2025-10-03T13:07:31.846+0000] {logging_mixin.py:188} INFO - [2025-10-03T13:07:31.846+0000] {dag.py:3954} INFO - Setting next_dagrun for dag_two to 2025-10-03 13:07:00+00:00, run_after=2025-10-03 13:08:00+00:00
[2025-10-03T13:07:31.873+0000] {processor.py:183} INFO - Processing /opt/airflow/dags/dag_two.py took 0.086 seconds
[2025-10-03T13:08:02.569+0000] {processor.py:161} INFO - Started process (PID=6783) to work on /opt/airflow/dags/dag_two.py
[2025-10-03T13:08:02.571+0000] {processor.py:830} INFO - Processing file /opt/airflow/dags/dag_two.py for tasks to queue
[2025-10-03T13:08:02.574+0000] {logging_mixin.py:188} INFO - [2025-10-03T13:08:02.573+0000] {dagbag.py:545} INFO - Filling up the DagBag from /opt/airflow/dags/dag_two.py
[2025-10-03T13:08:02.604+0000] {processor.py:840} INFO - DAG(s) 'dag_two' retrieved from /opt/airflow/dags/dag_two.py
[2025-10-03T13:08:02.652+0000] {logging_mixin.py:188} INFO - [2025-10-03T13:08:02.651+0000] {dag.py:3096} INFO - Sync 1 DAGs
[2025-10-03T13:08:02.709+0000] {logging_mixin.py:188} INFO - [2025-10-03T13:08:02.708+0000] {dag.py:3954} INFO - Setting next_dagrun for dag_two to 2025-10-03 13:08:00+00:00, run_after=2025-10-03 13:09:00+00:00
[2025-10-03T13:08:02.768+0000] {processor.py:183} INFO - Processing /opt/airflow/dags/dag_two.py took 0.217 seconds
[2025-10-03T13:08:32.929+0000] {processor.py:161} INFO - Started process (PID=6839) to work on /opt/airflow/dags/dag_two.py
[2025-10-03T13:08:32.930+0000] {processor.py:830} INFO - Processing file /opt/airflow/dags/dag_two.py for tasks to queue
[2025-10-03T13:08:32.931+0000] {logging_mixin.py:188} INFO - [2025-10-03T13:08:32.931+0000] {dagbag.py:545} INFO - Filling up the DagBag from /opt/airflow/dags/dag_two.py
[2025-10-03T13:08:32.955+0000] {processor.py:840} INFO - DAG(s) 'dag_two' retrieved from /opt/airflow/dags/dag_two.py
[2025-10-03T13:08:32.975+0000] {logging_mixin.py:188} INFO - [2025-10-03T13:08:32.975+0000] {dag.py:3096} INFO - Sync 1 DAGs
[2025-10-03T13:08:33.001+0000] {logging_mixin.py:188} INFO - [2025-10-03T13:08:33.001+0000] {dag.py:3954} INFO - Setting next_dagrun for dag_two to 2025-10-03 13:08:00+00:00, run_after=2025-10-03 13:09:00+00:00
[2025-10-03T13:08:33.028+0000] {processor.py:183} INFO - Processing /opt/airflow/dags/dag_two.py took 0.105 seconds
[2025-10-03T13:09:03.738+0000] {processor.py:161} INFO - Started process (PID=6900) to work on /opt/airflow/dags/dag_two.py
[2025-10-03T13:09:03.740+0000] {processor.py:830} INFO - Processing file /opt/airflow/dags/dag_two.py for tasks to queue
[2025-10-03T13:09:03.742+0000] {logging_mixin.py:188} INFO - [2025-10-03T13:09:03.741+0000] {dagbag.py:545} INFO - Filling up the DagBag from /opt/airflow/dags/dag_two.py
[2025-10-03T13:09:03.768+0000] {processor.py:840} INFO - DAG(s) 'dag_two' retrieved from /opt/airflow/dags/dag_two.py
[2025-10-03T13:09:03.798+0000] {logging_mixin.py:188} INFO - [2025-10-03T13:09:03.797+0000] {dag.py:3096} INFO - Sync 1 DAGs
[2025-10-03T13:09:03.831+0000] {logging_mixin.py:188} INFO - [2025-10-03T13:09:03.831+0000] {dag.py:3954} INFO - Setting next_dagrun for dag_two to 2025-10-03 13:09:00+00:00, run_after=2025-10-03 13:10:00+00:00
[2025-10-03T13:09:03.874+0000] {processor.py:183} INFO - Processing /opt/airflow/dags/dag_two.py took 0.144 seconds
[2025-10-03T13:09:33.995+0000] {processor.py:161} INFO - Started process (PID=6956) to work on /opt/airflow/dags/dag_two.py
[2025-10-03T13:09:33.996+0000] {processor.py:830} INFO - Processing file /opt/airflow/dags/dag_two.py for tasks to queue
[2025-10-03T13:09:33.997+0000] {logging_mixin.py:188} INFO - [2025-10-03T13:09:33.997+0000] {dagbag.py:545} INFO - Filling up the DagBag from /opt/airflow/dags/dag_two.py
[2025-10-03T13:09:34.011+0000] {processor.py:840} INFO - DAG(s) 'dag_two' retrieved from /opt/airflow/dags/dag_two.py
[2025-10-03T13:09:34.029+0000] {logging_mixin.py:188} INFO - [2025-10-03T13:09:34.029+0000] {dag.py:3096} INFO - Sync 1 DAGs
[2025-10-03T13:09:34.048+0000] {logging_mixin.py:188} INFO - [2025-10-03T13:09:34.048+0000] {dag.py:3954} INFO - Setting next_dagrun for dag_two to 2025-10-03 13:09:00+00:00, run_after=2025-10-03 13:10:00+00:00
[2025-10-03T13:09:34.075+0000] {processor.py:183} INFO - Processing /opt/airflow/dags/dag_two.py took 0.086 seconds
[2025-10-03T13:10:04.504+0000] {processor.py:161} INFO - Started process (PID=7018) to work on /opt/airflow/dags/dag_two.py
[2025-10-03T13:10:04.506+0000] {processor.py:830} INFO - Processing file /opt/airflow/dags/dag_two.py for tasks to queue
[2025-10-03T13:10:04.508+0000] {logging_mixin.py:188} INFO - [2025-10-03T13:10:04.507+0000] {dagbag.py:545} INFO - Filling up the DagBag from /opt/airflow/dags/dag_two.py
[2025-10-03T13:10:04.547+0000] {processor.py:840} INFO - DAG(s) 'dag_two' retrieved from /opt/airflow/dags/dag_two.py
[2025-10-03T13:10:04.595+0000] {logging_mixin.py:188} INFO - [2025-10-03T13:10:04.595+0000] {dag.py:3096} INFO - Sync 1 DAGs
[2025-10-03T13:10:04.668+0000] {logging_mixin.py:188} INFO - [2025-10-03T13:10:04.668+0000] {dag.py:3954} INFO - Setting next_dagrun for dag_two to 2025-10-03 13:10:00+00:00, run_after=2025-10-03 13:11:00+00:00
[2025-10-03T13:10:04.760+0000] {processor.py:183} INFO - Processing /opt/airflow/dags/dag_two.py took 0.266 seconds
[2025-10-03T13:10:35.701+0000] {processor.py:161} INFO - Started process (PID=7078) to work on /opt/airflow/dags/dag_two.py
[2025-10-03T13:10:35.702+0000] {processor.py:830} INFO - Processing file /opt/airflow/dags/dag_two.py for tasks to queue
[2025-10-03T13:10:35.704+0000] {logging_mixin.py:188} INFO - [2025-10-03T13:10:35.703+0000] {dagbag.py:545} INFO - Filling up the DagBag from /opt/airflow/dags/dag_two.py
[2025-10-03T13:10:35.728+0000] {processor.py:840} INFO - DAG(s) 'dag_two' retrieved from /opt/airflow/dags/dag_two.py
[2025-10-03T13:10:35.748+0000] {logging_mixin.py:188} INFO - [2025-10-03T13:10:35.748+0000] {dag.py:3096} INFO - Sync 1 DAGs
[2025-10-03T13:10:35.771+0000] {logging_mixin.py:188} INFO - [2025-10-03T13:10:35.771+0000] {dag.py:3954} INFO - Setting next_dagrun for dag_two to 2025-10-03 13:10:00+00:00, run_after=2025-10-03 13:11:00+00:00
[2025-10-03T13:10:35.796+0000] {processor.py:183} INFO - Processing /opt/airflow/dags/dag_two.py took 0.101 seconds
[2025-10-03T13:11:06.225+0000] {processor.py:161} INFO - Started process (PID=7139) to work on /opt/airflow/dags/dag_two.py
[2025-10-03T13:11:06.226+0000] {processor.py:830} INFO - Processing file /opt/airflow/dags/dag_two.py for tasks to queue
[2025-10-03T13:11:06.227+0000] {logging_mixin.py:188} INFO - [2025-10-03T13:11:06.227+0000] {dagbag.py:545} INFO - Filling up the DagBag from /opt/airflow/dags/dag_two.py
[2025-10-03T13:11:06.242+0000] {processor.py:840} INFO - DAG(s) 'dag_two' retrieved from /opt/airflow/dags/dag_two.py
[2025-10-03T13:11:06.264+0000] {logging_mixin.py:188} INFO - [2025-10-03T13:11:06.263+0000] {dag.py:3096} INFO - Sync 1 DAGs
[2025-10-03T13:11:06.296+0000] {logging_mixin.py:188} INFO - [2025-10-03T13:11:06.296+0000] {dag.py:3954} INFO - Setting next_dagrun for dag_two to 2025-10-03 13:11:00+00:00, run_after=2025-10-03 13:12:00+00:00
[2025-10-03T13:11:06.327+0000] {processor.py:183} INFO - Processing /opt/airflow/dags/dag_two.py took 0.108 seconds
[2025-10-03T13:11:36.866+0000] {processor.py:161} INFO - Started process (PID=7195) to work on /opt/airflow/dags/dag_two.py
[2025-10-03T13:11:36.867+0000] {processor.py:830} INFO - Processing file /opt/airflow/dags/dag_two.py for tasks to queue
[2025-10-03T13:11:36.868+0000] {logging_mixin.py:188} INFO - [2025-10-03T13:11:36.868+0000] {dagbag.py:545} INFO - Filling up the DagBag from /opt/airflow/dags/dag_two.py
[2025-10-03T13:11:36.884+0000] {processor.py:840} INFO - DAG(s) 'dag_two' retrieved from /opt/airflow/dags/dag_two.py
[2025-10-03T13:11:36.903+0000] {logging_mixin.py:188} INFO - [2025-10-03T13:11:36.903+0000] {dag.py:3096} INFO - Sync 1 DAGs
[2025-10-03T13:11:36.924+0000] {logging_mixin.py:188} INFO - [2025-10-03T13:11:36.924+0000] {dag.py:3954} INFO - Setting next_dagrun for dag_two to 2025-10-03 13:11:00+00:00, run_after=2025-10-03 13:12:00+00:00
[2025-10-03T13:11:36.950+0000] {processor.py:183} INFO - Processing /opt/airflow/dags/dag_two.py took 0.092 seconds
[2025-10-03T13:12:07.327+0000] {processor.py:161} INFO - Started process (PID=7261) to work on /opt/airflow/dags/dag_two.py
[2025-10-03T13:12:07.328+0000] {processor.py:830} INFO - Processing file /opt/airflow/dags/dag_two.py for tasks to queue
[2025-10-03T13:12:07.329+0000] {logging_mixin.py:188} INFO - [2025-10-03T13:12:07.329+0000] {dagbag.py:545} INFO - Filling up the DagBag from /opt/airflow/dags/dag_two.py
[2025-10-03T13:12:07.345+0000] {processor.py:840} INFO - DAG(s) 'dag_two' retrieved from /opt/airflow/dags/dag_two.py
[2025-10-03T13:12:07.369+0000] {logging_mixin.py:188} INFO - [2025-10-03T13:12:07.368+0000] {dag.py:3096} INFO - Sync 1 DAGs
[2025-10-03T13:12:07.396+0000] {logging_mixin.py:188} INFO - [2025-10-03T13:12:07.396+0000] {dag.py:3954} INFO - Setting next_dagrun for dag_two to 2025-10-03 13:12:00+00:00, run_after=2025-10-03 13:13:00+00:00
[2025-10-03T13:12:07.428+0000] {processor.py:183} INFO - Processing /opt/airflow/dags/dag_two.py took 0.108 seconds
[2025-10-03T13:12:37.837+0000] {processor.py:161} INFO - Started process (PID=7317) to work on /opt/airflow/dags/dag_two.py
[2025-10-03T13:12:37.838+0000] {processor.py:830} INFO - Processing file /opt/airflow/dags/dag_two.py for tasks to queue
[2025-10-03T13:12:37.839+0000] {logging_mixin.py:188} INFO - [2025-10-03T13:12:37.839+0000] {dagbag.py:545} INFO - Filling up the DagBag from /opt/airflow/dags/dag_two.py
[2025-10-03T13:12:37.853+0000] {processor.py:840} INFO - DAG(s) 'dag_two' retrieved from /opt/airflow/dags/dag_two.py
[2025-10-03T13:12:37.873+0000] {logging_mixin.py:188} INFO - [2025-10-03T13:12:37.872+0000] {dag.py:3096} INFO - Sync 1 DAGs
[2025-10-03T13:12:37.895+0000] {logging_mixin.py:188} INFO - [2025-10-03T13:12:37.895+0000] {dag.py:3954} INFO - Setting next_dagrun for dag_two to 2025-10-03 13:12:00+00:00, run_after=2025-10-03 13:13:00+00:00
[2025-10-03T13:12:37.921+0000] {processor.py:183} INFO - Processing /opt/airflow/dags/dag_two.py took 0.090 seconds
[2025-10-03T13:13:08.155+0000] {processor.py:161} INFO - Started process (PID=7378) to work on /opt/airflow/dags/dag_two.py
[2025-10-03T13:13:08.157+0000] {processor.py:830} INFO - Processing file /opt/airflow/dags/dag_two.py for tasks to queue
[2025-10-03T13:13:08.158+0000] {logging_mixin.py:188} INFO - [2025-10-03T13:13:08.157+0000] {dagbag.py:545} INFO - Filling up the DagBag from /opt/airflow/dags/dag_two.py
[2025-10-03T13:13:08.172+0000] {processor.py:840} INFO - DAG(s) 'dag_two' retrieved from /opt/airflow/dags/dag_two.py
[2025-10-03T13:13:08.191+0000] {logging_mixin.py:188} INFO - [2025-10-03T13:13:08.191+0000] {dag.py:3096} INFO - Sync 1 DAGs
[2025-10-03T13:13:08.214+0000] {logging_mixin.py:188} INFO - [2025-10-03T13:13:08.214+0000] {dag.py:3954} INFO - Setting next_dagrun for dag_two to 2025-10-03 13:13:00+00:00, run_after=2025-10-03 13:14:00+00:00
[2025-10-03T13:13:08.236+0000] {processor.py:183} INFO - Processing /opt/airflow/dags/dag_two.py took 0.086 seconds
