[2025-10-03T12:20:01.462+0000] {local_task_job_runner.py:120} INFO - ::group::Pre task execution logs
[2025-10-03T12:20:01.482+0000] {taskinstance.py:2076} INFO - Dependencies all met for dep_context=non-requeueable deps ti=<TaskInstance: dag_one.hello scheduled__2025-10-03T12:19:00+00:00 [queued]>
[2025-10-03T12:20:01.490+0000] {taskinstance.py:2076} INFO - Dependencies all met for dep_context=requeueable deps ti=<TaskInstance: dag_one.hello scheduled__2025-10-03T12:19:00+00:00 [queued]>
[2025-10-03T12:20:01.491+0000] {taskinstance.py:2306} INFO - Starting attempt 1 of 1
[2025-10-03T12:20:01.508+0000] {taskinstance.py:2330} INFO - Executing <Task(BashOperator): hello> on 2025-10-03 12:19:00+00:00
[2025-10-03T12:20:01.514+0000] {warnings.py:112} WARNING - /home/***/.local/lib/python3.12/site-packages/***/task/task_runner/standard_task_runner.py:61: DeprecationWarning: This process (pid=84) is multi-threaded, use of fork() may lead to deadlocks in the child.
  pid = os.fork()

[2025-10-03T12:20:01.516+0000] {standard_task_runner.py:63} INFO - Started process 86 to run task
[2025-10-03T12:20:01.517+0000] {standard_task_runner.py:90} INFO - Running: ['***', 'tasks', 'run', 'dag_one', 'hello', 'scheduled__2025-10-03T12:19:00+00:00', '--job-id', '11', '--raw', '--subdir', 'DAGS_FOLDER/dag_one.py', '--cfg-path', '/tmp/tmprpg84qgx']
[2025-10-03T12:20:01.520+0000] {standard_task_runner.py:91} INFO - Job 11: Subtask hello
[2025-10-03T12:20:01.537+0000] {warnings.py:112} WARNING - /home/***/.local/lib/python3.12/site-packages/***/settings.py:195: DeprecationWarning: The sql_alchemy_conn option in [core] has been moved to the sql_alchemy_conn option in [database] - the old setting has been used, but please update your config.
  SQL_ALCHEMY_CONN = conf.get("database", "SQL_ALCHEMY_CONN")

[2025-10-03T12:20:01.594+0000] {task_command.py:426} INFO - Running <TaskInstance: dag_one.hello scheduled__2025-10-03T12:19:00+00:00 [running]> on host 7aff8d0a020c
[2025-10-03T12:20:01.694+0000] {taskinstance.py:2648} INFO - Exporting env vars: AIRFLOW_CTX_DAG_OWNER='***' AIRFLOW_CTX_DAG_ID='dag_one' AIRFLOW_CTX_TASK_ID='hello' AIRFLOW_CTX_EXECUTION_DATE='2025-10-03T12:19:00+00:00' AIRFLOW_CTX_TRY_NUMBER='1' AIRFLOW_CTX_DAG_RUN_ID='scheduled__2025-10-03T12:19:00+00:00'
[2025-10-03T12:20:01.696+0000] {taskinstance.py:430} INFO - ::endgroup::
[2025-10-03T12:20:01.697+0000] {subprocess.py:63} INFO - Tmp dir root location: /tmp
[2025-10-03T12:20:01.698+0000] {subprocess.py:75} INFO - Running command: ['/usr/bin/bash', '-c', 'echo "My name is Ali Moahmed and I am a data engineer and my age is 21. Wellcome to Airflow"']
[2025-10-03T12:20:01.710+0000] {subprocess.py:86} INFO - Output:
[2025-10-03T12:20:01.711+0000] {subprocess.py:93} INFO - My name is Ali Moahmed and I am a data engineer and my age is 21. Wellcome to Airflow
[2025-10-03T12:20:01.712+0000] {subprocess.py:97} INFO - Command exited with return code 0
[2025-10-03T12:20:01.713+0000] {taskinstance.py:441} INFO - ::group::Post task execution logs
[2025-10-03T12:20:01.741+0000] {taskinstance.py:1206} INFO - Marking task as SUCCESS. dag_id=dag_one, task_id=hello, run_id=scheduled__2025-10-03T12:19:00+00:00, execution_date=20251003T121900, start_date=20251003T122001, end_date=20251003T122001
[2025-10-03T12:20:01.772+0000] {local_task_job_runner.py:240} INFO - Task exited with return code 0
[2025-10-03T12:20:01.788+0000] {taskinstance.py:3503} INFO - 0 downstream tasks scheduled from follow-on schedule check
[2025-10-03T12:20:01.795+0000] {local_task_job_runner.py:222} INFO - ::endgroup::
