[2025-10-03T13:08:07.481+0000] {local_task_job_runner.py:120} INFO - ::group::Pre task execution logs
[2025-10-03T13:08:07.524+0000] {taskinstance.py:2076} INFO - Dependencies all met for dep_context=non-requeueable deps ti=<TaskInstance: dag_two.hello2 scheduled__2025-10-03T13:07:00+00:00 [queued]>
[2025-10-03T13:08:07.538+0000] {taskinstance.py:2076} INFO - Dependencies all met for dep_context=requeueable deps ti=<TaskInstance: dag_two.hello2 scheduled__2025-10-03T13:07:00+00:00 [queued]>
[2025-10-03T13:08:07.539+0000] {taskinstance.py:2306} INFO - Starting attempt 1 of 1
[2025-10-03T13:08:07.568+0000] {taskinstance.py:2330} INFO - Executing <Task(BashOperator): hello2> on 2025-10-03 13:07:00+00:00
[2025-10-03T13:08:07.583+0000] {warnings.py:112} WARNING - /home/***/.local/lib/python3.12/site-packages/***/task/task_runner/standard_task_runner.py:61: DeprecationWarning: This process (pid=787) is multi-threaded, use of fork() may lead to deadlocks in the child.
  pid = os.fork()

[2025-10-03T13:08:07.586+0000] {standard_task_runner.py:63} INFO - Started process 791 to run task
[2025-10-03T13:08:07.584+0000] {standard_task_runner.py:90} INFO - Running: ['***', 'tasks', 'run', 'dag_two', 'hello2', 'scheduled__2025-10-03T13:07:00+00:00', '--job-id', '201', '--raw', '--subdir', 'DAGS_FOLDER/dag_two.py', '--cfg-path', '/tmp/tmpu1_93v4q']
[2025-10-03T13:08:07.589+0000] {standard_task_runner.py:91} INFO - Job 201: Subtask hello2
[2025-10-03T13:08:07.614+0000] {warnings.py:112} WARNING - /home/***/.local/lib/python3.12/site-packages/***/settings.py:195: DeprecationWarning: The sql_alchemy_conn option in [core] has been moved to the sql_alchemy_conn option in [database] - the old setting has been used, but please update your config.
  SQL_ALCHEMY_CONN = conf.get("database", "SQL_ALCHEMY_CONN")

[2025-10-03T13:08:07.706+0000] {task_command.py:426} INFO - Running <TaskInstance: dag_two.hello2 scheduled__2025-10-03T13:07:00+00:00 [running]> on host 7aff8d0a020c
[2025-10-03T13:08:07.861+0000] {taskinstance.py:2648} INFO - Exporting env vars: AIRFLOW_CTX_DAG_OWNER='***' AIRFLOW_CTX_DAG_ID='dag_two' AIRFLOW_CTX_TASK_ID='hello2' AIRFLOW_CTX_EXECUTION_DATE='2025-10-03T13:07:00+00:00' AIRFLOW_CTX_TRY_NUMBER='1' AIRFLOW_CTX_DAG_RUN_ID='scheduled__2025-10-03T13:07:00+00:00'
[2025-10-03T13:08:07.865+0000] {taskinstance.py:430} INFO - ::endgroup::
[2025-10-03T13:08:07.867+0000] {subprocess.py:63} INFO - Tmp dir root location: /tmp
[2025-10-03T13:08:07.870+0000] {subprocess.py:75} INFO - Running command: ['/usr/bin/bash', '-c', 'echo "I am in training in Dubai in the field of data engineering and my instractour is Engineer Mohamed Hamed"']
[2025-10-03T13:08:07.888+0000] {subprocess.py:86} INFO - Output:
[2025-10-03T13:08:07.891+0000] {subprocess.py:93} INFO - I am in training in Dubai in the field of data engineering and my instractour is Engineer Mohamed Hamed
[2025-10-03T13:08:07.892+0000] {subprocess.py:97} INFO - Command exited with return code 0
[2025-10-03T13:08:07.894+0000] {taskinstance.py:441} INFO - ::group::Post task execution logs
[2025-10-03T13:08:07.934+0000] {taskinstance.py:1206} INFO - Marking task as SUCCESS. dag_id=dag_two, task_id=hello2, run_id=scheduled__2025-10-03T13:07:00+00:00, execution_date=20251003T130700, start_date=20251003T130807, end_date=20251003T130807
[2025-10-03T13:08:07.962+0000] {local_task_job_runner.py:240} INFO - Task exited with return code 0
[2025-10-03T13:08:07.983+0000] {taskinstance.py:3503} INFO - 0 downstream tasks scheduled from follow-on schedule check
[2025-10-03T13:08:07.990+0000] {local_task_job_runner.py:222} INFO - ::endgroup::
