[2025-10-03T12:40:03.998+0000] {local_task_job_runner.py:120} INFO - ::group::Pre task execution logs
[2025-10-03T12:40:04.053+0000] {taskinstance.py:2076} INFO - Dependencies all met for dep_context=non-requeueable deps ti=<TaskInstance: dag_two.hello2 scheduled__2025-10-03T12:39:00+00:00 [queued]>
[2025-10-03T12:40:04.066+0000] {taskinstance.py:2076} INFO - Dependencies all met for dep_context=requeueable deps ti=<TaskInstance: dag_two.hello2 scheduled__2025-10-03T12:39:00+00:00 [queued]>
[2025-10-03T12:40:04.067+0000] {taskinstance.py:2306} INFO - Starting attempt 1 of 1
[2025-10-03T12:40:04.096+0000] {taskinstance.py:2330} INFO - Executing <Task(BashOperator): hello2> on 2025-10-03 12:39:00+00:00
[2025-10-03T12:40:04.110+0000] {warnings.py:112} WARNING - /home/***/.local/lib/python3.12/site-packages/***/task/task_runner/standard_task_runner.py:61: DeprecationWarning: This process (pid=310) is multi-threaded, use of fork() may lead to deadlocks in the child.
  pid = os.fork()

[2025-10-03T12:40:04.112+0000] {standard_task_runner.py:63} INFO - Started process 312 to run task
[2025-10-03T12:40:04.113+0000] {standard_task_runner.py:90} INFO - Running: ['***', 'tasks', 'run', 'dag_two', 'hello2', 'scheduled__2025-10-03T12:39:00+00:00', '--job-id', '70', '--raw', '--subdir', 'DAGS_FOLDER/dag_two.py', '--cfg-path', '/tmp/tmp_qmo2noh']
[2025-10-03T12:40:04.119+0000] {standard_task_runner.py:91} INFO - Job 70: Subtask hello2
[2025-10-03T12:40:04.148+0000] {warnings.py:112} WARNING - /home/***/.local/lib/python3.12/site-packages/***/settings.py:195: DeprecationWarning: The sql_alchemy_conn option in [core] has been moved to the sql_alchemy_conn option in [database] - the old setting has been used, but please update your config.
  SQL_ALCHEMY_CONN = conf.get("database", "SQL_ALCHEMY_CONN")

[2025-10-03T12:40:04.244+0000] {task_command.py:426} INFO - Running <TaskInstance: dag_two.hello2 scheduled__2025-10-03T12:39:00+00:00 [running]> on host 7aff8d0a020c
[2025-10-03T12:40:04.413+0000] {taskinstance.py:2648} INFO - Exporting env vars: AIRFLOW_CTX_DAG_OWNER='***' AIRFLOW_CTX_DAG_ID='dag_two' AIRFLOW_CTX_TASK_ID='hello2' AIRFLOW_CTX_EXECUTION_DATE='2025-10-03T12:39:00+00:00' AIRFLOW_CTX_TRY_NUMBER='1' AIRFLOW_CTX_DAG_RUN_ID='scheduled__2025-10-03T12:39:00+00:00'
[2025-10-03T12:40:04.417+0000] {taskinstance.py:430} INFO - ::endgroup::
[2025-10-03T12:40:04.419+0000] {subprocess.py:63} INFO - Tmp dir root location: /tmp
[2025-10-03T12:40:04.422+0000] {subprocess.py:75} INFO - Running command: ['/usr/bin/bash', '-c', 'echo "I am in training in Dubai in the field of data engineering and my instractour is Engineer Mohamed Hamed"']
[2025-10-03T12:40:04.440+0000] {subprocess.py:86} INFO - Output:
[2025-10-03T12:40:04.443+0000] {subprocess.py:93} INFO - I am in training in Dubai in the field of data engineering and my instractour is Engineer Mohamed Hamed
[2025-10-03T12:40:04.444+0000] {subprocess.py:97} INFO - Command exited with return code 0
[2025-10-03T12:40:04.445+0000] {taskinstance.py:441} INFO - ::group::Post task execution logs
[2025-10-03T12:40:04.485+0000] {taskinstance.py:1206} INFO - Marking task as SUCCESS. dag_id=dag_two, task_id=hello2, run_id=scheduled__2025-10-03T12:39:00+00:00, execution_date=20251003T123900, start_date=20251003T124004, end_date=20251003T124004
[2025-10-03T12:40:04.527+0000] {local_task_job_runner.py:240} INFO - Task exited with return code 0
[2025-10-03T12:40:04.571+0000] {taskinstance.py:3503} INFO - 0 downstream tasks scheduled from follow-on schedule check
[2025-10-03T12:40:04.580+0000] {local_task_job_runner.py:222} INFO - ::endgroup::
