[2025-10-03T13:12:02.085+0000] {local_task_job_runner.py:120} INFO - ::group::Pre task execution logs
[2025-10-03T13:12:02.122+0000] {taskinstance.py:2076} INFO - Dependencies all met for dep_context=non-requeueable deps ti=<TaskInstance: dag_four.create_table_task scheduled__2025-10-03T13:10:00+00:00 [queued]>
[2025-10-03T13:12:02.139+0000] {taskinstance.py:2076} INFO - Dependencies all met for dep_context=requeueable deps ti=<TaskInstance: dag_four.create_table_task scheduled__2025-10-03T13:10:00+00:00 [queued]>
[2025-10-03T13:12:02.144+0000] {taskinstance.py:2306} INFO - Starting attempt 1 of 2
[2025-10-03T13:12:02.177+0000] {taskinstance.py:2330} INFO - Executing <Task(PostgresOperator): create_table_task> on 2025-10-03 13:10:00+00:00
[2025-10-03T13:12:02.197+0000] {warnings.py:112} WARNING - /home/***/.local/lib/python3.12/site-packages/***/task/task_runner/standard_task_runner.py:61: DeprecationWarning: This process (pid=851) is multi-threaded, use of fork() may lead to deadlocks in the child.
  pid = os.fork()

[2025-10-03T13:12:02.201+0000] {standard_task_runner.py:90} INFO - Running: ['***', 'tasks', 'run', 'dag_four', 'create_table_task', 'scheduled__2025-10-03T13:10:00+00:00', '--job-id', '221', '--raw', '--subdir', 'DAGS_FOLDER/dag_four.py', '--cfg-path', '/tmp/tmpnnqekiho']
[2025-10-03T13:12:02.205+0000] {standard_task_runner.py:63} INFO - Started process 860 to run task
[2025-10-03T13:12:02.206+0000] {standard_task_runner.py:91} INFO - Job 221: Subtask create_table_task
[2025-10-03T13:12:02.238+0000] {warnings.py:112} WARNING - /home/***/.local/lib/python3.12/site-packages/***/settings.py:195: DeprecationWarning: The sql_alchemy_conn option in [core] has been moved to the sql_alchemy_conn option in [database] - the old setting has been used, but please update your config.
  SQL_ALCHEMY_CONN = conf.get("database", "SQL_ALCHEMY_CONN")

[2025-10-03T13:12:02.318+0000] {task_command.py:426} INFO - Running <TaskInstance: dag_four.create_table_task scheduled__2025-10-03T13:10:00+00:00 [running]> on host 7aff8d0a020c
[2025-10-03T13:12:02.496+0000] {taskinstance.py:2648} INFO - Exporting env vars: AIRFLOW_CTX_DAG_OWNER='***' AIRFLOW_CTX_DAG_ID='dag_four' AIRFLOW_CTX_TASK_ID='create_table_task' AIRFLOW_CTX_EXECUTION_DATE='2025-10-03T13:10:00+00:00' AIRFLOW_CTX_TRY_NUMBER='1' AIRFLOW_CTX_DAG_RUN_ID='scheduled__2025-10-03T13:10:00+00:00'
[2025-10-03T13:12:02.500+0000] {taskinstance.py:430} INFO - ::endgroup::
[2025-10-03T13:12:02.501+0000] {sql.py:276} INFO - Executing: 
        CREATE TABLE IF NOT EXISTS my_table (
            id SERIAL PRIMARY KEY,
            name VARCHAR(50),
            created_at TIMESTAMP DEFAULT CURRENT_TIMESTAMP
        );
        
[2025-10-03T13:12:02.515+0000] {base.py:84} INFO - Using connection ID 'postgres_conn' for task execution.
[2025-10-03T13:12:02.537+0000] {base.py:84} INFO - Using connection ID 'postgres_conn' for task execution.
[2025-10-03T13:12:02.546+0000] {sql.py:487} INFO - Running statement: 
        CREATE TABLE IF NOT EXISTS my_table (
            id SERIAL PRIMARY KEY,
            name VARCHAR(50),
            created_at TIMESTAMP DEFAULT CURRENT_TIMESTAMP
        );
        , parameters: None
[2025-10-03T13:12:02.549+0000] {taskinstance.py:441} INFO - ::group::Post task execution logs
[2025-10-03T13:12:02.567+0000] {taskinstance.py:1206} INFO - Marking task as SUCCESS. dag_id=dag_four, task_id=create_table_task, run_id=scheduled__2025-10-03T13:10:00+00:00, execution_date=20251003T131000, start_date=20251003T131202, end_date=20251003T131202
[2025-10-03T13:12:02.636+0000] {local_task_job_runner.py:240} INFO - Task exited with return code 0
[2025-10-03T13:12:02.656+0000] {warnings.py:112} WARNING - /home/***/.local/lib/python3.12/site-packages/***/models/baseoperator.py:1297: AirflowProviderDeprecationWarning: Call to deprecated class PostgresOperator. (Please use `***.providers.common.sql.operators.sql.SQLExecuteQueryOperator`.Also, you can provide `hook_params={'schema': <database>}`.)
  result = cls.__new__(cls)

[2025-10-03T13:12:02.715+0000] {taskinstance.py:3503} INFO - 1 downstream tasks scheduled from follow-on schedule check
[2025-10-03T13:12:02.726+0000] {local_task_job_runner.py:222} INFO - ::endgroup::
