[2025-10-03T12:57:07.525+0000] {local_task_job_runner.py:120} INFO - ::group::Pre task execution logs
[2025-10-03T12:57:07.560+0000] {taskinstance.py:2076} INFO - Dependencies all met for dep_context=non-requeueable deps ti=<TaskInstance: dag_two.hello2 scheduled__2025-10-03T12:56:00+00:00 [queued]>
[2025-10-03T12:57:07.576+0000] {taskinstance.py:2076} INFO - Dependencies all met for dep_context=requeueable deps ti=<TaskInstance: dag_two.hello2 scheduled__2025-10-03T12:56:00+00:00 [queued]>
[2025-10-03T12:57:07.577+0000] {taskinstance.py:2306} INFO - Starting attempt 1 of 1
[2025-10-03T12:57:07.607+0000] {taskinstance.py:2330} INFO - Executing <Task(BashOperator): hello2> on 2025-10-03 12:56:00+00:00
[2025-10-03T12:57:07.622+0000] {warnings.py:112} WARNING - /home/***/.local/lib/python3.12/site-packages/***/task/task_runner/standard_task_runner.py:61: DeprecationWarning: This process (pid=566) is multi-threaded, use of fork() may lead to deadlocks in the child.
  pid = os.fork()

[2025-10-03T12:57:07.624+0000] {standard_task_runner.py:63} INFO - Started process 569 to run task
[2025-10-03T12:57:07.624+0000] {standard_task_runner.py:90} INFO - Running: ['***', 'tasks', 'run', 'dag_two', 'hello2', 'scheduled__2025-10-03T12:56:00+00:00', '--job-id', '138', '--raw', '--subdir', 'DAGS_FOLDER/dag_two.py', '--cfg-path', '/tmp/tmpalpxdt8s']
[2025-10-03T12:57:07.628+0000] {standard_task_runner.py:91} INFO - Job 138: Subtask hello2
[2025-10-03T12:57:07.652+0000] {warnings.py:112} WARNING - /home/***/.local/lib/python3.12/site-packages/***/settings.py:195: DeprecationWarning: The sql_alchemy_conn option in [core] has been moved to the sql_alchemy_conn option in [database] - the old setting has been used, but please update your config.
  SQL_ALCHEMY_CONN = conf.get("database", "SQL_ALCHEMY_CONN")

[2025-10-03T12:57:07.737+0000] {task_command.py:426} INFO - Running <TaskInstance: dag_two.hello2 scheduled__2025-10-03T12:56:00+00:00 [running]> on host 7aff8d0a020c
[2025-10-03T12:57:07.945+0000] {taskinstance.py:2648} INFO - Exporting env vars: AIRFLOW_CTX_DAG_OWNER='***' AIRFLOW_CTX_DAG_ID='dag_two' AIRFLOW_CTX_TASK_ID='hello2' AIRFLOW_CTX_EXECUTION_DATE='2025-10-03T12:56:00+00:00' AIRFLOW_CTX_TRY_NUMBER='1' AIRFLOW_CTX_DAG_RUN_ID='scheduled__2025-10-03T12:56:00+00:00'
[2025-10-03T12:57:07.952+0000] {taskinstance.py:430} INFO - ::endgroup::
[2025-10-03T12:57:07.960+0000] {subprocess.py:63} INFO - Tmp dir root location: /tmp
[2025-10-03T12:57:07.963+0000] {subprocess.py:75} INFO - Running command: ['/usr/bin/bash', '-c', 'echo "I am in training in Dubai in the field of data engineering and my instractour is Engineer Mohamed Hamed"']
[2025-10-03T12:57:07.989+0000] {subprocess.py:86} INFO - Output:
[2025-10-03T12:57:07.994+0000] {subprocess.py:93} INFO - I am in training in Dubai in the field of data engineering and my instractour is Engineer Mohamed Hamed
[2025-10-03T12:57:07.995+0000] {subprocess.py:97} INFO - Command exited with return code 0
[2025-10-03T12:57:07.997+0000] {taskinstance.py:441} INFO - ::group::Post task execution logs
[2025-10-03T12:57:08.051+0000] {taskinstance.py:1206} INFO - Marking task as SUCCESS. dag_id=dag_two, task_id=hello2, run_id=scheduled__2025-10-03T12:56:00+00:00, execution_date=20251003T125600, start_date=20251003T125707, end_date=20251003T125708
[2025-10-03T12:57:08.123+0000] {local_task_job_runner.py:240} INFO - Task exited with return code 0
[2025-10-03T12:57:08.159+0000] {taskinstance.py:3503} INFO - 0 downstream tasks scheduled from follow-on schedule check
[2025-10-03T12:57:08.164+0000] {local_task_job_runner.py:222} INFO - ::endgroup::
