[2025-10-03T13:10:02.935+0000] {local_task_job_runner.py:120} INFO - ::group::Pre task execution logs
[2025-10-03T13:10:03.005+0000] {taskinstance.py:2076} INFO - Dependencies all met for dep_context=non-requeueable deps ti=<TaskInstance: dag_two.hello scheduled__2025-10-03T13:09:00+00:00 [queued]>
[2025-10-03T13:10:03.031+0000] {taskinstance.py:2076} INFO - Dependencies all met for dep_context=requeueable deps ti=<TaskInstance: dag_two.hello scheduled__2025-10-03T13:09:00+00:00 [queued]>
[2025-10-03T13:10:03.036+0000] {taskinstance.py:2306} INFO - Starting attempt 1 of 1
[2025-10-03T13:10:03.111+0000] {taskinstance.py:2330} INFO - Executing <Task(BashOperator): hello> on 2025-10-03 13:09:00+00:00
[2025-10-03T13:10:03.138+0000] {warnings.py:112} WARNING - /home/***/.local/lib/python3.12/site-packages/***/task/task_runner/standard_task_runner.py:61: DeprecationWarning: This process (pid=812) is multi-threaded, use of fork() may lead to deadlocks in the child.
  pid = os.fork()

[2025-10-03T13:10:03.153+0000] {standard_task_runner.py:63} INFO - Started process 821 to run task
[2025-10-03T13:10:03.144+0000] {standard_task_runner.py:90} INFO - Running: ['***', 'tasks', 'run', 'dag_two', 'hello', 'scheduled__2025-10-03T13:09:00+00:00', '--job-id', '208', '--raw', '--subdir', 'DAGS_FOLDER/dag_two.py', '--cfg-path', '/tmp/tmp1kstveju']
[2025-10-03T13:10:03.162+0000] {standard_task_runner.py:91} INFO - Job 208: Subtask hello
[2025-10-03T13:10:03.217+0000] {warnings.py:112} WARNING - /home/***/.local/lib/python3.12/site-packages/***/settings.py:195: DeprecationWarning: The sql_alchemy_conn option in [core] has been moved to the sql_alchemy_conn option in [database] - the old setting has been used, but please update your config.
  SQL_ALCHEMY_CONN = conf.get("database", "SQL_ALCHEMY_CONN")

[2025-10-03T13:10:03.386+0000] {task_command.py:426} INFO - Running <TaskInstance: dag_two.hello scheduled__2025-10-03T13:09:00+00:00 [running]> on host 7aff8d0a020c
[2025-10-03T13:10:03.773+0000] {taskinstance.py:2648} INFO - Exporting env vars: AIRFLOW_CTX_DAG_OWNER='***' AIRFLOW_CTX_DAG_ID='dag_two' AIRFLOW_CTX_TASK_ID='hello' AIRFLOW_CTX_EXECUTION_DATE='2025-10-03T13:09:00+00:00' AIRFLOW_CTX_TRY_NUMBER='1' AIRFLOW_CTX_DAG_RUN_ID='scheduled__2025-10-03T13:09:00+00:00'
[2025-10-03T13:10:03.779+0000] {taskinstance.py:430} INFO - ::endgroup::
[2025-10-03T13:10:03.781+0000] {subprocess.py:63} INFO - Tmp dir root location: /tmp
[2025-10-03T13:10:03.786+0000] {subprocess.py:75} INFO - Running command: ['/usr/bin/bash', '-c', 'echo "My name is Ali Moahmed and I am a data engineer and my age is 21. Wellcome to Airflow"']
[2025-10-03T13:10:03.831+0000] {subprocess.py:86} INFO - Output:
[2025-10-03T13:10:03.837+0000] {subprocess.py:93} INFO - My name is Ali Moahmed and I am a data engineer and my age is 21. Wellcome to Airflow
[2025-10-03T13:10:03.839+0000] {subprocess.py:97} INFO - Command exited with return code 0
[2025-10-03T13:10:03.841+0000] {taskinstance.py:441} INFO - ::group::Post task execution logs
[2025-10-03T13:10:03.918+0000] {taskinstance.py:1206} INFO - Marking task as SUCCESS. dag_id=dag_two, task_id=hello, run_id=scheduled__2025-10-03T13:09:00+00:00, execution_date=20251003T130900, start_date=20251003T131003, end_date=20251003T131003
[2025-10-03T13:10:03.993+0000] {local_task_job_runner.py:240} INFO - Task exited with return code 0
[2025-10-03T13:10:04.034+0000] {taskinstance.py:3503} INFO - 1 downstream tasks scheduled from follow-on schedule check
[2025-10-03T13:10:04.048+0000] {local_task_job_runner.py:222} INFO - ::endgroup::
