[2025-10-03T13:13:02.916+0000] {local_task_job_runner.py:120} INFO - ::group::Pre task execution logs
[2025-10-03T13:13:03.010+0000] {taskinstance.py:2076} INFO - Dependencies all met for dep_context=non-requeueable deps ti=<TaskInstance: dag_three.loop scheduled__2025-10-03T13:12:00+00:00 [queued]>
[2025-10-03T13:13:03.038+0000] {taskinstance.py:2076} INFO - Dependencies all met for dep_context=requeueable deps ti=<TaskInstance: dag_three.loop scheduled__2025-10-03T13:12:00+00:00 [queued]>
[2025-10-03T13:13:03.042+0000] {taskinstance.py:2306} INFO - Starting attempt 1 of 1
[2025-10-03T13:13:03.100+0000] {taskinstance.py:2330} INFO - Executing <Task(PythonOperator): loop> on 2025-10-03 13:12:00+00:00
[2025-10-03T13:13:03.131+0000] {warnings.py:112} WARNING - /home/***/.local/lib/python3.12/site-packages/***/task/task_runner/standard_task_runner.py:61: DeprecationWarning: This process (pid=877) is multi-threaded, use of fork() may lead to deadlocks in the child.
  pid = os.fork()

[2025-10-03T13:13:03.139+0000] {standard_task_runner.py:63} INFO - Started process 883 to run task
[2025-10-03T13:13:03.142+0000] {standard_task_runner.py:90} INFO - Running: ['***', 'tasks', 'run', 'dag_three', 'loop', 'scheduled__2025-10-03T13:12:00+00:00', '--job-id', '228', '--raw', '--subdir', 'DAGS_FOLDER/dag_three.py', '--cfg-path', '/tmp/tmpgs6915_u']
[2025-10-03T13:13:03.154+0000] {standard_task_runner.py:91} INFO - Job 228: Subtask loop
[2025-10-03T13:13:03.217+0000] {warnings.py:112} WARNING - /home/***/.local/lib/python3.12/site-packages/***/settings.py:195: DeprecationWarning: The sql_alchemy_conn option in [core] has been moved to the sql_alchemy_conn option in [database] - the old setting has been used, but please update your config.
  SQL_ALCHEMY_CONN = conf.get("database", "SQL_ALCHEMY_CONN")

[2025-10-03T13:13:03.430+0000] {task_command.py:426} INFO - Running <TaskInstance: dag_three.loop scheduled__2025-10-03T13:12:00+00:00 [running]> on host 7aff8d0a020c
[2025-10-03T13:13:03.724+0000] {taskinstance.py:2648} INFO - Exporting env vars: AIRFLOW_CTX_DAG_OWNER='***' AIRFLOW_CTX_DAG_ID='dag_three' AIRFLOW_CTX_TASK_ID='loop' AIRFLOW_CTX_EXECUTION_DATE='2025-10-03T13:12:00+00:00' AIRFLOW_CTX_TRY_NUMBER='1' AIRFLOW_CTX_DAG_RUN_ID='scheduled__2025-10-03T13:12:00+00:00'
[2025-10-03T13:13:03.729+0000] {taskinstance.py:430} INFO - ::endgroup::
[2025-10-03T13:13:03.733+0000] {logging_mixin.py:188} INFO - 0
[2025-10-03T13:13:03.734+0000] {logging_mixin.py:188} INFO - 1
[2025-10-03T13:13:03.735+0000] {logging_mixin.py:188} INFO - 2
[2025-10-03T13:13:03.736+0000] {logging_mixin.py:188} INFO - 3
[2025-10-03T13:13:03.737+0000] {logging_mixin.py:188} INFO - 4
[2025-10-03T13:13:03.739+0000] {logging_mixin.py:188} INFO - 5
[2025-10-03T13:13:03.740+0000] {logging_mixin.py:188} INFO - 6
[2025-10-03T13:13:03.741+0000] {logging_mixin.py:188} INFO - 7
[2025-10-03T13:13:03.742+0000] {logging_mixin.py:188} INFO - 8
[2025-10-03T13:13:03.746+0000] {logging_mixin.py:188} INFO - 9
[2025-10-03T13:13:03.747+0000] {python.py:237} INFO - Done. Returned value was: None
[2025-10-03T13:13:03.749+0000] {taskinstance.py:441} INFO - ::group::Post task execution logs
[2025-10-03T13:13:03.774+0000] {taskinstance.py:1206} INFO - Marking task as SUCCESS. dag_id=dag_three, task_id=loop, run_id=scheduled__2025-10-03T13:12:00+00:00, execution_date=20251003T131200, start_date=20251003T131303, end_date=20251003T131303
[2025-10-03T13:13:03.853+0000] {local_task_job_runner.py:240} INFO - Task exited with return code 0
[2025-10-03T13:13:03.887+0000] {taskinstance.py:3503} INFO - 0 downstream tasks scheduled from follow-on schedule check
[2025-10-03T13:13:03.894+0000] {local_task_job_runner.py:222} INFO - ::endgroup::
