[2025-10-03T12:26:03.544+0000] {local_task_job_runner.py:120} INFO - ::group::Pre task execution logs
[2025-10-03T12:26:03.607+0000] {taskinstance.py:2076} INFO - Dependencies all met for dep_context=non-requeueable deps ti=<TaskInstance: dag_one.hello scheduled__2025-10-03T12:25:00+00:00 [queued]>
[2025-10-03T12:26:03.629+0000] {taskinstance.py:2076} INFO - Dependencies all met for dep_context=requeueable deps ti=<TaskInstance: dag_one.hello scheduled__2025-10-03T12:25:00+00:00 [queued]>
[2025-10-03T12:26:03.630+0000] {taskinstance.py:2306} INFO - Starting attempt 1 of 1
[2025-10-03T12:26:03.665+0000] {taskinstance.py:2330} INFO - Executing <Task(BashOperator): hello> on 2025-10-03 12:25:00+00:00
[2025-10-03T12:26:03.679+0000] {warnings.py:112} WARNING - /home/***/.local/lib/python3.12/site-packages/***/task/task_runner/standard_task_runner.py:61: DeprecationWarning: This process (pid=104) is multi-threaded, use of fork() may lead to deadlocks in the child.
  pid = os.fork()

[2025-10-03T12:26:03.682+0000] {standard_task_runner.py:63} INFO - Started process 106 to run task
[2025-10-03T12:26:03.683+0000] {standard_task_runner.py:90} INFO - Running: ['***', 'tasks', 'run', 'dag_one', 'hello', 'scheduled__2025-10-03T12:25:00+00:00', '--job-id', '16', '--raw', '--subdir', 'DAGS_FOLDER/dag_one.py', '--cfg-path', '/tmp/tmpw5saag44']
[2025-10-03T12:26:03.691+0000] {standard_task_runner.py:91} INFO - Job 16: Subtask hello
[2025-10-03T12:26:03.716+0000] {warnings.py:112} WARNING - /home/***/.local/lib/python3.12/site-packages/***/settings.py:195: DeprecationWarning: The sql_alchemy_conn option in [core] has been moved to the sql_alchemy_conn option in [database] - the old setting has been used, but please update your config.
  SQL_ALCHEMY_CONN = conf.get("database", "SQL_ALCHEMY_CONN")

[2025-10-03T12:26:03.803+0000] {task_command.py:426} INFO - Running <TaskInstance: dag_one.hello scheduled__2025-10-03T12:25:00+00:00 [running]> on host 7aff8d0a020c
[2025-10-03T12:26:03.946+0000] {taskinstance.py:2648} INFO - Exporting env vars: AIRFLOW_CTX_DAG_OWNER='***' AIRFLOW_CTX_DAG_ID='dag_one' AIRFLOW_CTX_TASK_ID='hello' AIRFLOW_CTX_EXECUTION_DATE='2025-10-03T12:25:00+00:00' AIRFLOW_CTX_TRY_NUMBER='1' AIRFLOW_CTX_DAG_RUN_ID='scheduled__2025-10-03T12:25:00+00:00'
[2025-10-03T12:26:03.949+0000] {taskinstance.py:430} INFO - ::endgroup::
[2025-10-03T12:26:03.951+0000] {subprocess.py:63} INFO - Tmp dir root location: /tmp
[2025-10-03T12:26:03.953+0000] {subprocess.py:75} INFO - Running command: ['/usr/bin/bash', '-c', 'echo "My name is Ali Moahmed and I am a data engineer and my age is 21. Wellcome to Airflow"']
[2025-10-03T12:26:03.966+0000] {subprocess.py:86} INFO - Output:
[2025-10-03T12:26:03.968+0000] {subprocess.py:93} INFO - My name is Ali Moahmed and I am a data engineer and my age is 21. Wellcome to Airflow
[2025-10-03T12:26:03.969+0000] {subprocess.py:97} INFO - Command exited with return code 0
[2025-10-03T12:26:03.971+0000] {taskinstance.py:441} INFO - ::group::Post task execution logs
[2025-10-03T12:26:04.021+0000] {taskinstance.py:1206} INFO - Marking task as SUCCESS. dag_id=dag_one, task_id=hello, run_id=scheduled__2025-10-03T12:25:00+00:00, execution_date=20251003T122500, start_date=20251003T122603, end_date=20251003T122604
[2025-10-03T12:26:04.102+0000] {local_task_job_runner.py:240} INFO - Task exited with return code 0
[2025-10-03T12:26:04.130+0000] {local_task_job_runner.py:222} INFO - ::endgroup::
