[2025-10-03T12:37:03.657+0000] {local_task_job_runner.py:120} INFO - ::group::Pre task execution logs
[2025-10-03T12:37:03.708+0000] {taskinstance.py:2076} INFO - Dependencies all met for dep_context=non-requeueable deps ti=<TaskInstance: dag_three.loop scheduled__2025-10-03T12:36:00+00:00 [queued]>
[2025-10-03T12:37:03.729+0000] {taskinstance.py:2076} INFO - Dependencies all met for dep_context=requeueable deps ti=<TaskInstance: dag_three.loop scheduled__2025-10-03T12:36:00+00:00 [queued]>
[2025-10-03T12:37:03.731+0000] {taskinstance.py:2306} INFO - Starting attempt 1 of 1
[2025-10-03T12:37:03.764+0000] {taskinstance.py:2330} INFO - Executing <Task(PythonOperator): loop> on 2025-10-03 12:36:00+00:00
[2025-10-03T12:37:03.780+0000] {warnings.py:112} WARNING - /home/***/.local/lib/python3.12/site-packages/***/task/task_runner/standard_task_runner.py:61: DeprecationWarning: This process (pid=256) is multi-threaded, use of fork() may lead to deadlocks in the child.
  pid = os.fork()

[2025-10-03T12:37:03.783+0000] {standard_task_runner.py:63} INFO - Started process 262 to run task
[2025-10-03T12:37:03.784+0000] {standard_task_runner.py:90} INFO - Running: ['***', 'tasks', 'run', 'dag_three', 'loop', 'scheduled__2025-10-03T12:36:00+00:00', '--job-id', '57', '--raw', '--subdir', 'DAGS_FOLDER/dag_three.py', '--cfg-path', '/tmp/tmpbgry4e6_']
[2025-10-03T12:37:03.793+0000] {standard_task_runner.py:91} INFO - Job 57: Subtask loop
[2025-10-03T12:37:03.832+0000] {warnings.py:112} WARNING - /home/***/.local/lib/python3.12/site-packages/***/settings.py:195: DeprecationWarning: The sql_alchemy_conn option in [core] has been moved to the sql_alchemy_conn option in [database] - the old setting has been used, but please update your config.
  SQL_ALCHEMY_CONN = conf.get("database", "SQL_ALCHEMY_CONN")

[2025-10-03T12:37:03.945+0000] {task_command.py:426} INFO - Running <TaskInstance: dag_three.loop scheduled__2025-10-03T12:36:00+00:00 [running]> on host 7aff8d0a020c
[2025-10-03T12:37:04.319+0000] {taskinstance.py:2648} INFO - Exporting env vars: AIRFLOW_CTX_DAG_OWNER='***' AIRFLOW_CTX_DAG_ID='dag_three' AIRFLOW_CTX_TASK_ID='loop' AIRFLOW_CTX_EXECUTION_DATE='2025-10-03T12:36:00+00:00' AIRFLOW_CTX_TRY_NUMBER='1' AIRFLOW_CTX_DAG_RUN_ID='scheduled__2025-10-03T12:36:00+00:00'
[2025-10-03T12:37:04.337+0000] {taskinstance.py:430} INFO - ::endgroup::
[2025-10-03T12:37:04.339+0000] {logging_mixin.py:188} INFO - 0
[2025-10-03T12:37:04.340+0000] {logging_mixin.py:188} INFO - 1
[2025-10-03T12:37:04.341+0000] {logging_mixin.py:188} INFO - 2
[2025-10-03T12:37:04.342+0000] {logging_mixin.py:188} INFO - 3
[2025-10-03T12:37:04.343+0000] {logging_mixin.py:188} INFO - 4
[2025-10-03T12:37:04.344+0000] {logging_mixin.py:188} INFO - 5
[2025-10-03T12:37:04.345+0000] {logging_mixin.py:188} INFO - 6
[2025-10-03T12:37:04.346+0000] {logging_mixin.py:188} INFO - 7
[2025-10-03T12:37:04.348+0000] {logging_mixin.py:188} INFO - 8
[2025-10-03T12:37:04.349+0000] {logging_mixin.py:188} INFO - 9
[2025-10-03T12:37:04.350+0000] {python.py:237} INFO - Done. Returned value was: None
[2025-10-03T12:37:04.352+0000] {taskinstance.py:441} INFO - ::group::Post task execution logs
[2025-10-03T12:37:04.378+0000] {taskinstance.py:1206} INFO - Marking task as SUCCESS. dag_id=dag_three, task_id=loop, run_id=scheduled__2025-10-03T12:36:00+00:00, execution_date=20251003T123600, start_date=20251003T123703, end_date=20251003T123704
[2025-10-03T12:37:04.445+0000] {local_task_job_runner.py:240} INFO - Task exited with return code 0
[2025-10-03T12:37:04.496+0000] {taskinstance.py:3503} INFO - 0 downstream tasks scheduled from follow-on schedule check
[2025-10-03T12:37:04.507+0000] {local_task_job_runner.py:222} INFO - ::endgroup::
