[2025-10-03T13:08:03.226+0000] {local_task_job_runner.py:120} INFO - ::group::Pre task execution logs
[2025-10-03T13:08:03.274+0000] {taskinstance.py:2076} INFO - Dependencies all met for dep_context=non-requeueable deps ti=<TaskInstance: dag_three.loop scheduled__2025-10-03T13:07:00+00:00 [queued]>
[2025-10-03T13:08:03.290+0000] {taskinstance.py:2076} INFO - Dependencies all met for dep_context=requeueable deps ti=<TaskInstance: dag_three.loop scheduled__2025-10-03T13:07:00+00:00 [queued]>
[2025-10-03T13:08:03.292+0000] {taskinstance.py:2306} INFO - Starting attempt 1 of 1
[2025-10-03T13:08:03.340+0000] {taskinstance.py:2330} INFO - Executing <Task(PythonOperator): loop> on 2025-10-03 13:07:00+00:00
[2025-10-03T13:08:03.362+0000] {warnings.py:112} WARNING - /home/***/.local/lib/python3.12/site-packages/***/task/task_runner/standard_task_runner.py:61: DeprecationWarning: This process (pid=773) is multi-threaded, use of fork() may lead to deadlocks in the child.
  pid = os.fork()

[2025-10-03T13:08:03.368+0000] {standard_task_runner.py:63} INFO - Started process 782 to run task
[2025-10-03T13:08:03.369+0000] {standard_task_runner.py:90} INFO - Running: ['***', 'tasks', 'run', 'dag_three', 'loop', 'scheduled__2025-10-03T13:07:00+00:00', '--job-id', '198', '--raw', '--subdir', 'DAGS_FOLDER/dag_three.py', '--cfg-path', '/tmp/tmpium3ghug']
[2025-10-03T13:08:03.380+0000] {standard_task_runner.py:91} INFO - Job 198: Subtask loop
[2025-10-03T13:08:03.425+0000] {warnings.py:112} WARNING - /home/***/.local/lib/python3.12/site-packages/***/settings.py:195: DeprecationWarning: The sql_alchemy_conn option in [core] has been moved to the sql_alchemy_conn option in [database] - the old setting has been used, but please update your config.
  SQL_ALCHEMY_CONN = conf.get("database", "SQL_ALCHEMY_CONN")

[2025-10-03T13:08:03.544+0000] {task_command.py:426} INFO - Running <TaskInstance: dag_three.loop scheduled__2025-10-03T13:07:00+00:00 [running]> on host 7aff8d0a020c
[2025-10-03T13:08:04.055+0000] {taskinstance.py:2648} INFO - Exporting env vars: AIRFLOW_CTX_DAG_OWNER='***' AIRFLOW_CTX_DAG_ID='dag_three' AIRFLOW_CTX_TASK_ID='loop' AIRFLOW_CTX_EXECUTION_DATE='2025-10-03T13:07:00+00:00' AIRFLOW_CTX_TRY_NUMBER='1' AIRFLOW_CTX_DAG_RUN_ID='scheduled__2025-10-03T13:07:00+00:00'
[2025-10-03T13:08:04.066+0000] {taskinstance.py:430} INFO - ::endgroup::
[2025-10-03T13:08:04.068+0000] {logging_mixin.py:188} INFO - 0
[2025-10-03T13:08:04.069+0000] {logging_mixin.py:188} INFO - 1
[2025-10-03T13:08:04.070+0000] {logging_mixin.py:188} INFO - 2
[2025-10-03T13:08:04.072+0000] {logging_mixin.py:188} INFO - 3
[2025-10-03T13:08:04.073+0000] {logging_mixin.py:188} INFO - 4
[2025-10-03T13:08:04.075+0000] {logging_mixin.py:188} INFO - 5
[2025-10-03T13:08:04.076+0000] {logging_mixin.py:188} INFO - 6
[2025-10-03T13:08:04.077+0000] {logging_mixin.py:188} INFO - 7
[2025-10-03T13:08:04.078+0000] {logging_mixin.py:188} INFO - 8
[2025-10-03T13:08:04.079+0000] {logging_mixin.py:188} INFO - 9
[2025-10-03T13:08:04.080+0000] {python.py:237} INFO - Done. Returned value was: None
[2025-10-03T13:08:04.081+0000] {taskinstance.py:441} INFO - ::group::Post task execution logs
[2025-10-03T13:08:04.145+0000] {taskinstance.py:1206} INFO - Marking task as SUCCESS. dag_id=dag_three, task_id=loop, run_id=scheduled__2025-10-03T13:07:00+00:00, execution_date=20251003T130700, start_date=20251003T130803, end_date=20251003T130804
[2025-10-03T13:08:04.219+0000] {local_task_job_runner.py:240} INFO - Task exited with return code 0
[2025-10-03T13:08:04.260+0000] {taskinstance.py:3503} INFO - 0 downstream tasks scheduled from follow-on schedule check
[2025-10-03T13:08:04.266+0000] {local_task_job_runner.py:222} INFO - ::endgroup::
