[2025-10-03T12:59:04.421+0000] {local_task_job_runner.py:120} INFO - ::group::Pre task execution logs
[2025-10-03T12:59:04.484+0000] {taskinstance.py:2076} INFO - Dependencies all met for dep_context=non-requeueable deps ti=<TaskInstance: dag_one.hello scheduled__2025-10-03T12:58:00+00:00 [queued]>
[2025-10-03T12:59:04.510+0000] {taskinstance.py:2076} INFO - Dependencies all met for dep_context=requeueable deps ti=<TaskInstance: dag_one.hello scheduled__2025-10-03T12:58:00+00:00 [queued]>
[2025-10-03T12:59:04.511+0000] {taskinstance.py:2306} INFO - Starting attempt 1 of 1
[2025-10-03T12:59:04.545+0000] {taskinstance.py:2330} INFO - Executing <Task(BashOperator): hello> on 2025-10-03 12:58:00+00:00
[2025-10-03T12:59:04.562+0000] {warnings.py:112} WARNING - /home/***/.local/lib/python3.12/site-packages/***/task/task_runner/standard_task_runner.py:61: DeprecationWarning: This process (pid=604) is multi-threaded, use of fork() may lead to deadlocks in the child.
  pid = os.fork()

[2025-10-03T12:59:04.566+0000] {standard_task_runner.py:63} INFO - Started process 610 to run task
[2025-10-03T12:59:04.566+0000] {standard_task_runner.py:90} INFO - Running: ['***', 'tasks', 'run', 'dag_one', 'hello', 'scheduled__2025-10-03T12:58:00+00:00', '--job-id', '151', '--raw', '--subdir', 'DAGS_FOLDER/dag_one.py', '--cfg-path', '/tmp/tmpqsxiis6q']
[2025-10-03T12:59:04.571+0000] {standard_task_runner.py:91} INFO - Job 151: Subtask hello
[2025-10-03T12:59:04.604+0000] {warnings.py:112} WARNING - /home/***/.local/lib/python3.12/site-packages/***/settings.py:195: DeprecationWarning: The sql_alchemy_conn option in [core] has been moved to the sql_alchemy_conn option in [database] - the old setting has been used, but please update your config.
  SQL_ALCHEMY_CONN = conf.get("database", "SQL_ALCHEMY_CONN")

[2025-10-03T12:59:04.701+0000] {task_command.py:426} INFO - Running <TaskInstance: dag_one.hello scheduled__2025-10-03T12:58:00+00:00 [running]> on host 7aff8d0a020c
[2025-10-03T12:59:04.889+0000] {taskinstance.py:2648} INFO - Exporting env vars: AIRFLOW_CTX_DAG_OWNER='***' AIRFLOW_CTX_DAG_ID='dag_one' AIRFLOW_CTX_TASK_ID='hello' AIRFLOW_CTX_EXECUTION_DATE='2025-10-03T12:58:00+00:00' AIRFLOW_CTX_TRY_NUMBER='1' AIRFLOW_CTX_DAG_RUN_ID='scheduled__2025-10-03T12:58:00+00:00'
[2025-10-03T12:59:04.892+0000] {taskinstance.py:430} INFO - ::endgroup::
[2025-10-03T12:59:04.894+0000] {subprocess.py:63} INFO - Tmp dir root location: /tmp
[2025-10-03T12:59:04.898+0000] {subprocess.py:75} INFO - Running command: ['/usr/bin/bash', '-c', 'echo "My name is Ali Moahmed and I am a data engineer and my age is 21. Wellcome to Airflow"']
[2025-10-03T12:59:04.919+0000] {subprocess.py:86} INFO - Output:
[2025-10-03T12:59:04.922+0000] {subprocess.py:93} INFO - My name is Ali Moahmed and I am a data engineer and my age is 21. Wellcome to Airflow
[2025-10-03T12:59:04.923+0000] {subprocess.py:97} INFO - Command exited with return code 0
[2025-10-03T12:59:04.925+0000] {taskinstance.py:441} INFO - ::group::Post task execution logs
[2025-10-03T12:59:04.978+0000] {taskinstance.py:1206} INFO - Marking task as SUCCESS. dag_id=dag_one, task_id=hello, run_id=scheduled__2025-10-03T12:58:00+00:00, execution_date=20251003T125800, start_date=20251003T125904, end_date=20251003T125904
[2025-10-03T12:59:05.064+0000] {local_task_job_runner.py:240} INFO - Task exited with return code 0
[2025-10-03T12:59:05.091+0000] {taskinstance.py:3503} INFO - 0 downstream tasks scheduled from follow-on schedule check
[2025-10-03T12:59:05.097+0000] {local_task_job_runner.py:222} INFO - ::endgroup::
