[2025-10-03T12:35:03.902+0000] {local_task_job_runner.py:120} INFO - ::group::Pre task execution logs
[2025-10-03T12:35:03.935+0000] {taskinstance.py:2076} INFO - Dependencies all met for dep_context=non-requeueable deps ti=<TaskInstance: dag_two.hello scheduled__2025-10-03T12:34:00+00:00 [queued]>
[2025-10-03T12:35:03.949+0000] {taskinstance.py:2076} INFO - Dependencies all met for dep_context=requeueable deps ti=<TaskInstance: dag_two.hello scheduled__2025-10-03T12:34:00+00:00 [queued]>
[2025-10-03T12:35:03.950+0000] {taskinstance.py:2306} INFO - Starting attempt 1 of 1
[2025-10-03T12:35:03.981+0000] {taskinstance.py:2330} INFO - Executing <Task(BashOperator): hello> on 2025-10-03 12:34:00+00:00
[2025-10-03T12:35:03.994+0000] {warnings.py:112} WARNING - /home/***/.local/lib/python3.12/site-packages/***/task/task_runner/standard_task_runner.py:61: DeprecationWarning: This process (pid=225) is multi-threaded, use of fork() may lead to deadlocks in the child.
  pid = os.fork()

[2025-10-03T12:35:03.998+0000] {standard_task_runner.py:63} INFO - Started process 231 to run task
[2025-10-03T12:35:03.998+0000] {standard_task_runner.py:90} INFO - Running: ['***', 'tasks', 'run', 'dag_two', 'hello', 'scheduled__2025-10-03T12:34:00+00:00', '--job-id', '48', '--raw', '--subdir', 'DAGS_FOLDER/dag_two.py', '--cfg-path', '/tmp/tmpvvw6snrx']
[2025-10-03T12:35:04.007+0000] {standard_task_runner.py:91} INFO - Job 48: Subtask hello
[2025-10-03T12:35:04.033+0000] {warnings.py:112} WARNING - /home/***/.local/lib/python3.12/site-packages/***/settings.py:195: DeprecationWarning: The sql_alchemy_conn option in [core] has been moved to the sql_alchemy_conn option in [database] - the old setting has been used, but please update your config.
  SQL_ALCHEMY_CONN = conf.get("database", "SQL_ALCHEMY_CONN")

[2025-10-03T12:35:04.132+0000] {task_command.py:426} INFO - Running <TaskInstance: dag_two.hello scheduled__2025-10-03T12:34:00+00:00 [running]> on host 7aff8d0a020c
[2025-10-03T12:35:04.300+0000] {taskinstance.py:2648} INFO - Exporting env vars: AIRFLOW_CTX_DAG_OWNER='***' AIRFLOW_CTX_DAG_ID='dag_two' AIRFLOW_CTX_TASK_ID='hello' AIRFLOW_CTX_EXECUTION_DATE='2025-10-03T12:34:00+00:00' AIRFLOW_CTX_TRY_NUMBER='1' AIRFLOW_CTX_DAG_RUN_ID='scheduled__2025-10-03T12:34:00+00:00'
[2025-10-03T12:35:04.303+0000] {taskinstance.py:430} INFO - ::endgroup::
[2025-10-03T12:35:04.305+0000] {subprocess.py:63} INFO - Tmp dir root location: /tmp
[2025-10-03T12:35:04.310+0000] {subprocess.py:75} INFO - Running command: ['/usr/bin/bash', '-c', 'echo "My name is Ali Moahmed and I am a data engineer and my age is 21. Wellcome to Airflow"']
[2025-10-03T12:35:04.334+0000] {subprocess.py:86} INFO - Output:
[2025-10-03T12:35:04.337+0000] {subprocess.py:93} INFO - My name is Ali Moahmed and I am a data engineer and my age is 21. Wellcome to Airflow
[2025-10-03T12:35:04.338+0000] {subprocess.py:97} INFO - Command exited with return code 0
[2025-10-03T12:35:04.340+0000] {taskinstance.py:441} INFO - ::group::Post task execution logs
[2025-10-03T12:35:04.397+0000] {taskinstance.py:1206} INFO - Marking task as SUCCESS. dag_id=dag_two, task_id=hello, run_id=scheduled__2025-10-03T12:34:00+00:00, execution_date=20251003T123400, start_date=20251003T123503, end_date=20251003T123504
[2025-10-03T12:35:04.495+0000] {local_task_job_runner.py:240} INFO - Task exited with return code 0
[2025-10-03T12:35:04.519+0000] {local_task_job_runner.py:222} INFO - ::endgroup::
