[2025-10-03T13:02:04.450+0000] {local_task_job_runner.py:120} INFO - ::group::Pre task execution logs
[2025-10-03T13:02:04.550+0000] {taskinstance.py:2076} INFO - Dependencies all met for dep_context=non-requeueable deps ti=<TaskInstance: dag_three.loop scheduled__2025-10-03T13:01:00+00:00 [queued]>
[2025-10-03T13:02:04.597+0000] {taskinstance.py:2076} INFO - Dependencies all met for dep_context=requeueable deps ti=<TaskInstance: dag_three.loop scheduled__2025-10-03T13:01:00+00:00 [queued]>
[2025-10-03T13:02:04.603+0000] {taskinstance.py:2306} INFO - Starting attempt 1 of 1
[2025-10-03T13:02:04.686+0000] {taskinstance.py:2330} INFO - Executing <Task(PythonOperator): loop> on 2025-10-03 13:01:00+00:00
[2025-10-03T13:02:04.737+0000] {warnings.py:112} WARNING - /home/***/.local/lib/python3.12/site-packages/***/task/task_runner/standard_task_runner.py:61: DeprecationWarning: This process (pid=656) is multi-threaded, use of fork() may lead to deadlocks in the child.
  pid = os.fork()

[2025-10-03T13:02:04.761+0000] {standard_task_runner.py:63} INFO - Started process 665 to run task
[2025-10-03T13:02:04.761+0000] {standard_task_runner.py:90} INFO - Running: ['***', 'tasks', 'run', 'dag_three', 'loop', 'scheduled__2025-10-03T13:01:00+00:00', '--job-id', '164', '--raw', '--subdir', 'DAGS_FOLDER/dag_three.py', '--cfg-path', '/tmp/tmp4ywzr6yo']
[2025-10-03T13:02:04.778+0000] {standard_task_runner.py:91} INFO - Job 164: Subtask loop
[2025-10-03T13:02:04.839+0000] {warnings.py:112} WARNING - /home/***/.local/lib/python3.12/site-packages/***/settings.py:195: DeprecationWarning: The sql_alchemy_conn option in [core] has been moved to the sql_alchemy_conn option in [database] - the old setting has been used, but please update your config.
  SQL_ALCHEMY_CONN = conf.get("database", "SQL_ALCHEMY_CONN")

[2025-10-03T13:02:04.981+0000] {task_command.py:426} INFO - Running <TaskInstance: dag_three.loop scheduled__2025-10-03T13:01:00+00:00 [running]> on host 7aff8d0a020c
[2025-10-03T13:02:05.395+0000] {taskinstance.py:2648} INFO - Exporting env vars: AIRFLOW_CTX_DAG_OWNER='***' AIRFLOW_CTX_DAG_ID='dag_three' AIRFLOW_CTX_TASK_ID='loop' AIRFLOW_CTX_EXECUTION_DATE='2025-10-03T13:01:00+00:00' AIRFLOW_CTX_TRY_NUMBER='1' AIRFLOW_CTX_DAG_RUN_ID='scheduled__2025-10-03T13:01:00+00:00'
[2025-10-03T13:02:05.405+0000] {taskinstance.py:430} INFO - ::endgroup::
[2025-10-03T13:02:05.409+0000] {logging_mixin.py:188} INFO - 0
[2025-10-03T13:02:05.416+0000] {logging_mixin.py:188} INFO - 1
[2025-10-03T13:02:05.419+0000] {logging_mixin.py:188} INFO - 2
[2025-10-03T13:02:05.428+0000] {logging_mixin.py:188} INFO - 3
[2025-10-03T13:02:05.431+0000] {logging_mixin.py:188} INFO - 4
[2025-10-03T13:02:05.432+0000] {logging_mixin.py:188} INFO - 5
[2025-10-03T13:02:05.433+0000] {logging_mixin.py:188} INFO - 6
[2025-10-03T13:02:05.438+0000] {logging_mixin.py:188} INFO - 7
[2025-10-03T13:02:05.440+0000] {logging_mixin.py:188} INFO - 8
[2025-10-03T13:02:05.441+0000] {logging_mixin.py:188} INFO - 9
[2025-10-03T13:02:05.443+0000] {python.py:237} INFO - Done. Returned value was: None
[2025-10-03T13:02:05.445+0000] {taskinstance.py:441} INFO - ::group::Post task execution logs
[2025-10-03T13:02:05.519+0000] {taskinstance.py:1206} INFO - Marking task as SUCCESS. dag_id=dag_three, task_id=loop, run_id=scheduled__2025-10-03T13:01:00+00:00, execution_date=20251003T130100, start_date=20251003T130204, end_date=20251003T130205
[2025-10-03T13:02:05.574+0000] {local_task_job_runner.py:240} INFO - Task exited with return code 0
[2025-10-03T13:02:05.625+0000] {taskinstance.py:3503} INFO - 0 downstream tasks scheduled from follow-on schedule check
[2025-10-03T13:02:05.638+0000] {local_task_job_runner.py:222} INFO - ::endgroup::
