[2025-10-03T12:36:04.987+0000] {local_task_job_runner.py:120} INFO - ::group::Pre task execution logs
[2025-10-03T12:36:05.075+0000] {taskinstance.py:2076} INFO - Dependencies all met for dep_context=non-requeueable deps ti=<TaskInstance: dag_three.loop scheduled__2025-10-03T12:35:00+00:00 [queued]>
[2025-10-03T12:36:05.130+0000] {taskinstance.py:2076} INFO - Dependencies all met for dep_context=requeueable deps ti=<TaskInstance: dag_three.loop scheduled__2025-10-03T12:35:00+00:00 [queued]>
[2025-10-03T12:36:05.191+0000] {taskinstance.py:2306} INFO - Starting attempt 1 of 1
[2025-10-03T12:36:05.250+0000] {taskinstance.py:2330} INFO - Executing <Task(PythonOperator): loop> on 2025-10-03 12:35:00+00:00
[2025-10-03T12:36:05.287+0000] {warnings.py:112} WARNING - /home/***/.local/lib/python3.12/site-packages/***/task/task_runner/standard_task_runner.py:61: DeprecationWarning: This process (pid=239) is multi-threaded, use of fork() may lead to deadlocks in the child.
  pid = os.fork()

[2025-10-03T12:36:05.292+0000] {standard_task_runner.py:63} INFO - Started process 245 to run task
[2025-10-03T12:36:05.289+0000] {standard_task_runner.py:90} INFO - Running: ['***', 'tasks', 'run', 'dag_three', 'loop', 'scheduled__2025-10-03T12:35:00+00:00', '--job-id', '51', '--raw', '--subdir', 'DAGS_FOLDER/dag_three.py', '--cfg-path', '/tmp/tmp4mq5td08']
[2025-10-03T12:36:05.307+0000] {standard_task_runner.py:91} INFO - Job 51: Subtask loop
[2025-10-03T12:36:05.368+0000] {warnings.py:112} WARNING - /home/***/.local/lib/python3.12/site-packages/***/settings.py:195: DeprecationWarning: The sql_alchemy_conn option in [core] has been moved to the sql_alchemy_conn option in [database] - the old setting has been used, but please update your config.
  SQL_ALCHEMY_CONN = conf.get("database", "SQL_ALCHEMY_CONN")

[2025-10-03T12:36:05.611+0000] {task_command.py:426} INFO - Running <TaskInstance: dag_three.loop scheduled__2025-10-03T12:35:00+00:00 [running]> on host 7aff8d0a020c
[2025-10-03T12:36:06.188+0000] {taskinstance.py:2648} INFO - Exporting env vars: AIRFLOW_CTX_DAG_OWNER='***' AIRFLOW_CTX_DAG_ID='dag_three' AIRFLOW_CTX_TASK_ID='loop' AIRFLOW_CTX_EXECUTION_DATE='2025-10-03T12:35:00+00:00' AIRFLOW_CTX_TRY_NUMBER='1' AIRFLOW_CTX_DAG_RUN_ID='scheduled__2025-10-03T12:35:00+00:00'
[2025-10-03T12:36:06.232+0000] {taskinstance.py:430} INFO - ::endgroup::
[2025-10-03T12:36:06.236+0000] {logging_mixin.py:188} INFO - 0
[2025-10-03T12:36:06.239+0000] {logging_mixin.py:188} INFO - 1
[2025-10-03T12:36:06.246+0000] {logging_mixin.py:188} INFO - 2
[2025-10-03T12:36:06.253+0000] {logging_mixin.py:188} INFO - 3
[2025-10-03T12:36:06.261+0000] {logging_mixin.py:188} INFO - 4
[2025-10-03T12:36:06.267+0000] {logging_mixin.py:188} INFO - 5
[2025-10-03T12:36:06.269+0000] {logging_mixin.py:188} INFO - 6
[2025-10-03T12:36:06.270+0000] {logging_mixin.py:188} INFO - 7
[2025-10-03T12:36:06.272+0000] {logging_mixin.py:188} INFO - 8
[2025-10-03T12:36:06.272+0000] {logging_mixin.py:188} INFO - 9
[2025-10-03T12:36:06.274+0000] {python.py:237} INFO - Done. Returned value was: None
[2025-10-03T12:36:06.276+0000] {taskinstance.py:441} INFO - ::group::Post task execution logs
[2025-10-03T12:36:06.310+0000] {taskinstance.py:1206} INFO - Marking task as SUCCESS. dag_id=dag_three, task_id=loop, run_id=scheduled__2025-10-03T12:35:00+00:00, execution_date=20251003T123500, start_date=20251003T123605, end_date=20251003T123606
[2025-10-03T12:36:06.409+0000] {local_task_job_runner.py:240} INFO - Task exited with return code 0
[2025-10-03T12:36:06.480+0000] {taskinstance.py:3503} INFO - 0 downstream tasks scheduled from follow-on schedule check
[2025-10-03T12:36:06.487+0000] {local_task_job_runner.py:222} INFO - ::endgroup::
